Wed Mar 13 22:42:13 2019
-----EXPERIMENT  1  START-----
Percent of test data included in training:  0
Training Data:  ['../dataset/raw/pitsA.csv']
Average
Precision | Recall | F-Score
(0.5350750308751628, 0.35913312693498456, 0.4291651682724717, None)

By Severity
Precision | Recall | F-Score
(array([0.        , 0.08333333, 0.87704918, 0.33333333]),
 array([0.        , 0.04511278, 0.59116022, 0.33333333]),
 array([0.        , 0.05853659, 0.70627063, 0.33333333]),
 array([  0, 133, 181,   9]))
-----EXPERIMENT  1  END-------

-----EXPERIMENT  2  START-----
Percent of test data included in training:  0
Training Data:  ['../dataset/raw/pitsB.csv']
Average
Precision | Recall | F-Score
(0.7665568110483365, 0.7058823529411765, 0.7073700777617858, None)

By Severity
Precision | Recall | F-Score
(array([0.        , 0.61375661, 0.89830508, 0.375     ]),
 array([0.        , 0.87218045, 0.58563536, 0.66666667]),
 array([0.        , 0.72049689, 0.7090301 , 0.48      ]),
 array([  0, 133, 181,   9]))
-----EXPERIMENT  2  END-------

-----EXPERIMENT  3  START-----
Percent of test data included in training:  0
Training Data:  ['../dataset/raw/pitsC.csv']
Average
Precision | Recall | F-Score
(0.9848471056867193, 0.9845201238390093, 0.9841904598096549, None)

By Severity
Precision | Recall | F-Score
(array([0.        , 0.97080292, 0.99441341, 1.        ]),
 array([0.        , 1.        , 0.98342541, 0.77777778]),
 array([0.        , 0.98518519, 0.98888889, 0.875     ]),
 array([  0, 133, 181,   9]))
-----EXPERIMENT  3  END-------

-----EXPERIMENT  4  START-----
Percent of test data included in training:  0
Training Data:  ['../dataset/raw/pitsD.csv']
Average
Precision | Recall | F-Score
(0.31031991744066045, 0.25386996904024767, 0.17161427602310975, None)

By Severity
Precision | Recall | F-Score
(array([0.        , 0.3       , 0.33333333, 0.        ]),
 array([0.        , 0.60902256, 0.00552486, 0.        ]),
 array([0.        , 0.40198511, 0.01086957, 0.        ]),
 array([  0, 133, 181,   9]))
-----EXPERIMENT  4  END-------

-----EXPERIMENT  5  START-----
Percent of test data included in training:  0
Training Data:  ['../dataset/raw/pitsE.csv']
Average
Precision | Recall | F-Score
(0.5474681337684434, 0.44272445820433437, 0.3369435002561938, None)

By Severity
Precision | Recall | F-Score
(array([0.        , 0.4222973 , 0.66666667, 0.        ]),
 array([0.        , 0.93984962, 0.09944751, 0.        ]),
 array([0.        , 0.58275058, 0.17307692, 0.        ]),
 array([  0, 133, 181,   9]))
-----EXPERIMENT  5  END-------

-----EXPERIMENT  6  START-----
Percent of test data included in training:  0
Training Data:  ['../dataset/raw/pitsF.csv']
Average
Precision | Recall | F-Score
(0.47693354548781147, 0.5201238390092879, 0.47264345546720943, None)

By Severity
Precision | Recall | F-Score
(array([0.        , 0.36666667, 0.58167331, 0.        ]),
 array([0.        , 0.16541353, 0.80662983, 0.        ]),
 array([0.        , 0.22797927, 0.67592593, 0.        ]),
 array([  0, 133, 181,   9]))
-----EXPERIMENT  6  END-------

-----EXPERIMENT  7  START-----
Percent of test data included in training:  0.2
Training Data:  ['../dataset/raw/pitsA.csv']
Average
Precision | Recall | F-Score
(0.7169118925875683, 0.4749034749034749, 0.444749742640426, None)

By Severity
Precision | Recall | F-Score
(array([0.        , 0.66666667, 0.81756757, 0.        ]),
 array([0.        , 0.01612903, 0.96031746, 0.        ]),
 array([0.        , 0.03149606, 0.88321168, 0.        ]),
 array([  0, 124, 126,   9]))
-----EXPERIMENT  7  END-------

-----EXPERIMENT  8  START-----
Percent of test data included in training:  0.2
Training Data:  ['../dataset/raw/pitsB.csv']
Average
Precision | Recall | F-Score
(0.8852964667075928, 0.8918918918918919, 0.8862573719716577, None)

By Severity
Precision | Recall | F-Score
(array([0.        , 0.92561983, 0.87313433, 0.5       ]),
 array([0.        , 0.90322581, 0.92857143, 0.22222222]),
 array([0.        , 0.91428571, 0.9       , 0.30769231]),
 array([  0, 124, 126,   9]))
-----EXPERIMENT  8  END-------

-----EXPERIMENT  9  START-----
Percent of test data included in training:  0.2
Training Data:  ['../dataset/raw/pitsC.csv']
Average
Precision | Recall | F-Score
(0.9732142857142857, 0.972972972972973, 0.9725815523059618, None)

By Severity
Precision | Recall | F-Score
(array([0.        , 0.97580645, 0.96875   , 1.        ]),
 array([0.        , 0.97580645, 0.98412698, 0.77777778]),
 array([0.        , 0.97580645, 0.97637795, 0.875     ]),
 array([  0, 124, 126,   9]))
-----EXPERIMENT  9  END-------

-----EXPERIMENT  10  START-----
Percent of test data included in training:  0.2
Training Data:  ['../dataset/raw/pitsD.csv']
Average
Precision | Recall | F-Score
(0.641399416909621, 0.6216216216216216, 0.583075933075933, None)

By Severity
Precision | Recall | F-Score
(array([0.        , 0.58163265, 0.74603175, 0.        ]),
 array([0.        , 0.91935484, 0.37301587, 0.        ]),
 array([0.       , 0.7125   , 0.4973545, 0.       ]),
 array([  0, 124, 126,   9]))
-----EXPERIMENT  10  END-------

-----EXPERIMENT  11  START-----
Percent of test data included in training:  0.2
Training Data:  ['../dataset/raw/pitsE.csv']
Average
Precision | Recall | F-Score
(0.5158434296365332, 0.5173745173745173, 0.4154623890248477, None)

By Severity
Precision | Recall | F-Score
(array([0.        , 0.51293103, 0.55555556, 0.        ]),
 array([0.        , 0.95967742, 0.11904762, 0.        ]),
 array([0.        , 0.66853933, 0.19607843, 0.        ]),
 array([  0, 124, 126,   9]))
-----EXPERIMENT  11  END-------

-----EXPERIMENT  12  START-----
Percent of test data included in training:  0.2
Training Data:  ['../dataset/raw/pitsF.csv']
Average
Precision | Recall | F-Score
(0.6719280263110758, 0.667953667953668, 0.6467387901510119, None)

By Severity
Precision | Recall | F-Score
(array([0.        , 0.63218391, 0.75903614, 0.        ]),
 array([0.        , 0.88709677, 0.5       , 0.        ]),
 array([0.        , 0.73825503, 0.60287081, 0.        ]),
 array([  0, 124, 126,   9]))
-----EXPERIMENT  12  END-------

-----EXPERIMENT  13  START-----
Percent of test data included in training:  0.5
Training Data:  ['../dataset/raw/pitsA.csv']
Average
Precision | Recall | F-Score
(0.6329253736661143, 0.5432098765432098, 0.543044433863808, None)

By Severity
Precision | Recall | F-Score
(array([0.        , 0.4040404 , 0.76190476, 0.        ]),
 array([0.        , 0.76923077, 0.44859813, 0.        ]),
 array([0.        , 0.52980132, 0.56470588, 0.        ]),
 array([  0,  52, 107,   3]))
-----EXPERIMENT  13  END-------

-----EXPERIMENT  14  START-----
Percent of test data included in training:  0.5
Training Data:  ['../dataset/raw/pitsB.csv']
Average
Precision | Recall | F-Score
(0.8646107540046934, 0.8703703703703703, 0.8607414941002534, None)

By Severity
Precision | Recall | F-Score
(array([0.        , 0.925     , 0.85950413, 0.        ]),
 array([0.        , 0.71153846, 0.97196262, 0.        ]),
 array([0.        , 0.80434783, 0.9122807 , 0.        ]),
 array([  0,  52, 107,   3]))
-----EXPERIMENT  14  END-------

-----EXPERIMENT  15  START-----
Percent of test data included in training:  0.5
Training Data:  ['../dataset/raw/pitsC.csv']
Average
Precision | Recall | F-Score
(0.9881115683584819, 0.9876543209876543, 0.9871390154733823, None)

By Severity
Precision | Recall | F-Score
(array([0.        , 0.96296296, 1.        , 1.        ]),
 array([0.        , 1.        , 0.99065421, 0.66666667]),
 array([0.        , 0.98113208, 0.99530516, 0.8       ]),
 array([  0,  52, 107,   3]))
-----EXPERIMENT  15  END-------

-----EXPERIMENT  16  START-----
Percent of test data included in training:  0.5
Training Data:  ['../dataset/raw/pitsD.csv']
Average
Precision | Recall | F-Score
(0.9084175084175083, 0.9259259259259259, 0.9170506912442395, None)

By Severity
Precision | Recall | F-Score
(array([0.        , 0.88461538, 0.94545455, 0.        ]),
 array([0.        , 0.88461538, 0.97196262, 0.        ]),
 array([0.        , 0.88461538, 0.95852535, 0.        ]),
 array([  0,  52, 107,   3]))
-----EXPERIMENT  16  END-------

-----EXPERIMENT  17  START-----
Percent of test data included in training:  0.5
Training Data:  ['../dataset/raw/pitsE.csv']
Average
Precision | Recall | F-Score
(0.2651715568382235, 0.30864197530864196, 0.17256017801958426, None)

By Severity
Precision | Recall | F-Score
(array([0.        , 0.31168831, 0.25      , 0.        ]),
 array([0.        , 0.92307692, 0.01869159, 0.        ]),
 array([0.        , 0.46601942, 0.03478261, 0.        ]),
 array([  0,  52, 107,   3]))
-----EXPERIMENT  17  END-------

-----EXPERIMENT  18  START-----
Percent of test data included in training:  0.5
Training Data:  ['../dataset/raw/pitsF.csv']
Average
Precision | Recall | F-Score
(0.8923393478949034, 0.9074074074074074, 0.8971816533027874, None)

By Severity
Precision | Recall | F-Score
(array([0.        , 0.93333333, 0.8974359 , 0.        ]),
 array([0.        , 0.80769231, 0.98130841, 0.        ]),
 array([0.        , 0.86597938, 0.9375    , 0.        ]),
 array([  0,  52, 107,   3]))
-----EXPERIMENT  18  END-------

-----EXPERIMENT  19  START-----
Percent of test data included in training:  0.8
Training Data:  ['../dataset/raw/pitsA.csv']
Average
Precision | Recall | F-Score
(0.9274274905422446, 0.9538461538461539, 0.939751157932976, None)

By Severity
Precision | Recall | F-Score
(array([0.        , 0.75      , 0.96721311, 0.        ]),
 array([0.        , 1.        , 0.98333333, 0.        ]),
 array([0.        , 0.85714286, 0.97520661, 0.        ]),
 array([ 0,  3, 60,  2]))
-----EXPERIMENT  19  END-------

-----EXPERIMENT  20  START-----
Percent of test data included in training:  0.8
Training Data:  ['../dataset/raw/pitsB.csv']
Average
Precision | Recall | F-Score
(0.8520710059171598, 0.9230769230769231, 0.8861538461538462, None)

By Severity
Precision | Recall | F-Score
(array([0.        , 0.        , 0.92307692, 0.        ]),
 array([0., 0., 1., 0.]),
 array([0.  , 0.  , 0.96, 0.  ]),
 array([ 0,  3, 60,  2]))
-----EXPERIMENT  20  END-------

-----EXPERIMENT  21  START-----
Percent of test data included in training:  0.8
Training Data:  ['../dataset/raw/pitsC.csv']
Average
Precision | Recall | F-Score
(1.0, 1.0, 1.0, None)

By Severity
Precision | Recall | F-Score
(array([0., 1., 1., 1.]),
 array([0., 1., 1., 1.]),
 array([0., 1., 1., 1.]),
 array([ 0,  3, 60,  2]))
-----EXPERIMENT  21  END-------

-----EXPERIMENT  22  START-----
Percent of test data included in training:  0.8
Training Data:  ['../dataset/raw/pitsD.csv']
Average
Precision | Recall | F-Score
(0.9507692307692307, 0.9692307692307692, 0.9576923076923077, None)

By Severity
Precision | Recall | F-Score
(array([0. , 0.6, 1. , 0. ]),
 array([0., 1., 1., 0.]),
 array([0.  , 0.75, 1.  , 0.  ]),
 array([ 0,  3, 60,  2]))
-----EXPERIMENT  22  END-------

-----EXPERIMENT  23  START-----
Percent of test data included in training:  0.8
Training Data:  ['../dataset/raw/pitsE.csv']
Average
Precision | Recall | F-Score
(0.6476923076923077, 0.09230769230769231, 0.09230769230769231, None)

By Severity
Precision | Recall | F-Score
(array([0.        , 0.03333333, 0.66666667, 1.        ]),
 array([0.        , 0.66666667, 0.03333333, 1.        ]),
 array([0.        , 0.06349206, 0.06349206, 1.        ]),
 array([ 0,  3, 60,  2]))
-----EXPERIMENT  23  END-------

-----EXPERIMENT  24  START-----
Percent of test data included in training:  0.8
Training Data:  ['../dataset/raw/pitsF.csv']
Average
Precision | Recall | F-Score
(0.8875457875457875, 0.9230769230769231, 0.9040150093808632, None)

By Severity
Precision | Recall | F-Score
(array([0.        , 0.5       , 0.93650794, 0.        ]),
 array([0.        , 0.33333333, 0.98333333, 0.        ]),
 array([0.        , 0.4       , 0.95934959, 0.        ]),
 array([ 0,  3, 60,  2]))
-----EXPERIMENT  24  END-------

-----EXPERIMENT  25  START-----
Percent of test data included in training:  0.95
Training Data:  ['../dataset/raw/pitsA.csv']
Average
Precision | Recall | F-Score
(0.7431372549019608, 0.8235294117647058, 0.777552400270453, None)

By Severity
Precision | Recall | F-Score
(array([0.        , 0.5       , 0.86666667, 0.        ]),
 array([0.        , 1.        , 0.92857143, 0.        ]),
 array([0.        , 0.66666667, 0.89655172, 0.        ]),
 array([ 0,  1, 14,  2]))
-----EXPERIMENT  25  END-------

-----EXPERIMENT  26  START-----
Percent of test data included in training:  0.95
Training Data:  ['../dataset/raw/pitsB.csv']
Average
Precision | Recall | F-Score
(0.6691176470588235, 0.7647058823529411, 0.7137254901960784, None)

By Severity
Precision | Recall | F-Score
(array([0.    , 0.    , 0.8125, 0.    ]),
 array([0.        , 0.        , 0.92857143, 0.        ]),
 array([0.        , 0.        , 0.86666667, 0.        ]),
 array([ 0,  1, 14,  2]))
-----EXPERIMENT  26  END-------

-----EXPERIMENT  27  START-----
Percent of test data included in training:  0.95
Training Data:  ['../dataset/raw/pitsC.csv']
Average
Precision | Recall | F-Score
(0.9450980392156862, 0.9411764705882353, 0.9323867478025694, None)

By Severity
Precision | Recall | F-Score
(array([0.        , 1.        , 0.93333333, 1.        ]),
 array([0. , 1. , 1. , 0.5]),
 array([0.        , 1.        , 0.96551724, 0.66666667]),
 array([ 0,  1, 14,  2]))
-----EXPERIMENT  27  END-------

-----EXPERIMENT  28  START-----
Percent of test data included in training:  0.95
Training Data:  ['../dataset/raw/pitsD.csv']
Average
Precision | Recall | F-Score
(0.7794117647058824, 0.8823529411764706, 0.8274509803921568, None)

By Severity
Precision | Recall | F-Score
(array([0.   , 1.   , 0.875, 0.   ]),
 array([0., 1., 1., 0.]),
 array([0.        , 1.        , 0.93333333, 0.        ]),
 array([ 0,  1, 14,  2]))
-----EXPERIMENT  28  END-------

-----EXPERIMENT  29  START-----
Percent of test data included in training:  0.95
Training Data:  ['../dataset/raw/pitsE.csv']
Average
Precision | Recall | F-Score
(0.7843137254901961, 0.8235294117647058, 0.7941176470588235, None)

By Severity
Precision | Recall | F-Score
(array([0.        , 0.33333333, 0.92857143, 0.        ]),
 array([0.        , 1.        , 0.92857143, 0.        ]),
 array([0.        , 0.5       , 0.92857143, 0.        ]),
 array([ 0,  1, 14,  2]))
-----EXPERIMENT  29  END-------

-----EXPERIMENT  30  START-----
Percent of test data included in training:  0.95
Training Data:  ['../dataset/raw/pitsF.csv']
Average
Precision | Recall | F-Score
(0.7431372549019608, 0.8235294117647058, 0.777552400270453, None)

By Severity
Precision | Recall | F-Score
(array([0.        , 0.5       , 0.86666667, 0.        ]),
 array([0.        , 1.        , 0.92857143, 0.        ]),
 array([0.        , 0.66666667, 0.89655172, 0.        ]),
 array([ 0,  1, 14,  2]))
-----EXPERIMENT  30  END-------

Wed Mar 13 23:05:23 2019
TOTAL RUNTIME:  1390.6092760562897 s

