Mon Mar 11 23:12:18 2019
-----EXPERIMENT  1  START-----
Percent of test data included in training:  0
Training Data:  ['../dataset/raw/pitsA.csv']
Average
Precision | Recall | F-Score
(0.5259426190254846, 0.35913312693498456, 0.42575929016483005, None)

By Severity
Precision | Recall | F-Score
(array([0.        , 0.08450704, 0.86290323, 0.27272727]),
 array([0.        , 0.04511278, 0.59116022, 0.33333333]),
 array([0.        , 0.05882353, 0.70163934, 0.3       ]),
 array([  0, 133, 181,   9]))
-----EXPERIMENT  1  END-------

-----EXPERIMENT  2  START-----
Percent of test data included in training:  0
Training Data:  ['../dataset/raw/pitsB.csv']
Average
Precision | Recall | F-Score
(0.8151989309884048, 0.8080495356037152, 0.8096471464690914, None)

By Severity
Precision | Recall | F-Score
(array([0.        , 0.75675676, 0.87878788, 0.4       ]),
 array([0.        , 0.84210526, 0.80110497, 0.44444444]),
 array([0.        , 0.79715302, 0.83815029, 0.42105263]),
 array([  0, 133, 181,   9]))
-----EXPERIMENT  2  END-------

-----EXPERIMENT  3  START-----
Percent of test data included in training:  0
Training Data:  ['../dataset/raw/pitsC.csv']
Average
Precision | Recall | F-Score
(0.978511638573558, 0.978328173374613, 0.978010489348921, None)

By Severity
Precision | Recall | F-Score
(array([0.        , 0.97037037, 0.98342541, 1.        ]),
 array([0.        , 0.98496241, 0.98342541, 0.77777778]),
 array([0.        , 0.97761194, 0.98342541, 0.875     ]),
 array([  0, 133, 181,   9]))
-----EXPERIMENT  3  END-------

-----EXPERIMENT  4  START-----
Percent of test data included in training:  0
Training Data:  ['../dataset/raw/pitsD.csv']
Average
Precision | Recall | F-Score
(0.16181168953204284, 0.38080495356037153, 0.22711685571089424, None)

By Severity
Precision | Recall | F-Score
(array([0.        , 0.39297125, 0.        , 0.        ]),
 array([0.        , 0.92481203, 0.        , 0.        ]),
 array([0.        , 0.55156951, 0.        , 0.        ]),
 array([  0, 133, 181,   9]))
-----EXPERIMENT  4  END-------

-----EXPERIMENT  5  START-----
Percent of test data included in training:  0
Training Data:  ['../dataset/raw/pitsE.csv']
Average
Precision | Recall | F-Score
(0.34904216130509363, 0.38390092879256965, 0.2538777398436689, None)

By Severity
Precision | Recall | F-Score
(array([0.        , 0.39403974, 0.33333333, 0.        ]),
 array([0.        , 0.89473684, 0.02762431, 0.        ]),
 array([0.        , 0.54712644, 0.05102041, 0.        ]),
 array([  0, 133, 181,   9]))
-----EXPERIMENT  5  END-------

-----EXPERIMENT  6  START-----
Percent of test data included in training:  0
Training Data:  ('../dataset/raw/pitsA.csv', '../dataset/raw/pitsB.csv')
Average
Precision | Recall | F-Score
(0.8615927395161485, 0.8142414860681114, 0.8330469399958199, None)

By Severity
Precision | Recall | F-Score
(array([0.        , 0.90833333, 0.86046512, 0.19354839]),
 array([0.        , 0.81954887, 0.81767956, 0.66666667]),
 array([0.        , 0.86166008, 0.83852691, 0.3       ]),
 array([  0, 133, 181,   9]))
-----EXPERIMENT  6  END-------

-----EXPERIMENT  7  START-----
Percent of test data included in training:  0
Training Data:  ('../dataset/raw/pitsA.csv', '../dataset/raw/pitsF.csv')
Average
Precision | Recall | F-Score
(0.7213146866925312, 0.5820433436532507, 0.5848864559271799, None)

By Severity
Precision | Recall | F-Score
(array([0.        , 0.52682927, 0.89156627, 0.17142857]),
 array([0.        , 0.81203008, 0.40883978, 0.66666667]),
 array([0.        , 0.63905325, 0.56060606, 0.27272727]),
 array([  0, 133, 181,   9]))
-----EXPERIMENT  7  END-------

-----EXPERIMENT  8  START-----
Percent of test data included in training:  0
Training Data:  ('../dataset/raw/pitsA.csv', '../dataset/raw/pitsD.csv')
Average
Precision | Recall | F-Score
(0.44328736279200676, 0.38390092879256965, 0.2399406040272913, None)

By Severity
Precision | Recall | F-Score
(array([0.       , 0.3961039, 0.5      , 0.       ]),
 array([0.        , 0.91729323, 0.01104972, 0.        ]),
 array([0.        , 0.55328798, 0.02162162, 0.        ]),
 array([  0, 133, 181,   9]))
-----EXPERIMENT  8  END-------

-----EXPERIMENT  9  START-----
Percent of test data included in training:  0
Training Data:  ('../dataset/raw/pitsA.csv', '../dataset/raw/pitsE.csv')
Average
Precision | Recall | F-Score
(0.2365882155745302, 0.39628482972136225, 0.2399080123434436, None)

By Severity
Precision | Recall | F-Score
(array([0.       , 0.4044586, 0.125    , 0.       ]),
 array([0.        , 0.95488722, 0.00552486, 0.        ]),
 array([0.        , 0.56823266, 0.01058201, 0.        ]),
 array([  0, 133, 181,   9]))
-----EXPERIMENT  9  END-------

-----EXPERIMENT  10  START-----
Percent of test data included in training:  0
Training Data:  ('../dataset/raw/pitsB.csv', '../dataset/raw/pitsF.csv')
Average
Precision | Recall | F-Score
(0.7188158223164199, 0.6594427244582043, 0.6548266286988749, None)

By Severity
Precision | Recall | F-Score
(array([0.        , 0.57920792, 0.85714286, 0.        ]),
 array([0.        , 0.87969925, 0.53038674, 0.        ]),
 array([0.        , 0.69850746, 0.6552901 , 0.        ]),
 array([  0, 133, 181,   9]))
-----EXPERIMENT  10  END-------

-----EXPERIMENT  11  START-----
Percent of test data included in training:  0
Training Data:  ('../dataset/raw/pitsB.csv', '../dataset/raw/pitsD.csv')
Average
Precision | Recall | F-Score
(0.3545943043113962, 0.4055727554179567, 0.24294679901891297, None)

By Severity
Precision | Recall | F-Score
(array([0.        , 0.40752351, 0.33333333, 0.        ]),
 array([0.        , 0.97744361, 0.00552486, 0.        ]),
 array([0.        , 0.57522124, 0.01086957, 0.        ]),
 array([  0, 133, 181,   9]))
-----EXPERIMENT  11  END-------

-----EXPERIMENT  12  START-----
Percent of test data included in training:  0
Training Data:  ('../dataset/raw/pitsB.csv', '../dataset/raw/pitsE.csv')
Average
Precision | Recall | F-Score
(0.6245246231801772, 0.47368421052631576, 0.3866324026753758, None)

By Severity
Precision | Recall | F-Score
(array([0.        , 0.43598616, 0.79411765, 0.        ]),
 array([0.        , 0.94736842, 0.14917127, 0.        ]),
 array([0.        , 0.5971564 , 0.25116279, 0.        ]),
 array([  0, 133, 181,   9]))
-----EXPERIMENT  12  END-------

-----EXPERIMENT  13  START-----
Percent of test data included in training:  0
Training Data:  ('../dataset/raw/pitsF.csv', '../dataset/raw/pitsD.csv')
Average
Precision | Recall | F-Score
(0.3569519456462645, 0.4117647058823529, 0.25172511860546826, None)

By Severity
Precision | Recall | F-Score
(array([0.        , 0.41324921, 0.33333333, 0.        ]),
 array([0.        , 0.98496241, 0.01104972, 0.        ]),
 array([0.        , 0.58222222, 0.02139037, 0.        ]),
 array([  0, 133, 181,   9]))
-----EXPERIMENT  13  END-------

-----EXPERIMENT  14  START-----
Percent of test data included in training:  0
Training Data:  ('../dataset/raw/pitsF.csv', '../dataset/raw/pitsE.csv')
Average
Precision | Recall | F-Score
(0.7626423742179846, 0.7708978328173375, 0.7601618726516063, None)

By Severity
Precision | Recall | F-Score
(array([0.        , 0.7005988 , 0.84615385, 0.        ]),
 array([0.        , 0.87969925, 0.72928177, 0.        ]),
 array([0.        , 0.78      , 0.78338279, 0.        ]),
 array([  0, 133, 181,   9]))
-----EXPERIMENT  14  END-------

-----EXPERIMENT  15  START-----
Percent of test data included in training:  0
Training Data:  ('../dataset/raw/pitsD.csv', '../dataset/raw/pitsE.csv')
Average
Precision | Recall | F-Score
(0.671435437746333, 0.5944272445820433, 0.5607562713154789, None)

By Severity
Precision | Recall | F-Score
(array([0.        , 0.5186722 , 0.81707317, 0.        ]),
 array([0.        , 0.93984962, 0.37016575, 0.        ]),
 array([0.       , 0.6684492, 0.5095057, 0.       ]),
 array([  0, 133, 181,   9]))
-----EXPERIMENT  15  END-------

-----EXPERIMENT  16  START-----
Percent of test data included in training:  0
Training Data:  ('../dataset/raw/pitsA.csv', '../dataset/raw/pitsB.csv', '../dataset/raw/pitsF.csv')
Average
Precision | Recall | F-Score
(0.7039021801598042, 0.6470588235294118, 0.656770670095988, None)

By Severity
Precision | Recall | F-Score
(array([0.        , 0.58682635, 0.8125    , 0.25      ]),
 array([0.        , 0.73684211, 0.57458564, 0.77777778]),
 array([0.        , 0.65333333, 0.67313916, 0.37837838]),
 array([  0, 133, 181,   9]))
-----EXPERIMENT  16  END-------

-----EXPERIMENT  17  START-----
Percent of test data included in training:  0
Training Data:  ('../dataset/raw/pitsA.csv', '../dataset/raw/pitsB.csv', '../dataset/raw/pitsD.csv')
Average
Precision | Recall | F-Score
(0.7472091107169854, 0.6501547987616099, 0.6338167063258536, None)

By Severity
Precision | Recall | F-Score
(array([0.        , 0.54347826, 0.93406593, 0.        ]),
 array([0.        , 0.93984962, 0.46961326, 0.        ]),
 array([0.        , 0.68870523, 0.625     , 0.        ]),
 array([  0, 133, 181,   9]))
-----EXPERIMENT  17  END-------

-----EXPERIMENT  18  START-----
Percent of test data included in training:  0
Training Data:  ('../dataset/raw/pitsA.csv', '../dataset/raw/pitsB.csv', '../dataset/raw/pitsE.csv')
Average
Precision | Recall | F-Score
(0.731914221241254, 0.6873065015479877, 0.6736865427110483, None)

By Severity
Precision | Recall | F-Score
(array([0.        , 0.58373206, 0.87719298, 0.        ]),
 array([0.        , 0.91729323, 0.55248619, 0.        ]),
 array([0.        , 0.71345029, 0.6779661 , 0.        ]),
 array([  0, 133, 181,   9]))
-----EXPERIMENT  18  END-------

-----EXPERIMENT  19  START-----
Percent of test data included in training:  0
Training Data:  ('../dataset/raw/pitsA.csv', '../dataset/raw/pitsF.csv', '../dataset/raw/pitsD.csv')
Average
Precision | Recall | F-Score
(0.17669575007036306, 0.4055727554179567, 0.24599488918374365, None)

By Severity
Precision | Recall | F-Score
(array([0.        , 0.41558442, 0.        , 0.2       ]),
 array([0.        , 0.96240602, 0.        , 0.33333333]),
 array([0.        , 0.58049887, 0.        , 0.25      ]),
 array([  0, 133, 181,   9]))
-----EXPERIMENT  19  END-------

-----EXPERIMENT  20  START-----
Percent of test data included in training:  0
Training Data:  ('../dataset/raw/pitsA.csv', '../dataset/raw/pitsF.csv', '../dataset/raw/pitsE.csv')
Average
Precision | Recall | F-Score
(0.2704987364430089, 0.39628482972136225, 0.2549581967840766, None)

By Severity
Precision | Recall | F-Score
(array([0.        , 0.41077441, 0.16666667, 0.28571429]),
 array([0.        , 0.91729323, 0.01104972, 0.44444444]),
 array([0.        , 0.56744186, 0.02072539, 0.34782609]),
 array([  0, 133, 181,   9]))
-----EXPERIMENT  20  END-------

-----EXPERIMENT  21  START-----
Percent of test data included in training:  0
Training Data:  ('../dataset/raw/pitsA.csv', '../dataset/raw/pitsD.csv', '../dataset/raw/pitsE.csv')
Average
Precision | Recall | F-Score
(0.23672198819130758, 0.37770897832817335, 0.2370606497826239, None)

By Severity
Precision | Recall | F-Score
(array([0.        , 0.39344262, 0.13333333, 0.        ]),
 array([0.        , 0.90225564, 0.01104972, 0.        ]),
 array([0.        , 0.54794521, 0.02040816, 0.        ]),
 array([  0, 133, 181,   9]))
-----EXPERIMENT  21  END-------

-----EXPERIMENT  22  START-----
Percent of test data included in training:  0
Training Data:  ('../dataset/raw/pitsB.csv', '../dataset/raw/pitsF.csv', '../dataset/raw/pitsD.csv')
Average
Precision | Recall | F-Score
(0.6268245686202343, 0.4582043343653251, 0.37119541539748396, None)

By Severity
Precision | Recall | F-Score
(array([0.        , 0.43356643, 0.8       , 0.        ]),
 array([0.        , 0.93233083, 0.13259669, 0.        ]),
 array([0.        , 0.59188544, 0.22748815, 0.        ]),
 array([  0, 133, 181,   9]))
-----EXPERIMENT  22  END-------

-----EXPERIMENT  23  START-----
Percent of test data included in training:  0
Training Data:  ('../dataset/raw/pitsB.csv', '../dataset/raw/pitsF.csv', '../dataset/raw/pitsE.csv')
Average
Precision | Recall | F-Score
(0.30125265816055286, 0.33126934984520123, 0.2206813911565149, None)

By Severity
Precision | Recall | F-Score
(array([0.        , 0.35763889, 0.27272727, 0.04166667]),
 array([0.        , 0.77443609, 0.01657459, 0.11111111]),
 array([0.        , 0.48931116, 0.03125   , 0.06060606]),
 array([  0, 133, 181,   9]))
-----EXPERIMENT  23  END-------

-----EXPERIMENT  24  START-----
Percent of test data included in training:  0
Training Data:  ('../dataset/raw/pitsB.csv', '../dataset/raw/pitsD.csv', '../dataset/raw/pitsE.csv')
Average
Precision | Recall | F-Score
(0.4589826217481193, 0.3281733746130031, 0.26175250424899926, None)

By Severity
Precision | Recall | F-Score
(array([0.        , 0.34328358, 0.56521739, 0.03225806]),
 array([0.        , 0.69172932, 0.0718232 , 0.11111111]),
 array([0.        , 0.45885287, 0.12745098, 0.05      ]),
 array([  0, 133, 181,   9]))
-----EXPERIMENT  24  END-------

-----EXPERIMENT  25  START-----
Percent of test data included in training:  0
Training Data:  ('../dataset/raw/pitsF.csv', '../dataset/raw/pitsD.csv', '../dataset/raw/pitsE.csv')
Average
Precision | Recall | F-Score
(0.7319841892761433, 0.7089783281733746, 0.7070836483999372, None)

By Severity
Precision | Recall | F-Score
(array([0.        , 0.62711864, 0.81560284, 0.6       ]),
 array([0.        , 0.83458647, 0.63535912, 0.33333333]),
 array([0.        , 0.71612903, 0.71428571, 0.42857143]),
 array([  0, 133, 181,   9]))
-----EXPERIMENT  25  END-------

-----EXPERIMENT  26  START-----
Percent of test data included in training:  0
Training Data:  ('../dataset/raw/pitsA.csv', '../dataset/raw/pitsB.csv', '../dataset/raw/pitsF.csv', '../dataset/raw/pitsD.csv')
Average
Precision | Recall | F-Score
(0.7536929241504915, 0.5603715170278638, 0.5265727503776332, None)

By Severity
Precision | Recall | F-Score
(array([0.        , 0.50813008, 0.96296296, 0.17391304]),
 array([0.        , 0.93984962, 0.28729282, 0.44444444]),
 array([0.        , 0.65963061, 0.44255319, 0.25      ]),
 array([  0, 133, 181,   9]))
-----EXPERIMENT  26  END-------

-----EXPERIMENT  27  START-----
Percent of test data included in training:  0
Training Data:  ('../dataset/raw/pitsA.csv', '../dataset/raw/pitsB.csv', '../dataset/raw/pitsF.csv', '../dataset/raw/pitsE.csv')
Average
Precision | Recall | F-Score
(0.6138978547746086, 0.4674922600619195, 0.3838585843833188, None)

By Severity
Precision | Recall | F-Score
(array([0.        , 0.43262411, 0.75      , 0.55555556]),
 array([0.        , 0.91729323, 0.13259669, 0.55555556]),
 array([0.        , 0.58795181, 0.22535211, 0.55555556]),
 array([  0, 133, 181,   9]))
-----EXPERIMENT  27  END-------

-----EXPERIMENT  28  START-----
Percent of test data included in training:  0
Training Data:  ('../dataset/raw/pitsA.csv', '../dataset/raw/pitsB.csv', '../dataset/raw/pitsD.csv', '../dataset/raw/pitsE.csv')
Average
Precision | Recall | F-Score
(0.6146941836611055, 0.49226006191950467, 0.448178080108748, None)

By Severity
Precision | Recall | F-Score
(array([0.        , 0.44230769, 0.77192982, 0.        ]),
 array([0.        , 0.86466165, 0.24309392, 0.        ]),
 array([0.        , 0.58524173, 0.3697479 , 0.        ]),
 array([  0, 133, 181,   9]))
-----EXPERIMENT  28  END-------

-----EXPERIMENT  29  START-----
Percent of test data included in training:  0
Training Data:  ('../dataset/raw/pitsA.csv', '../dataset/raw/pitsF.csv', '../dataset/raw/pitsD.csv', '../dataset/raw/pitsE.csv')
Average
Precision | Recall | F-Score
(0.7229401460722437, 0.6687306501547987, 0.663991741854592, None)

By Severity
Precision | Recall | F-Score
(array([0.        , 0.57711443, 0.8362069 , 0.6       ]),
 array([0.        , 0.87218045, 0.5359116 , 0.33333333]),
 array([0.        , 0.69461078, 0.65319865, 0.42857143]),
 array([  0, 133, 181,   9]))
-----EXPERIMENT  29  END-------

-----EXPERIMENT  30  START-----
Percent of test data included in training:  0
Training Data:  ('../dataset/raw/pitsB.csv', '../dataset/raw/pitsF.csv', '../dataset/raw/pitsD.csv', '../dataset/raw/pitsE.csv')
Average
Precision | Recall | F-Score
(0.3509667871210085, 0.3931888544891641, 0.24769064322592108, None)

By Severity
Precision | Recall | F-Score
(array([0.        , 0.39871383, 0.33333333, 0.        ]),
 array([0.        , 0.93233083, 0.01657459, 0.        ]),
 array([0.        , 0.55855856, 0.03157895, 0.        ]),
 array([  0, 133, 181,   9]))
-----EXPERIMENT  30  END-------

-----EXPERIMENT  31  START-----
Percent of test data included in training:  0
Training Data:  ('../dataset/raw/pitsA.csv', '../dataset/raw/pitsB.csv', '../dataset/raw/pitsF.csv', '../dataset/raw/pitsD.csv', '../dataset/raw/pitsE.csv')
Average
Precision | Recall | F-Score
(0.5989634361406122, 0.4148606811145511, 0.26125653396506415, None)

By Severity
Precision | Recall | F-Score
(array([0.        , 0.41139241, 0.75      , 0.33333333]),
 array([0.        , 0.97744361, 0.01657459, 0.11111111]),
 array([0.        , 0.57906459, 0.03243243, 0.16666667]),
 array([  0, 133, 181,   9]))
-----EXPERIMENT  31  END-------

-----EXPERIMENT  32  START-----
Percent of test data included in training:  0.2
Training Data:  ['../dataset/raw/pitsA.csv']
Average
Precision | Recall | F-Score
(0.5436564383932805, 0.4671814671814672, 0.42752793174817755, None)

By Severity
Precision | Recall | F-Score
(array([0.        , 0.33333333, 0.78947368, 0.        ]),
 array([0.        , 0.00806452, 0.95238095, 0.        ]),
 array([0.        , 0.01574803, 0.86330935, 0.        ]),
 array([  0, 124, 126,   9]))
-----EXPERIMENT  32  END-------

-----EXPERIMENT  33  START-----
Percent of test data included in training:  0.2
Training Data:  ['../dataset/raw/pitsB.csv']
Average
Precision | Recall | F-Score
(0.7427441121011572, 0.7258687258687259, 0.7107787968396363, None)

By Severity
Precision | Recall | F-Score
(array([0.        , 0.67647059, 0.8372093 , 0.33333333]),
 array([0.        , 0.92741935, 0.57142857, 0.11111111]),
 array([0.        , 0.78231293, 0.67924528, 0.16666667]),
 array([  0, 124, 126,   9]))
-----EXPERIMENT  33  END-------

-----EXPERIMENT  34  START-----
Percent of test data included in training:  0.2
Training Data:  ['../dataset/raw/pitsC.csv']
Average
Precision | Recall | F-Score
(0.9694753290973763, 0.9691119691119691, 0.9687370210278576, None)

By Severity
Precision | Recall | F-Score
(array([0.        , 0.96062992, 0.976     , 1.        ]),
 array([0.        , 0.98387097, 0.96825397, 0.77777778]),
 array([0.        , 0.97211155, 0.97211155, 0.875     ]),
 array([  0, 124, 126,   9]))
-----EXPERIMENT  34  END-------

-----EXPERIMENT  35  START-----
Percent of test data included in training:  0.2
Training Data:  ['../dataset/raw/pitsD.csv']
Average
Precision | Recall | F-Score
(0.6345909912559424, 0.61003861003861, 0.5661974922844488, None)

By Severity
Precision | Recall | F-Score
(array([0.        , 0.5721393 , 0.74137931, 0.        ]),
 array([0.        , 0.92741935, 0.34126984, 0.        ]),
 array([0.        , 0.70769231, 0.4673913 , 0.        ]),
 array([  0, 124, 126,   9]))
-----EXPERIMENT  35  END-------

-----EXPERIMENT  36  START-----
Percent of test data included in training:  0.2
Training Data:  ['../dataset/raw/pitsE.csv']
Average
Precision | Recall | F-Score
(0.6585496055061273, 0.6486486486486487, 0.6210011966941604, None)

By Severity
Precision | Recall | F-Score
(array([0.        , 0.60326087, 0.76      , 0.        ]),
 array([0.        , 0.89516129, 0.45238095, 0.        ]),
 array([0.        , 0.72077922, 0.56716418, 0.        ]),
 array([  0, 124, 126,   9]))
-----EXPERIMENT  36  END-------

-----EXPERIMENT  37  START-----
Percent of test data included in training:  0.2
Training Data:  ('../dataset/raw/pitsA.csv', '../dataset/raw/pitsB.csv')
Average
Precision | Recall | F-Score
(0.8553336741256204, 0.8764478764478765, 0.8613066213066213, None)

By Severity
Precision | Recall | F-Score
(array([0.        , 0.95454545, 0.81879195, 0.        ]),
 array([0.        , 0.84677419, 0.96825397, 0.        ]),
 array([0.        , 0.8974359 , 0.88727273, 0.        ]),
 array([  0, 124, 126,   9]))
-----EXPERIMENT  37  END-------

-----EXPERIMENT  38  START-----
Percent of test data included in training:  0.2
Training Data:  ('../dataset/raw/pitsA.csv', '../dataset/raw/pitsF.csv')
Average
Precision | Recall | F-Score
(0.5258903258903258, 0.49034749034749037, 0.40889715002322097, None)

By Severity
Precision | Recall | F-Score
(array([0.        , 0.49545455, 0.57692308, 0.23076923]),
 array([0.        , 0.87903226, 0.11904762, 0.33333333]),
 array([0.        , 0.63372093, 0.19736842, 0.27272727]),
 array([  0, 124, 126,   9]))
-----EXPERIMENT  38  END-------

-----EXPERIMENT  39  START-----
Percent of test data included in training:  0.2
Training Data:  ('../dataset/raw/pitsA.csv', '../dataset/raw/pitsD.csv')
Average
Precision | Recall | F-Score
(0.5528634782504751, 0.555984555984556, 0.5197222024328204, None)

By Severity
Precision | Recall | F-Score
(array([0.        , 0.54210526, 0.60294118, 0.        ]),
 array([0.        , 0.83064516, 0.32539683, 0.        ]),
 array([0.        , 0.65605096, 0.42268041, 0.        ]),
 array([  0, 124, 126,   9]))
-----EXPERIMENT  39  END-------

-----EXPERIMENT  40  START-----
Percent of test data included in training:  0.2
Training Data:  ('../dataset/raw/pitsA.csv', '../dataset/raw/pitsE.csv')
Average
Precision | Recall | F-Score
(0.6550651917740525, 0.6563706563706564, 0.6280539846650245, None)

By Severity
Precision | Recall | F-Score
(array([0.        , 0.62222222, 0.73417722, 0.        ]),
 array([0.        , 0.90322581, 0.46031746, 0.        ]),
 array([0.        , 0.73684211, 0.56585366, 0.        ]),
 array([  0, 124, 126,   9]))
-----EXPERIMENT  40  END-------

-----EXPERIMENT  41  START-----
Percent of test data included in training:  0.2
Training Data:  ('../dataset/raw/pitsB.csv', '../dataset/raw/pitsF.csv')
Average
Precision | Recall | F-Score
(0.5666971791591852, 0.4864864864864865, 0.43763284939755526, None)

By Severity
Precision | Recall | F-Score
(array([0.        , 0.57978723, 0.59259259, 0.02380952]),
 array([0.        , 0.87903226, 0.12698413, 0.11111111]),
 array([0.        , 0.69871795, 0.20915033, 0.03921569]),
 array([  0, 124, 126,   9]))
-----EXPERIMENT  41  END-------

-----EXPERIMENT  42  START-----
Percent of test data included in training:  0.2
Training Data:  ('../dataset/raw/pitsB.csv', '../dataset/raw/pitsD.csv')
Average
Precision | Recall | F-Score
(0.5251844779741776, 0.5173745173745173, 0.4151933888775994, None)

By Severity
Precision | Recall | F-Score
(array([0.        , 0.51072961, 0.57692308, 0.        ]),
 array([0.        , 0.95967742, 0.11904762, 0.        ]),
 array([0.        , 0.66666667, 0.19736842, 0.        ]),
 array([  0, 124, 126,   9]))
-----EXPERIMENT  42  END-------

-----EXPERIMENT  43  START-----
Percent of test data included in training:  0.2
Training Data:  ('../dataset/raw/pitsB.csv', '../dataset/raw/pitsE.csv')
Average
Precision | Recall | F-Score
(0.5014106419511825, 0.4942084942084942, 0.43893368678127787, None)

By Severity
Precision | Recall | F-Score
(array([0.        , 0.61621622, 0.42424242, 0.        ]),
 array([0.        , 0.91935484, 0.11111111, 0.        ]),
 array([0.        , 0.73786408, 0.17610063, 0.        ]),
 array([  0, 124, 126,   9]))
-----EXPERIMENT  43  END-------

-----EXPERIMENT  44  START-----
Percent of test data included in training:  0.2
Training Data:  ('../dataset/raw/pitsF.csv', '../dataset/raw/pitsD.csv')
Average
Precision | Recall | F-Score
(0.5271310003440173, 0.5173745173745173, 0.4279993579356637, None)

By Severity
Precision | Recall | F-Score
(array([0.        , 0.51101322, 0.58064516, 0.        ]),
 array([0.        , 0.93548387, 0.14285714, 0.        ]),
 array([0.        , 0.66096866, 0.22929936, 0.        ]),
 array([  0, 124, 126,   9]))
-----EXPERIMENT  44  END-------

-----EXPERIMENT  45  START-----
Percent of test data included in training:  0.2
Training Data:  ('../dataset/raw/pitsF.csv', '../dataset/raw/pitsE.csv')
Average
Precision | Recall | F-Score
(0.5202846015073088, 0.5173745173745173, 0.4233970607908285, None)

By Severity
Precision | Recall | F-Score
(array([0.        , 0.51091703, 0.56666667, 0.        ]),
 array([0.        , 0.94354839, 0.13492063, 0.        ]),
 array([0.        , 0.66288952, 0.21794872, 0.        ]),
 array([  0, 124, 126,   9]))
-----EXPERIMENT  45  END-------

-----EXPERIMENT  46  START-----
Percent of test data included in training:  0.2
Training Data:  ('../dataset/raw/pitsD.csv', '../dataset/raw/pitsE.csv')
Average
Precision | Recall | F-Score
(0.49027696972902457, 0.5135135135135135, 0.43267980575227055, None)

By Severity
Precision | Recall | F-Score
(array([0.        , 0.51598174, 0.5       , 0.        ]),
 array([0.        , 0.91129032, 0.15873016, 0.        ]),
 array([0.        , 0.65889213, 0.24096386, 0.        ]),
 array([  0, 124, 126,   9]))
-----EXPERIMENT  46  END-------

-----EXPERIMENT  47  START-----
Percent of test data included in training:  0.2
Training Data:  ('../dataset/raw/pitsA.csv', '../dataset/raw/pitsB.csv', '../dataset/raw/pitsF.csv')
Average
Precision | Recall | F-Score
(0.8632143593975655, 0.8803088803088803, 0.8715953307392996, None)

By Severity
Precision | Recall | F-Score
(array([0.        , 0.90322581, 0.88549618, 0.        ]),
 array([0.        , 0.90322581, 0.92063492, 0.        ]),
 array([0.        , 0.90322581, 0.90272374, 0.        ]),
 array([  0, 124, 126,   9]))
-----EXPERIMENT  47  END-------

-----EXPERIMENT  48  START-----
Percent of test data included in training:  0.2
Training Data:  ('../dataset/raw/pitsA.csv', '../dataset/raw/pitsB.csv', '../dataset/raw/pitsD.csv')
Average
Precision | Recall | F-Score
(0.8614012562669279, 0.8918918918918919, 0.8762245894776015, None)

By Severity
Precision | Recall | F-Score
(array([0.        , 0.912     , 0.87313433, 0.        ]),
 array([0.        , 0.91935484, 0.92857143, 0.        ]),
 array([0.        , 0.91566265, 0.9       , 0.        ]),
 array([  0, 124, 126,   9]))
-----EXPERIMENT  48  END-------

-----EXPERIMENT  49  START-----
Percent of test data included in training:  0.2
Training Data:  ('../dataset/raw/pitsA.csv', '../dataset/raw/pitsB.csv', '../dataset/raw/pitsE.csv')
Average
Precision | Recall | F-Score
(0.5860257716085937, 0.6023166023166023, 0.5832541001577634, None)

By Severity
Precision | Recall | F-Score
(array([0.        , 0.58895706, 0.625     , 0.        ]),
 array([0.        , 0.77419355, 0.47619048, 0.        ]),
 array([0.        , 0.66898955, 0.54054054, 0.        ]),
 array([  0, 124, 126,   9]))
-----EXPERIMENT  49  END-------

-----EXPERIMENT  50  START-----
Percent of test data included in training:  0.2
Training Data:  ('../dataset/raw/pitsA.csv', '../dataset/raw/pitsF.csv', '../dataset/raw/pitsD.csv')
Average
Precision | Recall | F-Score
(0.48945828945828945, 0.4749034749034749, 0.3924332775221968, None)

By Severity
Precision | Recall | F-Score
(array([0.        , 0.49545455, 0.51851852, 0.        ]),
 array([0.        , 0.87903226, 0.11111111, 0.        ]),
 array([0.        , 0.63372093, 0.18300654, 0.        ]),
 array([  0, 124, 126,   9]))
-----EXPERIMENT  50  END-------

-----EXPERIMENT  51  START-----
Percent of test data included in training:  0.2
Training Data:  ('../dataset/raw/pitsA.csv', '../dataset/raw/pitsF.csv', '../dataset/raw/pitsE.csv')
Average
Precision | Recall | F-Score
(0.5044453615882187, 0.5057915057915058, 0.4051958980053865, None)

By Severity
Precision | Recall | F-Score
(array([0.        , 0.50649351, 0.53846154, 0.        ]),
 array([0.        , 0.94354839, 0.11111111, 0.        ]),
 array([0.        , 0.65915493, 0.18421053, 0.        ]),
 array([  0, 124, 126,   9]))
-----EXPERIMENT  51  END-------

-----EXPERIMENT  52  START-----
Percent of test data included in training:  0.2
Training Data:  ('../dataset/raw/pitsA.csv', '../dataset/raw/pitsD.csv', '../dataset/raw/pitsE.csv')
Average
Precision | Recall | F-Score
(0.5681608366337431, 0.5521235521235521, 0.5024871721088605, None)

By Severity
Precision | Recall | F-Score
(array([0.        , 0.54187192, 0.63461538, 0.        ]),
 array([0.        , 0.88709677, 0.26190476, 0.        ]),
 array([0.        , 0.67278287, 0.37078652, 0.        ]),
 array([  0, 124, 126,   9]))
-----EXPERIMENT  52  END-------

-----EXPERIMENT  53  START-----
Percent of test data included in training:  0.2
Training Data:  ('../dataset/raw/pitsB.csv', '../dataset/raw/pitsF.csv', '../dataset/raw/pitsD.csv')
Average
Precision | Recall | F-Score
(0.5475635734256423, 0.5135135135135135, 0.41468049108498545, None)

By Severity
Precision | Recall | F-Score
(array([0.        , 0.50862069, 0.625     , 0.        ]),
 array([0.        , 0.9516129 , 0.11904762, 0.        ]),
 array([0.        , 0.66292135, 0.2       , 0.        ]),
 array([  0, 124, 126,   9]))
-----EXPERIMENT  53  END-------

-----EXPERIMENT  54  START-----
Percent of test data included in training:  0.2
Training Data:  ('../dataset/raw/pitsB.csv', '../dataset/raw/pitsF.csv', '../dataset/raw/pitsE.csv')
Average
Precision | Recall | F-Score
(0.5010545473100539, 0.5019305019305019, 0.41086541086541084, None)

By Severity
Precision | Recall | F-Score
(array([0.        , 0.50220264, 0.5       , 0.5       ]),
 array([0.        , 0.91935484, 0.11904762, 0.11111111]),
 array([0.        , 0.64957265, 0.19230769, 0.18181818]),
 array([  0, 124, 126,   9]))
-----EXPERIMENT  54  END-------

-----EXPERIMENT  55  START-----
Percent of test data included in training:  0.2
Training Data:  ('../dataset/raw/pitsB.csv', '../dataset/raw/pitsD.csv', '../dataset/raw/pitsE.csv')
Average
Precision | Recall | F-Score
(0.501073462956871, 0.5019305019305019, 0.41875472257316637, None)

By Severity
Precision | Recall | F-Score
(array([0.        , 0.50224215, 0.5       , 0.5       ]),
 array([0.        , 0.90322581, 0.13492063, 0.11111111]),
 array([0.        , 0.64553314, 0.2125    , 0.18181818]),
 array([  0, 124, 126,   9]))
-----EXPERIMENT  55  END-------

-----EXPERIMENT  56  START-----
Percent of test data included in training:  0.2
Training Data:  ('../dataset/raw/pitsF.csv', '../dataset/raw/pitsD.csv', '../dataset/raw/pitsE.csv')
Average
Precision | Recall | F-Score
(0.42637493586666886, 0.4749034749034749, 0.4001626358951595, None)

By Severity
Precision | Recall | F-Score
(array([0.        , 0.49295775, 0.39130435, 0.        ]),
 array([0.        , 0.84677419, 0.14285714, 0.        ]),
 array([0.        , 0.6231454 , 0.20930233, 0.        ]),
 array([  0, 124, 126,   9]))
-----EXPERIMENT  56  END-------

-----EXPERIMENT  57  START-----
Percent of test data included in training:  0.2
Training Data:  ('../dataset/raw/pitsA.csv', '../dataset/raw/pitsB.csv', '../dataset/raw/pitsF.csv', '../dataset/raw/pitsD.csv')
Average
Precision | Recall | F-Score
(0.548573251362951, 0.5173745173745173, 0.41647361647361647, None)

By Severity
Precision | Recall | F-Score
(array([0.        , 0.51072961, 0.625     , 0.        ]),
 array([0.        , 0.95967742, 0.11904762, 0.        ]),
 array([0.        , 0.66666667, 0.2       , 0.        ]),
 array([  0, 124, 126,   9]))
-----EXPERIMENT  57  END-------

-----EXPERIMENT  58  START-----
Percent of test data included in training:  0.2
Training Data:  ('../dataset/raw/pitsA.csv', '../dataset/raw/pitsB.csv', '../dataset/raw/pitsF.csv', '../dataset/raw/pitsE.csv')
Average
Precision | Recall | F-Score
(0.6069814366424535, 0.6061776061776062, 0.5827105783884159, None)

By Severity
Precision | Recall | F-Score
(array([0.       , 0.5819209, 0.675    , 0.       ]),
 array([0.        , 0.83064516, 0.42857143, 0.        ]),
 array([0.        , 0.68438538, 0.52427184, 0.        ]),
 array([  0, 124, 126,   9]))
-----EXPERIMENT  58  END-------

-----EXPERIMENT  59  START-----
Percent of test data included in training:  0.2
Training Data:  ('../dataset/raw/pitsA.csv', '../dataset/raw/pitsB.csv', '../dataset/raw/pitsD.csv', '../dataset/raw/pitsE.csv')
Average
Precision | Recall | F-Score
(0.4672531354884296, 0.4942084942084942, 0.40458452722063043, None)

By Severity
Precision | Recall | F-Score
(array([0.        , 0.49777778, 0.47058824, 0.        ]),
 array([0.        , 0.90322581, 0.12698413, 0.        ]),
 array([0.        , 0.64183381, 0.2       , 0.        ]),
 array([  0, 124, 126,   9]))
-----EXPERIMENT  59  END-------

-----EXPERIMENT  60  START-----
Percent of test data included in training:  0.2
Training Data:  ('../dataset/raw/pitsA.csv', '../dataset/raw/pitsF.csv', '../dataset/raw/pitsD.csv', '../dataset/raw/pitsE.csv')
Average
Precision | Recall | F-Score
(0.6370705697849893, 0.61003861003861, 0.5693611849414711, None)

By Severity
Precision | Recall | F-Score
(array([0.        , 0.57286432, 0.74576271, 0.        ]),
 array([0.        , 0.91935484, 0.34920635, 0.        ]),
 array([0.        , 0.70588235, 0.47567568, 0.        ]),
 array([  0, 124, 126,   9]))
-----EXPERIMENT  60  END-------

-----EXPERIMENT  61  START-----
Percent of test data included in training:  0.2
Training Data:  ('../dataset/raw/pitsB.csv', '../dataset/raw/pitsF.csv', '../dataset/raw/pitsD.csv', '../dataset/raw/pitsE.csv')
Average
Precision | Recall | F-Score
(0.5505668282264028, 0.525096525096525, 0.4200298985814306, None)

By Severity
Precision | Recall | F-Score
(array([0.        , 0.51489362, 0.625     , 0.        ]),
 array([0.        , 0.97580645, 0.11904762, 0.        ]),
 array([0.        , 0.67409471, 0.2       , 0.        ]),
 array([  0, 124, 126,   9]))
-----EXPERIMENT  61  END-------

-----EXPERIMENT  62  START-----
Percent of test data included in training:  0.2
Training Data:  ('../dataset/raw/pitsA.csv', '../dataset/raw/pitsB.csv', '../dataset/raw/pitsF.csv', '../dataset/raw/pitsD.csv', '../dataset/raw/pitsE.csv')
Average
Precision | Recall | F-Score
(0.5241748000368689, 0.5135135135135135, 0.41340026348896836, None)

By Severity
Precision | Recall | F-Score
(array([0.        , 0.50862069, 0.57692308, 0.        ]),
 array([0.        , 0.9516129 , 0.11904762, 0.        ]),
 array([0.        , 0.66292135, 0.19736842, 0.        ]),
 array([  0, 124, 126,   9]))
-----EXPERIMENT  62  END-------

-----EXPERIMENT  63  START-----
Percent of test data included in training:  0.5
Training Data:  ['../dataset/raw/pitsA.csv']
Average
Precision | Recall | F-Score
(0.6513377858733049, 0.5493827160493827, 0.5505894365543488, None)

By Severity
Precision | Recall | F-Score
(array([0.        , 0.41      , 0.78688525, 0.        ]),
 array([0.        , 0.78846154, 0.44859813, 0.        ]),
 array([0.        , 0.53947368, 0.57142857, 0.        ]),
 array([  0,  52, 107,   3]))
-----EXPERIMENT  63  END-------

-----EXPERIMENT  64  START-----
Percent of test data included in training:  0.5
Training Data:  ['../dataset/raw/pitsB.csv']
Average
Precision | Recall | F-Score
(0.22923976608187133, 0.2962962962962963, 0.16734012376713903, None)

By Severity
Precision | Recall | F-Score
(array([0.        , 0.30263158, 0.2       , 0.        ]),
 array([0.        , 0.88461538, 0.01869159, 0.        ]),
 array([0.        , 0.45098039, 0.03418803, 0.        ]),
 array([  0,  52, 107,   3]))
-----EXPERIMENT  64  END-------

-----EXPERIMENT  65  START-----
Percent of test data included in training:  0.5
Training Data:  ['../dataset/raw/pitsC.csv']
Average
Precision | Recall | F-Score
(0.993943629163755, 0.9938271604938271, 0.9932392710170488, None)

By Severity
Precision | Recall | F-Score
(array([0.        , 0.98113208, 1.        , 1.        ]),
 array([0.        , 1.        , 1.        , 0.66666667]),
 array([0.        , 0.99047619, 1.        , 0.8       ]),
 array([  0,  52, 107,   3]))
-----EXPERIMENT  65  END-------

-----EXPERIMENT  66  START-----
Percent of test data included in training:  0.5
Training Data:  ['../dataset/raw/pitsD.csv']
Average
Precision | Recall | F-Score
(0.8249086159884282, 0.808641975308642, 0.8071789864924463, None)

By Severity
Precision | Recall | F-Score
(array([0.        , 0.64788732, 0.93406593, 0.        ]),
 array([0.        , 0.88461538, 0.79439252, 0.        ]),
 array([0.        , 0.74796748, 0.85858586, 0.        ]),
 array([  0,  52, 107,   3]))
-----EXPERIMENT  66  END-------

-----EXPERIMENT  67  START-----
Percent of test data included in training:  0.5
Training Data:  ['../dataset/raw/pitsE.csv']
Average
Precision | Recall | F-Score
(0.34442119059698967, 0.30864197530864196, 0.20709960186021614, None)

By Severity
Precision | Recall | F-Score
(array([0.        , 0.30136986, 0.375     , 0.        ]),
 array([0.        , 0.84615385, 0.05607477, 0.        ]),
 array([0.        , 0.44444444, 0.09756098, 0.        ]),
 array([  0,  52, 107,   3]))
-----EXPERIMENT  67  END-------

-----EXPERIMENT  68  START-----
Percent of test data included in training:  0.5
Training Data:  ('../dataset/raw/pitsA.csv', '../dataset/raw/pitsB.csv')
Average
Precision | Recall | F-Score
(0.895439564441531, 0.9074074074074074, 0.9005162738496071, None)

By Severity
Precision | Recall | F-Score
(array([0.        , 0.89583333, 0.92035398, 0.        ]),
 array([0.        , 0.82692308, 0.97196262, 0.        ]),
 array([0.        , 0.86      , 0.94545455, 0.        ]),
 array([  0,  52, 107,   3]))
-----EXPERIMENT  68  END-------

-----EXPERIMENT  69  START-----
Percent of test data included in training:  0.5
Training Data:  ('../dataset/raw/pitsA.csv', '../dataset/raw/pitsF.csv')
Average
Precision | Recall | F-Score
(0.6993818367275159, 0.5432098765432098, 0.5463952946657349, None)

By Severity
Precision | Recall | F-Score
(array([0.        , 0.39814815, 0.86538462, 0.        ]),
 array([0.        , 0.82692308, 0.42056075, 0.        ]),
 array([0.        , 0.5375    , 0.56603774, 0.        ]),
 array([  0,  52, 107,   3]))
-----EXPERIMENT  69  END-------

-----EXPERIMENT  70  START-----
Percent of test data included in training:  0.5
Training Data:  ('../dataset/raw/pitsA.csv', '../dataset/raw/pitsD.csv')
Average
Precision | Recall | F-Score
(0.6711609270088803, 0.5432098765432098, 0.5473000100371374, None)

By Severity
Precision | Recall | F-Score
(array([0.        , 0.39423077, 0.8245614 , 0.        ]),
 array([0.        , 0.78846154, 0.43925234, 0.        ]),
 array([0.        , 0.52564103, 0.57317073, 0.        ]),
 array([  0,  52, 107,   3]))
-----EXPERIMENT  70  END-------

-----EXPERIMENT  71  START-----
Percent of test data included in training:  0.5
Training Data:  ('../dataset/raw/pitsA.csv', '../dataset/raw/pitsE.csv')
Average
Precision | Recall | F-Score
(0.7154657687991022, 0.5555555555555556, 0.5525023857439784, None)

By Severity
Precision | Recall | F-Score
(array([0.        , 0.41818182, 0.88      , 0.        ]),
 array([0.        , 0.88461538, 0.41121495, 0.        ]),
 array([0.        , 0.56790123, 0.56050955, 0.        ]),
 array([  0,  52, 107,   3]))
-----EXPERIMENT  71  END-------

-----EXPERIMENT  72  START-----
Percent of test data included in training:  0.5
Training Data:  ('../dataset/raw/pitsB.csv', '../dataset/raw/pitsF.csv')
Average
Precision | Recall | F-Score
(0.28796528357931866, 0.30246913580246915, 0.17108129801628255, None)

By Severity
Precision | Recall | F-Score
(array([0.        , 0.30921053, 0.28571429, 0.        ]),
 array([0.        , 0.90384615, 0.01869159, 0.        ]),
 array([0.        , 0.46078431, 0.03508772, 0.        ]),
 array([  0,  52, 107,   3]))
-----EXPERIMENT  72  END-------

-----EXPERIMENT  73  START-----
Percent of test data included in training:  0.5
Training Data:  ('../dataset/raw/pitsB.csv', '../dataset/raw/pitsD.csv')
Average
Precision | Recall | F-Score
(0.4379423868312757, 0.32098765432098764, 0.20272180427152445, None)

By Severity
Precision | Recall | F-Score
(array([0.        , 0.30666667, 0.5       , 0.5       ]),
 array([0.        , 0.88461538, 0.03738318, 0.66666667]),
 array([0.        , 0.45544554, 0.06956522, 0.57142857]),
 array([  0,  52, 107,   3]))
-----EXPERIMENT  73  END-------

-----EXPERIMENT  74  START-----
Percent of test data included in training:  0.5
Training Data:  ('../dataset/raw/pitsB.csv', '../dataset/raw/pitsE.csv')
Average
Precision | Recall | F-Score
(0.23370036703370037, 0.2962962962962963, 0.1622883597883598, None)

By Severity
Precision | Recall | F-Score
(array([0.        , 0.2972973 , 0.2       , 0.33333333]),
 array([0.        , 0.84615385, 0.00934579, 1.        ]),
 array([0.        , 0.44      , 0.01785714, 0.5       ]),
 array([  0,  52, 107,   3]))
-----EXPERIMENT  74  END-------

-----EXPERIMENT  75  START-----
Percent of test data included in training:  0.5
Training Data:  ('../dataset/raw/pitsF.csv', '../dataset/raw/pitsD.csv')
Average
Precision | Recall | F-Score
(0.4778224680185464, 0.345679012345679, 0.28898882351663235, None)

By Severity
Precision | Recall | F-Score
(array([0.        , 0.30147059, 0.57692308, 0.        ]),
 array([0.        , 0.78846154, 0.14018692, 0.        ]),
 array([0.        , 0.43617021, 0.22556391, 0.        ]),
 array([  0,  52, 107,   3]))
-----EXPERIMENT  75  END-------

-----EXPERIMENT  76  START-----
Percent of test data included in training:  0.5
Training Data:  ('../dataset/raw/pitsF.csv', '../dataset/raw/pitsE.csv')
Average
Precision | Recall | F-Score
(0.2540457123790457, 0.2716049382716049, 0.16490714804440296, None)

By Severity
Precision | Recall | F-Score
(array([0.        , 0.27702703, 0.25      , 0.        ]),
 array([0.        , 0.78846154, 0.02803738, 0.        ]),
 array([0.        , 0.41      , 0.05042017, 0.        ]),
 array([  0,  52, 107,   3]))
-----EXPERIMENT  76  END-------

-----EXPERIMENT  77  START-----
Percent of test data included in training:  0.5
Training Data:  ('../dataset/raw/pitsD.csv', '../dataset/raw/pitsE.csv')
Average
Precision | Recall | F-Score
(0.589190652215523, 0.42592592592592593, 0.3817346368454653, None)

By Severity
Precision | Recall | F-Score
(array([0.        , 0.35658915, 0.71875   , 0.        ]),
 array([0.        , 0.88461538, 0.21495327, 0.        ]),
 array([0.        , 0.50828729, 0.33093525, 0.        ]),
 array([  0,  52, 107,   3]))
-----EXPERIMENT  77  END-------

-----EXPERIMENT  78  START-----
Percent of test data included in training:  0.5
Training Data:  ('../dataset/raw/pitsA.csv', '../dataset/raw/pitsB.csv', '../dataset/raw/pitsF.csv')
Average
Precision | Recall | F-Score
(0.8498704465782655, 0.7901234567901234, 0.7991594431310742, None)

By Severity
Precision | Recall | F-Score
(array([0.        , 0.61538462, 0.98765432, 0.        ]),
 array([0.        , 0.92307692, 0.74766355, 0.        ]),
 array([0.        , 0.73846154, 0.85106383, 0.        ]),
 array([  0,  52, 107,   3]))
-----EXPERIMENT  78  END-------

-----EXPERIMENT  79  START-----
Percent of test data included in training:  0.5
Training Data:  ('../dataset/raw/pitsA.csv', '../dataset/raw/pitsB.csv', '../dataset/raw/pitsD.csv')
Average
Precision | Recall | F-Score
(0.8834678130511463, 0.9012345679012346, 0.8919230807492962, None)

By Severity
Precision | Recall | F-Score
(array([0.        , 0.86      , 0.91964286, 0.        ]),
 array([0.        , 0.82692308, 0.96261682, 0.        ]),
 array([0.        , 0.84313725, 0.94063927, 0.        ]),
 array([  0,  52, 107,   3]))
-----EXPERIMENT  79  END-------

-----EXPERIMENT  80  START-----
Percent of test data included in training:  0.5
Training Data:  ('../dataset/raw/pitsA.csv', '../dataset/raw/pitsB.csv', '../dataset/raw/pitsE.csv')
Average
Precision | Recall | F-Score
(0.6756217273013139, 0.41975308641975306, 0.39090254568052807, None)

By Severity
Precision | Recall | F-Score
(array([0.        , 0.34108527, 0.85714286, 0.        ]),
 array([0.        , 0.84615385, 0.22429907, 0.        ]),
 array([0.        , 0.48618785, 0.35555556, 0.        ]),
 array([  0,  52, 107,   3]))
-----EXPERIMENT  80  END-------

-----EXPERIMENT  81  START-----
Percent of test data included in training:  0.5
Training Data:  ('../dataset/raw/pitsA.csv', '../dataset/raw/pitsF.csv', '../dataset/raw/pitsD.csv')
Average
Precision | Recall | F-Score
(0.42885096425401437, 0.3148148148148148, 0.19313197962897502, None)

By Severity
Precision | Recall | F-Score
(array([0.        , 0.30718954, 0.5       , 0.        ]),
 array([0.        , 0.90384615, 0.03738318, 0.        ]),
 array([0.        , 0.45853659, 0.06956522, 0.        ]),
 array([  0,  52, 107,   3]))
-----EXPERIMENT  81  END-------

-----EXPERIMENT  82  START-----
Percent of test data included in training:  0.5
Training Data:  ('../dataset/raw/pitsA.csv', '../dataset/raw/pitsF.csv', '../dataset/raw/pitsE.csv')
Average
Precision | Recall | F-Score
(0.6666450983944578, 0.5370370370370371, 0.5315586419753087, None)

By Severity
Precision | Recall | F-Score
(array([0.        , 0.40740741, 0.81132075, 0.        ]),
 array([0.        , 0.84615385, 0.40186916, 0.        ]),
 array([0.    , 0.55  , 0.5375, 0.    ]),
 array([  0,  52, 107,   3]))
-----EXPERIMENT  82  END-------

-----EXPERIMENT  83  START-----
Percent of test data included in training:  0.5
Training Data:  ('../dataset/raw/pitsA.csv', '../dataset/raw/pitsD.csv', '../dataset/raw/pitsE.csv')
Average
Precision | Recall | F-Score
(0.2996373255176291, 0.2839506172839506, 0.19595605145403647, None)

By Severity
Precision | Recall | F-Score
(array([0.        , 0.28368794, 0.31578947, 0.        ]),
 array([0.        , 0.76923077, 0.05607477, 0.        ]),
 array([0.        , 0.41450777, 0.0952381 , 0.        ]),
 array([  0,  52, 107,   3]))
-----EXPERIMENT  83  END-------

-----EXPERIMENT  84  START-----
Percent of test data included in training:  0.5
Training Data:  ('../dataset/raw/pitsB.csv', '../dataset/raw/pitsF.csv', '../dataset/raw/pitsD.csv')
Average
Precision | Recall | F-Score
(0.20804606915718024, 0.2962962962962963, 0.15816025092308852, None)

By Severity
Precision | Recall | F-Score
(array([0.        , 0.30519481, 0.16666667, 0.        ]),
 array([0.        , 0.90384615, 0.00934579, 0.        ]),
 array([0.        , 0.45631068, 0.01769912, 0.        ]),
 array([  0,  52, 107,   3]))
-----EXPERIMENT  84  END-------

-----EXPERIMENT  85  START-----
Percent of test data included in training:  0.5
Training Data:  ('../dataset/raw/pitsB.csv', '../dataset/raw/pitsF.csv', '../dataset/raw/pitsE.csv')
Average
Precision | Recall | F-Score
(0.2617695473251029, 0.2839506172839506, 0.16492281388249244, None)

By Severity
Precision | Recall | F-Score
(array([0.        , 0.28666667, 0.25      , 0.25      ]),
 array([0.        , 0.82692308, 0.01869159, 0.33333333]),
 array([0.        , 0.42574257, 0.03478261, 0.28571429]),
 array([  0,  52, 107,   3]))
-----EXPERIMENT  85  END-------

-----EXPERIMENT  86  START-----
Percent of test data included in training:  0.5
Training Data:  ('../dataset/raw/pitsB.csv', '../dataset/raw/pitsD.csv', '../dataset/raw/pitsE.csv')
Average
Precision | Recall | F-Score
(0.26467026097827784, 0.30864197530864196, 0.161695028361695, None)

By Severity
Precision | Recall | F-Score
(array([0.        , 0.31012658, 0.25      , 0.        ]),
 array([0.        , 0.94230769, 0.00934579, 0.        ]),
 array([0.        , 0.46666667, 0.01801802, 0.        ]),
 array([  0,  52, 107,   3]))
-----EXPERIMENT  86  END-------

-----EXPERIMENT  87  START-----
Percent of test data included in training:  0.5
Training Data:  ('../dataset/raw/pitsF.csv', '../dataset/raw/pitsD.csv', '../dataset/raw/pitsE.csv')
Average
Precision | Recall | F-Score
(0.32086661825223917, 0.3148148148148148, 0.1844796436470112, None)

By Severity
Precision | Recall | F-Score
(array([0.        , 0.31372549, 0.33333333, 0.        ]),
 array([0.        , 0.92307692, 0.02803738, 0.        ]),
 array([0.        , 0.46829268, 0.05172414, 0.        ]),
 array([  0,  52, 107,   3]))
-----EXPERIMENT  87  END-------

-----EXPERIMENT  88  START-----
Percent of test data included in training:  0.5
Training Data:  ('../dataset/raw/pitsA.csv', '../dataset/raw/pitsB.csv', '../dataset/raw/pitsF.csv', '../dataset/raw/pitsD.csv')
Average
Precision | Recall | F-Score
(0.43256172839506174, 0.32098765432098764, 0.16655660911618445, None)

By Severity
Precision | Recall | F-Score
(array([0.     , 0.31875, 0.5    , 0.     ]),
 array([0.        , 0.98076923, 0.00934579, 0.        ]),
 array([0.        , 0.48113208, 0.01834862, 0.        ]),
 array([  0,  52, 107,   3]))
-----EXPERIMENT  88  END-------

-----EXPERIMENT  89  START-----
Percent of test data included in training:  0.5
Training Data:  ('../dataset/raw/pitsA.csv', '../dataset/raw/pitsB.csv', '../dataset/raw/pitsF.csv', '../dataset/raw/pitsE.csv')
Average
Precision | Recall | F-Score
(0.3728594185583433, 0.3148148148148148, 0.17986031234823505, None)

By Severity
Precision | Recall | F-Score
(array([0.        , 0.30967742, 0.4       , 0.5       ]),
 array([0.        , 0.92307692, 0.01869159, 0.33333333]),
 array([0.        , 0.46376812, 0.03571429, 0.4       ]),
 array([  0,  52, 107,   3]))
-----EXPERIMENT  89  END-------

-----EXPERIMENT  90  START-----
Percent of test data included in training:  0.5
Training Data:  ('../dataset/raw/pitsA.csv', '../dataset/raw/pitsB.csv', '../dataset/raw/pitsD.csv', '../dataset/raw/pitsE.csv')
Average
Precision | Recall | F-Score
(0.6138257772244701, 0.4506172839506173, 0.43762595097681495, None)

By Severity
Precision | Recall | F-Score
(array([0.        , 0.34453782, 0.76190476, 0.        ]),
 array([0.        , 0.78846154, 0.29906542, 0.        ]),
 array([0.        , 0.47953216, 0.4295302 , 0.        ]),
 array([  0,  52, 107,   3]))
-----EXPERIMENT  90  END-------

-----EXPERIMENT  91  START-----
Percent of test data included in training:  0.5
Training Data:  ('../dataset/raw/pitsA.csv', '../dataset/raw/pitsF.csv', '../dataset/raw/pitsD.csv', '../dataset/raw/pitsE.csv')
Average
Precision | Recall | F-Score
(0.3483871943839264, 0.3148148148148148, 0.1847767173323907, None)

By Severity
Precision | Recall | F-Score
(array([0.        , 0.31372549, 0.375     , 0.        ]),
 array([0.        , 0.92307692, 0.02803738, 0.        ]),
 array([0.        , 0.46829268, 0.05217391, 0.        ]),
 array([  0,  52, 107,   3]))
-----EXPERIMENT  91  END-------

-----EXPERIMENT  92  START-----
Percent of test data included in training:  0.5
Training Data:  ('../dataset/raw/pitsB.csv', '../dataset/raw/pitsF.csv', '../dataset/raw/pitsD.csv', '../dataset/raw/pitsE.csv')
Average
Precision | Recall | F-Score
(0.21149686712600624, 0.2777777777777778, 0.15837453885379074, None)

By Severity
Precision | Recall | F-Score
(array([0.        , 0.28476821, 0.18181818, 0.        ]),
 array([0.        , 0.82692308, 0.01869159, 0.        ]),
 array([0.        , 0.42364532, 0.03389831, 0.        ]),
 array([  0,  52, 107,   3]))
-----EXPERIMENT  92  END-------

-----EXPERIMENT  93  START-----
Percent of test data included in training:  0.5
Training Data:  ('../dataset/raw/pitsA.csv', '../dataset/raw/pitsB.csv', '../dataset/raw/pitsF.csv', '../dataset/raw/pitsD.csv', '../dataset/raw/pitsE.csv')
Average
Precision | Recall | F-Score
(0.32312291326966375, 0.32098765432098764, 0.16717836607252087, None)

By Severity
Precision | Recall | F-Score
(array([0.        , 0.32075472, 0.33333333, 0.        ]),
 array([0.        , 0.98076923, 0.00934579, 0.        ]),
 array([0.        , 0.48341232, 0.01818182, 0.        ]),
 array([  0,  52, 107,   3]))
-----EXPERIMENT  93  END-------

-----EXPERIMENT  94  START-----
Percent of test data included in training:  0.8
Training Data:  ['../dataset/raw/pitsA.csv']
Average
Precision | Recall | F-Score
(0.9252747252747252, 0.9538461538461539, 0.9374859287054408, None)

By Severity
Precision | Recall | F-Score
(array([0.        , 1.        , 0.95238095, 0.        ]),
 array([0.        , 0.66666667, 1.        , 0.        ]),
 array([0.        , 0.8       , 0.97560976, 0.        ]),
 array([ 0,  3, 60,  2]))
-----EXPERIMENT  94  END-------

-----EXPERIMENT  95  START-----
Percent of test data included in training:  0.8
Training Data:  ['../dataset/raw/pitsB.csv']
Average
Precision | Recall | F-Score
(0.8509615384615384, 0.9076923076923077, 0.8784119106699751, None)

By Severity
Precision | Recall | F-Score
(array([0.      , 0.      , 0.921875, 0.      ]),
 array([0.        , 0.        , 0.98333333, 0.        ]),
 array([0.       , 0.       , 0.9516129, 0.       ]),
 array([ 0,  3, 60,  2]))
-----EXPERIMENT  95  END-------

-----EXPERIMENT  96  START-----
Percent of test data included in training:  0.8
Training Data:  ['../dataset/raw/pitsC.csv']
Average
Precision | Recall | F-Score
(1.0, 1.0, 1.0, None)

By Severity
Precision | Recall | F-Score
(array([0., 1., 1., 1.]),
 array([0., 1., 1., 1.]),
 array([0., 1., 1., 1.]),
 array([ 0,  3, 60,  2]))
-----EXPERIMENT  96  END-------

-----EXPERIMENT  97  START-----
Percent of test data included in training:  0.8
Training Data:  ['../dataset/raw/pitsD.csv']
Average
Precision | Recall | F-Score
(0.9507692307692307, 0.9692307692307692, 0.9576923076923077, None)

By Severity
Precision | Recall | F-Score
(array([0. , 0.6, 1. , 0. ]),
 array([0., 1., 1., 0.]),
 array([0.  , 0.75, 1.  , 0.  ]),
 array([ 0,  3, 60,  2]))
-----EXPERIMENT  97  END-------

-----EXPERIMENT  98  START-----
Percent of test data included in training:  0.8
Training Data:  ['../dataset/raw/pitsE.csv']
Average
Precision | Recall | F-Score
(0.5854111405835544, 0.09230769230769231, 0.1174895722184499, None)

By Severity
Precision | Recall | F-Score
(array([0.        , 0.01724138, 0.6       , 1.        ]),
 array([0.        , 0.33333333, 0.05      , 1.        ]),
 array([0.        , 0.03278689, 0.09230769, 1.        ]),
 array([ 0,  3, 60,  2]))
-----EXPERIMENT  98  END-------

-----EXPERIMENT  99  START-----
Percent of test data included in training:  0.8
Training Data:  ('../dataset/raw/pitsA.csv', '../dataset/raw/pitsB.csv')
Average
Precision | Recall | F-Score
(0.8520710059171598, 0.9230769230769231, 0.8861538461538462, None)

By Severity
Precision | Recall | F-Score
(array([0.        , 0.        , 0.92307692, 0.        ]),
 array([0., 0., 1., 0.]),
 array([0.  , 0.  , 0.96, 0.  ]),
 array([ 0,  3, 60,  2]))
-----EXPERIMENT  99  END-------

-----EXPERIMENT  100  START-----
Percent of test data included in training:  0.8
Training Data:  ('../dataset/raw/pitsA.csv', '../dataset/raw/pitsF.csv')
Average
Precision | Recall | F-Score
(0.9107692307692308, 0.9230769230769231, 0.9153846153846154, None)

By Severity
Precision | Recall | F-Score
(array([0.        , 0.4       , 0.96666667, 0.        ]),
 array([0.        , 0.66666667, 0.96666667, 0.        ]),
 array([0.        , 0.5       , 0.96666667, 0.        ]),
 array([ 0,  3, 60,  2]))
-----EXPERIMENT  100  END-------

-----EXPERIMENT  101  START-----
Percent of test data included in training:  0.8
Training Data:  ('../dataset/raw/pitsA.csv', '../dataset/raw/pitsD.csv')
Average
Precision | Recall | F-Score
(0.8875457875457875, 0.9230769230769231, 0.9040150093808632, None)

By Severity
Precision | Recall | F-Score
(array([0.        , 0.5       , 0.93650794, 0.        ]),
 array([0.        , 0.33333333, 0.98333333, 0.        ]),
 array([0.        , 0.4       , 0.95934959, 0.        ]),
 array([ 0,  3, 60,  2]))
-----EXPERIMENT  101  END-------

-----EXPERIMENT  102  START-----
Percent of test data included in training:  0.8
Training Data:  ('../dataset/raw/pitsA.csv', '../dataset/raw/pitsE.csv')
Average
Precision | Recall | F-Score
(0.8875457875457875, 0.9230769230769231, 0.9040150093808632, None)

By Severity
Precision | Recall | F-Score
(array([0.        , 0.5       , 0.93650794, 0.        ]),
 array([0.        , 0.33333333, 0.98333333, 0.        ]),
 array([0.        , 0.4       , 0.95934959, 0.        ]),
 array([ 0,  3, 60,  2]))
-----EXPERIMENT  102  END-------

-----EXPERIMENT  103  START-----
Percent of test data included in training:  0.8
Training Data:  ('../dataset/raw/pitsB.csv', '../dataset/raw/pitsF.csv')
Average
Precision | Recall | F-Score
(0.9133249264396806, 0.9384615384615385, 0.9248061029879211, None)

By Severity
Precision | Recall | F-Score
(array([0.        , 0.        , 0.96721311, 0.66666667]),
 array([0.        , 0.        , 0.98333333, 1.        ]),
 array([0.        , 0.        , 0.97520661, 0.8       ]),
 array([ 0,  3, 60,  2]))
-----EXPERIMENT  103  END-------

-----EXPERIMENT  104  START-----
Percent of test data included in training:  0.8
Training Data:  ('../dataset/raw/pitsB.csv', '../dataset/raw/pitsD.csv')
Average
Precision | Recall | F-Score
(0.9394540942928039, 0.9692307692307692, 0.9540983606557377, None)

By Severity
Precision | Recall | F-Score
(array([0.        , 1.        , 0.96774194, 0.        ]),
 array([0., 1., 1., 0.]),
 array([0.        , 1.        , 0.98360656, 0.        ]),
 array([ 0,  3, 60,  2]))
-----EXPERIMENT  104  END-------

-----EXPERIMENT  105  START-----
Percent of test data included in training:  0.8
Training Data:  ('../dataset/raw/pitsB.csv', '../dataset/raw/pitsE.csv')
Average
Precision | Recall | F-Score
(0.9115384615384615, 0.9384615384615385, 0.9163771712158809, None)

By Severity
Precision | Recall | F-Score
(array([0.    , 1.    , 0.9375, 0.    ]),
 array([0.        , 0.33333333, 1.        , 0.        ]),
 array([0.        , 0.5       , 0.96774194, 0.        ]),
 array([ 0,  3, 60,  2]))
-----EXPERIMENT  105  END-------

-----EXPERIMENT  106  START-----
Percent of test data included in training:  0.8
Training Data:  ('../dataset/raw/pitsF.csv', '../dataset/raw/pitsD.csv')
Average
Precision | Recall | F-Score
(0.9015384615384615, 0.9076923076923077, 0.9038461538461539, None)

By Severity
Precision | Recall | F-Score
(array([0.        , 0.2       , 0.96666667, 0.        ]),
 array([0.        , 0.33333333, 0.96666667, 0.        ]),
 array([0.        , 0.25      , 0.96666667, 0.        ]),
 array([ 0,  3, 60,  2]))
-----EXPERIMENT  106  END-------

-----EXPERIMENT  107  START-----
Percent of test data included in training:  0.8
Training Data:  ('../dataset/raw/pitsF.csv', '../dataset/raw/pitsE.csv')
Average
Precision | Recall | F-Score
(0.9307692307692308, 0.7692307692307693, 0.8241142035534559, None)

By Severity
Precision | Recall | F-Score
(array([0.        , 0.16666667, 1.        , 0.        ]),
 array([0.        , 1.        , 0.78333333, 0.        ]),
 array([0.        , 0.28571429, 0.87850467, 0.        ]),
 array([ 0,  3, 60,  2]))
-----EXPERIMENT  107  END-------

-----EXPERIMENT  108  START-----
Percent of test data included in training:  0.8
Training Data:  ('../dataset/raw/pitsD.csv', '../dataset/raw/pitsE.csv')
Average
Precision | Recall | F-Score
(0.9428571428571428, 0.9384615384615385, 0.9351238591916557, None)

By Severity
Precision | Recall | F-Score
(array([0.        , 0.42857143, 1.        , 0.        ]),
 array([0.        , 1.        , 0.96666667, 0.        ]),
 array([0.        , 0.6       , 0.98305085, 0.        ]),
 array([ 0,  3, 60,  2]))
-----EXPERIMENT  108  END-------

-----EXPERIMENT  109  START-----
Percent of test data included in training:  0.8
Training Data:  ('../dataset/raw/pitsA.csv', '../dataset/raw/pitsB.csv', '../dataset/raw/pitsF.csv')
Average
Precision | Recall | F-Score
(0.8653846153846154, 0.9230769230769231, 0.8933002481389578, None)

By Severity
Precision | Recall | F-Score
(array([0.    , 0.    , 0.9375, 0.    ]),
 array([0., 0., 1., 0.]),
 array([0.        , 0.        , 0.96774194, 0.        ]),
 array([ 0,  3, 60,  2]))
-----EXPERIMENT  109  END-------

-----EXPERIMENT  110  START-----
Percent of test data included in training:  0.8
Training Data:  ('../dataset/raw/pitsA.csv', '../dataset/raw/pitsB.csv', '../dataset/raw/pitsD.csv')
Average
Precision | Recall | F-Score
(0.9394540942928039, 0.9692307692307692, 0.9540983606557377, None)

By Severity
Precision | Recall | F-Score
(array([0.        , 1.        , 0.96774194, 0.        ]),
 array([0., 1., 1., 0.]),
 array([0.        , 1.        , 0.98360656, 0.        ]),
 array([ 0,  3, 60,  2]))
-----EXPERIMENT  110  END-------

-----EXPERIMENT  111  START-----
Percent of test data included in training:  0.8
Training Data:  ('../dataset/raw/pitsA.csv', '../dataset/raw/pitsB.csv', '../dataset/raw/pitsE.csv')
Average
Precision | Recall | F-Score
(0.909181141439206, 0.9384615384615385, 0.9235813366960908, None)

By Severity
Precision | Recall | F-Score
(array([0.        , 0.66666667, 0.9516129 , 0.        ]),
 array([0.        , 0.66666667, 0.98333333, 0.        ]),
 array([0.        , 0.66666667, 0.96721311, 0.        ]),
 array([ 0,  3, 60,  2]))
-----EXPERIMENT  111  END-------

-----EXPERIMENT  112  START-----
Percent of test data included in training:  0.8
Training Data:  ('../dataset/raw/pitsA.csv', '../dataset/raw/pitsF.csv', '../dataset/raw/pitsD.csv')
Average
Precision | Recall | F-Score
(0.9199999999999999, 0.9384615384615385, 0.926923076923077, None)

By Severity
Precision | Recall | F-Score
(array([0.        , 0.6       , 0.96666667, 0.        ]),
 array([0.        , 1.        , 0.96666667, 0.        ]),
 array([0.        , 0.75      , 0.96666667, 0.        ]),
 array([ 0,  3, 60,  2]))
-----EXPERIMENT  112  END-------

-----EXPERIMENT  113  START-----
Percent of test data included in training:  0.8
Training Data:  ('../dataset/raw/pitsA.csv', '../dataset/raw/pitsF.csv', '../dataset/raw/pitsE.csv')
Average
Precision | Recall | F-Score
(0.8885183781735505, 0.8769230769230769, 0.8789569752281616, None)

By Severity
Precision | Recall | F-Score
(array([0.        , 0.28571429, 0.94827586, 0.        ]),
 array([0.        , 0.66666667, 0.91666667, 0.        ]),
 array([0.        , 0.4       , 0.93220339, 0.        ]),
 array([ 0,  3, 60,  2]))
-----EXPERIMENT  113  END-------

-----EXPERIMENT  114  START-----
Percent of test data included in training:  0.8
Training Data:  ('../dataset/raw/pitsA.csv', '../dataset/raw/pitsD.csv', '../dataset/raw/pitsE.csv')
Average
Precision | Recall | F-Score
(0.9148631029986962, 0.9230769230769231, 0.9150614091790563, None)

By Severity
Precision | Recall | F-Score
(array([0.        , 0.5       , 0.96610169, 0.        ]),
 array([0.  , 1.  , 0.95, 0.  ]),
 array([0.        , 0.66666667, 0.95798319, 0.        ]),
 array([ 0,  3, 60,  2]))
-----EXPERIMENT  114  END-------

-----EXPERIMENT  115  START-----
Percent of test data included in training:  0.8
Training Data:  ('../dataset/raw/pitsB.csv', '../dataset/raw/pitsF.csv', '../dataset/raw/pitsD.csv')
Average
Precision | Recall | F-Score
(0.9466582597730138, 0.9538461538461539, 0.9494214876033058, None)

By Severity
Precision | Recall | F-Score
(array([0.        , 0.5       , 0.96721311, 1.        ]),
 array([0.        , 0.33333333, 0.98333333, 1.        ]),
 array([0.        , 0.4       , 0.97520661, 1.        ]),
 array([ 0,  3, 60,  2]))
-----EXPERIMENT  115  END-------

-----EXPERIMENT  116  START-----
Percent of test data included in training:  0.8
Training Data:  ('../dataset/raw/pitsB.csv', '../dataset/raw/pitsF.csv', '../dataset/raw/pitsE.csv')
Average
Precision | Recall | F-Score
(0.6938461538461539, 0.07692307692307693, 0.08946886446886448, None)

By Severity
Precision | Recall | F-Score
(array([0.        , 0.03333333, 0.75      , 0.        ]),
 array([0.        , 0.66666667, 0.05      , 0.        ]),
 array([0.        , 0.06349206, 0.09375   , 0.        ]),
 array([ 0,  3, 60,  2]))
-----EXPERIMENT  116  END-------

-----EXPERIMENT  117  START-----
Percent of test data included in training:  0.8
Training Data:  ('../dataset/raw/pitsB.csv', '../dataset/raw/pitsD.csv', '../dataset/raw/pitsE.csv')
Average
Precision | Recall | F-Score
(0.8520710059171598, 0.9230769230769231, 0.8861538461538462, None)

By Severity
Precision | Recall | F-Score
(array([0.        , 0.        , 0.92307692, 0.        ]),
 array([0., 0., 1., 0.]),
 array([0.  , 0.  , 0.96, 0.  ]),
 array([ 0,  3, 60,  2]))
-----EXPERIMENT  117  END-------

-----EXPERIMENT  118  START-----
Percent of test data included in training:  0.8
Training Data:  ('../dataset/raw/pitsF.csv', '../dataset/raw/pitsD.csv', '../dataset/raw/pitsE.csv')
Average
Precision | Recall | F-Score
(0.8472795497185741, 0.35384615384615387, 0.48561438561438564, None)

By Severity
Precision | Recall | F-Score
(array([0.        , 0.02439024, 0.91666667, 0.        ]),
 array([0.        , 0.33333333, 0.36666667, 0.        ]),
 array([0.        , 0.04545455, 0.52380952, 0.        ]),
 array([ 0,  3, 60,  2]))
-----EXPERIMENT  118  END-------

-----EXPERIMENT  119  START-----
Percent of test data included in training:  0.8
Training Data:  ('../dataset/raw/pitsA.csv', '../dataset/raw/pitsB.csv', '../dataset/raw/pitsF.csv', '../dataset/raw/pitsD.csv')
Average
Precision | Recall | F-Score
(0.9461538461538461, 0.9538461538461539, 0.9460892049127343, None)

By Severity
Precision | Recall | F-Score
(array([0. , 0.5, 1. , 0. ]),
 array([0.        , 1.        , 0.98333333, 0.        ]),
 array([0.        , 0.66666667, 0.99159664, 0.        ]),
 array([ 0,  3, 60,  2]))
-----EXPERIMENT  119  END-------

-----EXPERIMENT  120  START-----
Percent of test data included in training:  0.8
Training Data:  ('../dataset/raw/pitsA.csv', '../dataset/raw/pitsB.csv', '../dataset/raw/pitsF.csv', '../dataset/raw/pitsE.csv')
Average
Precision | Recall | F-Score
(0.8520710059171598, 0.9230769230769231, 0.8861538461538462, None)

By Severity
Precision | Recall | F-Score
(array([0.        , 0.        , 0.92307692, 0.        ]),
 array([0., 0., 1., 0.]),
 array([0.  , 0.  , 0.96, 0.  ]),
 array([ 0,  3, 60,  2]))
-----EXPERIMENT  120  END-------

-----EXPERIMENT  121  START-----
Percent of test data included in training:  0.8
Training Data:  ('../dataset/raw/pitsA.csv', '../dataset/raw/pitsB.csv', '../dataset/raw/pitsD.csv', '../dataset/raw/pitsE.csv')
Average
Precision | Recall | F-Score
(0.8875457875457875, 0.9230769230769231, 0.9040150093808632, None)

By Severity
Precision | Recall | F-Score
(array([0.        , 0.5       , 0.93650794, 0.        ]),
 array([0.        , 0.33333333, 0.98333333, 0.        ]),
 array([0.        , 0.4       , 0.95934959, 0.        ]),
 array([ 0,  3, 60,  2]))
-----EXPERIMENT  121  END-------

-----EXPERIMENT  122  START-----
Percent of test data included in training:  0.8
Training Data:  ('../dataset/raw/pitsA.csv', '../dataset/raw/pitsF.csv', '../dataset/raw/pitsD.csv', '../dataset/raw/pitsE.csv')
Average
Precision | Recall | F-Score
(0.8875457875457875, 0.9230769230769231, 0.9040150093808632, None)

By Severity
Precision | Recall | F-Score
(array([0.        , 0.5       , 0.93650794, 0.        ]),
 array([0.        , 0.33333333, 0.98333333, 0.        ]),
 array([0.        , 0.4       , 0.95934959, 0.        ]),
 array([ 0,  3, 60,  2]))
-----EXPERIMENT  122  END-------

-----EXPERIMENT  123  START-----
Percent of test data included in training:  0.8
Training Data:  ('../dataset/raw/pitsB.csv', '../dataset/raw/pitsF.csv', '../dataset/raw/pitsD.csv', '../dataset/raw/pitsE.csv')
Average
Precision | Recall | F-Score
(0.9389659520807061, 0.9384615384615385, 0.9360881542699724, None)

By Severity
Precision | Recall | F-Score
(array([0.        , 0.33333333, 0.96721311, 1.        ]),
 array([0.        , 0.33333333, 0.98333333, 0.5       ]),
 array([0.        , 0.33333333, 0.97520661, 0.66666667]),
 array([ 0,  3, 60,  2]))
-----EXPERIMENT  123  END-------

-----EXPERIMENT  124  START-----
Percent of test data included in training:  0.8
Training Data:  ('../dataset/raw/pitsA.csv', '../dataset/raw/pitsB.csv', '../dataset/raw/pitsF.csv', '../dataset/raw/pitsD.csv', '../dataset/raw/pitsE.csv')
Average
Precision | Recall | F-Score
(0.9115384615384615, 0.9384615384615385, 0.9163771712158809, None)

By Severity
Precision | Recall | F-Score
(array([0.    , 1.    , 0.9375, 0.    ]),
 array([0.        , 0.33333333, 1.        , 0.        ]),
 array([0.        , 0.5       , 0.96774194, 0.        ]),
 array([ 0,  3, 60,  2]))
-----EXPERIMENT  124  END-------

-----EXPERIMENT  125  START-----
Percent of test data included in training:  0.95
Training Data:  ['../dataset/raw/pitsA.csv']
Average
Precision | Recall | F-Score
(0.7431372549019608, 0.8235294117647058, 0.777552400270453, None)

By Severity
Precision | Recall | F-Score
(array([0.        , 0.5       , 0.86666667, 0.        ]),
 array([0.        , 1.        , 0.92857143, 0.        ]),
 array([0.        , 0.66666667, 0.89655172, 0.        ]),
 array([ 0,  1, 14,  2]))
-----EXPERIMENT  125  END-------

-----EXPERIMENT  126  START-----
Percent of test data included in training:  0.95
Training Data:  ['../dataset/raw/pitsB.csv']
Average
Precision | Recall | F-Score
(0.6782006920415224, 0.8235294117647058, 0.7438330170777988, None)

By Severity
Precision | Recall | F-Score
(array([0.        , 0.        , 0.82352941, 0.        ]),
 array([0., 0., 1., 0.]),
 array([0.        , 0.        , 0.90322581, 0.        ]),
 array([ 0,  1, 14,  2]))
-----EXPERIMENT  126  END-------

-----EXPERIMENT  127  START-----
Percent of test data included in training:  0.95
Training Data:  ['../dataset/raw/pitsC.csv']
Average
Precision | Recall | F-Score
(0.9450980392156862, 0.9411764705882353, 0.9323867478025694, None)

By Severity
Precision | Recall | F-Score
(array([0.        , 1.        , 0.93333333, 1.        ]),
 array([0. , 1. , 1. , 0.5]),
 array([0.        , 1.        , 0.96551724, 0.66666667]),
 array([ 0,  1, 14,  2]))
-----EXPERIMENT  127  END-------

-----EXPERIMENT  128  START-----
Percent of test data included in training:  0.95
Training Data:  ['../dataset/raw/pitsD.csv']
Average
Precision | Recall | F-Score
(0.7794117647058824, 0.8823529411764706, 0.8274509803921568, None)

By Severity
Precision | Recall | F-Score
(array([0.   , 1.   , 0.875, 0.   ]),
 array([0., 1., 1., 0.]),
 array([0.        , 1.        , 0.93333333, 0.        ]),
 array([ 0,  1, 14,  2]))
-----EXPERIMENT  128  END-------

-----EXPERIMENT  129  START-----
Percent of test data included in training:  0.95
Training Data:  ['../dataset/raw/pitsE.csv']
Average
Precision | Recall | F-Score
(0.9705882352941176, 0.9411764705882353, 0.9498910675381264, None)

By Severity
Precision | Recall | F-Score
(array([0. , 0.5, 1. , 1. ]),
 array([0.        , 1.        , 0.92857143, 1.        ]),
 array([0.        , 0.66666667, 0.96296296, 1.        ]),
 array([ 0,  1, 14,  2]))
-----EXPERIMENT  129  END-------

-----EXPERIMENT  130  START-----
Percent of test data included in training:  0.95
Training Data:  ('../dataset/raw/pitsA.csv', '../dataset/raw/pitsB.csv')
Average
Precision | Recall | F-Score
(0.7794117647058824, 0.8823529411764706, 0.8274509803921568, None)

By Severity
Precision | Recall | F-Score
(array([0.   , 1.   , 0.875, 0.   ]),
 array([0., 1., 1., 0.]),
 array([0.        , 1.        , 0.93333333, 0.        ]),
 array([ 0,  1, 14,  2]))
-----EXPERIMENT  130  END-------

-----EXPERIMENT  131  START-----
Percent of test data included in training:  0.95
Training Data:  ('../dataset/raw/pitsA.csv', '../dataset/raw/pitsF.csv')
Average
Precision | Recall | F-Score
(0.7794117647058824, 0.8823529411764706, 0.8274509803921568, None)

By Severity
Precision | Recall | F-Score
(array([0.   , 1.   , 0.875, 0.   ]),
 array([0., 1., 1., 0.]),
 array([0.        , 1.        , 0.93333333, 0.        ]),
 array([ 0,  1, 14,  2]))
-----EXPERIMENT  131  END-------

-----EXPERIMENT  132  START-----
Percent of test data included in training:  0.95
Training Data:  ('../dataset/raw/pitsA.csv', '../dataset/raw/pitsD.csv')
Average
Precision | Recall | F-Score
(0.7431372549019608, 0.8235294117647058, 0.777552400270453, None)

By Severity
Precision | Recall | F-Score
(array([0.        , 0.5       , 0.86666667, 0.        ]),
 array([0.        , 1.        , 0.92857143, 0.        ]),
 array([0.        , 0.66666667, 0.89655172, 0.        ]),
 array([ 0,  1, 14,  2]))
-----EXPERIMENT  132  END-------

-----EXPERIMENT  133  START-----
Percent of test data included in training:  0.95
Training Data:  ('../dataset/raw/pitsA.csv', '../dataset/raw/pitsE.csv')
Average
Precision | Recall | F-Score
(0.7431372549019608, 0.8235294117647058, 0.777552400270453, None)

By Severity
Precision | Recall | F-Score
(array([0.        , 0.5       , 0.86666667, 0.        ]),
 array([0.        , 1.        , 0.92857143, 0.        ]),
 array([0.        , 0.66666667, 0.89655172, 0.        ]),
 array([ 0,  1, 14,  2]))
-----EXPERIMENT  133  END-------

-----EXPERIMENT  134  START-----
Percent of test data included in training:  0.95
Training Data:  ('../dataset/raw/pitsB.csv', '../dataset/raw/pitsF.csv')
Average
Precision | Recall | F-Score
(0.8431372549019608, 0.8823529411764706, 0.8529411764705882, None)

By Severity
Precision | Recall | F-Score
(array([0.        , 0.33333333, 1.        , 0.        ]),
 array([0., 1., 1., 0.]),
 array([0. , 0.5, 1. , 0. ]),
 array([ 0,  1, 14,  2]))
-----EXPERIMENT  134  END-------

-----EXPERIMENT  135  START-----
Percent of test data included in training:  0.95
Training Data:  ('../dataset/raw/pitsB.csv', '../dataset/raw/pitsD.csv')
Average
Precision | Recall | F-Score
(0.7794117647058824, 0.8823529411764706, 0.8274509803921568, None)

By Severity
Precision | Recall | F-Score
(array([0.   , 1.   , 0.875, 0.   ]),
 array([0., 1., 1., 0.]),
 array([0.        , 1.        , 0.93333333, 0.        ]),
 array([ 0,  1, 14,  2]))
-----EXPERIMENT  135  END-------

-----EXPERIMENT  136  START-----
Percent of test data included in training:  0.95
Training Data:  ('../dataset/raw/pitsB.csv', '../dataset/raw/pitsE.csv')
Average
Precision | Recall | F-Score
(0.7431372549019608, 0.8235294117647058, 0.777552400270453, None)

By Severity
Precision | Recall | F-Score
(array([0.        , 0.5       , 0.86666667, 0.        ]),
 array([0.        , 1.        , 0.92857143, 0.        ]),
 array([0.        , 0.66666667, 0.89655172, 0.        ]),
 array([ 0,  1, 14,  2]))
-----EXPERIMENT  136  END-------

-----EXPERIMENT  137  START-----
Percent of test data included in training:  0.95
Training Data:  ('../dataset/raw/pitsF.csv', '../dataset/raw/pitsD.csv')
Average
Precision | Recall | F-Score
(0.7431372549019608, 0.8235294117647058, 0.777552400270453, None)

By Severity
Precision | Recall | F-Score
(array([0.        , 0.5       , 0.86666667, 0.        ]),
 array([0.        , 1.        , 0.92857143, 0.        ]),
 array([0.        , 0.66666667, 0.89655172, 0.        ]),
 array([ 0,  1, 14,  2]))
-----EXPERIMENT  137  END-------

-----EXPERIMENT  138  START-----
Percent of test data included in training:  0.95
Training Data:  ('../dataset/raw/pitsF.csv', '../dataset/raw/pitsE.csv')
Average
Precision | Recall | F-Score
(0.8382352941176471, 0.8235294117647058, 0.8165577342047932, None)

By Severity
Precision | Recall | F-Score
(array([0.  , 0.25, 1.  , 0.  ]),
 array([0.        , 1.        , 0.92857143, 0.        ]),
 array([0.        , 0.4       , 0.96296296, 0.        ]),
 array([ 0,  1, 14,  2]))
-----EXPERIMENT  138  END-------

-----EXPERIMENT  139  START-----
Percent of test data included in training:  0.95
Training Data:  ('../dataset/raw/pitsD.csv', '../dataset/raw/pitsE.csv')
Average
Precision | Recall | F-Score
(0.8431372549019608, 0.8823529411764706, 0.8529411764705882, None)

By Severity
Precision | Recall | F-Score
(array([0.        , 0.33333333, 1.        , 0.        ]),
 array([0., 1., 1., 0.]),
 array([0. , 0.5, 1. , 0. ]),
 array([ 0,  1, 14,  2]))
-----EXPERIMENT  139  END-------

-----EXPERIMENT  140  START-----
Percent of test data included in training:  0.95
Training Data:  ('../dataset/raw/pitsA.csv', '../dataset/raw/pitsB.csv', '../dataset/raw/pitsF.csv')
Average
Precision | Recall | F-Score
(0.7794117647058824, 0.8823529411764706, 0.8274509803921568, None)

By Severity
Precision | Recall | F-Score
(array([0.   , 1.   , 0.875, 0.   ]),
 array([0., 1., 1., 0.]),
 array([0.        , 1.        , 0.93333333, 0.        ]),
 array([ 0,  1, 14,  2]))
-----EXPERIMENT  140  END-------

-----EXPERIMENT  141  START-----
Percent of test data included in training:  0.95
Training Data:  ('../dataset/raw/pitsA.csv', '../dataset/raw/pitsB.csv', '../dataset/raw/pitsD.csv')
Average
Precision | Recall | F-Score
(0.7794117647058824, 0.8823529411764706, 0.8274509803921568, None)

By Severity
Precision | Recall | F-Score
(array([0.   , 1.   , 0.875, 0.   ]),
 array([0., 1., 1., 0.]),
 array([0.        , 1.        , 0.93333333, 0.        ]),
 array([ 0,  1, 14,  2]))
-----EXPERIMENT  141  END-------

-----EXPERIMENT  142  START-----
Percent of test data included in training:  0.95
Training Data:  ('../dataset/raw/pitsA.csv', '../dataset/raw/pitsB.csv', '../dataset/raw/pitsE.csv')
Average
Precision | Recall | F-Score
(0.6691176470588235, 0.7647058823529411, 0.7137254901960784, None)

By Severity
Precision | Recall | F-Score
(array([0.    , 0.    , 0.8125, 0.    ]),
 array([0.        , 0.        , 0.92857143, 0.        ]),
 array([0.        , 0.        , 0.86666667, 0.        ]),
 array([ 0,  1, 14,  2]))
-----EXPERIMENT  142  END-------

-----EXPERIMENT  143  START-----
Percent of test data included in training:  0.95
Training Data:  ('../dataset/raw/pitsA.csv', '../dataset/raw/pitsF.csv', '../dataset/raw/pitsD.csv')
Average
Precision | Recall | F-Score
(0.8431372549019608, 0.8823529411764706, 0.8529411764705882, None)

By Severity
Precision | Recall | F-Score
(array([0.        , 0.33333333, 1.        , 0.        ]),
 array([0., 1., 1., 0.]),
 array([0. , 0.5, 1. , 0. ]),
 array([ 0,  1, 14,  2]))
-----EXPERIMENT  143  END-------

-----EXPERIMENT  144  START-----
Percent of test data included in training:  0.95
Training Data:  ('../dataset/raw/pitsA.csv', '../dataset/raw/pitsF.csv', '../dataset/raw/pitsE.csv')
Average
Precision | Recall | F-Score
(0.7431372549019608, 0.8235294117647058, 0.777552400270453, None)

By Severity
Precision | Recall | F-Score
(array([0.        , 0.5       , 0.86666667, 0.        ]),
 array([0.        , 1.        , 0.92857143, 0.        ]),
 array([0.        , 0.66666667, 0.89655172, 0.        ]),
 array([ 0,  1, 14,  2]))
-----EXPERIMENT  144  END-------

-----EXPERIMENT  145  START-----
Percent of test data included in training:  0.95
Training Data:  ('../dataset/raw/pitsA.csv', '../dataset/raw/pitsD.csv', '../dataset/raw/pitsE.csv')
Average
Precision | Recall | F-Score
(0.7431372549019608, 0.8235294117647058, 0.777552400270453, None)

By Severity
Precision | Recall | F-Score
(array([0.        , 0.5       , 0.86666667, 0.        ]),
 array([0.        , 1.        , 0.92857143, 0.        ]),
 array([0.        , 0.66666667, 0.89655172, 0.        ]),
 array([ 0,  1, 14,  2]))
-----EXPERIMENT  145  END-------

-----EXPERIMENT  146  START-----
Percent of test data included in training:  0.95
Training Data:  ('../dataset/raw/pitsB.csv', '../dataset/raw/pitsF.csv', '../dataset/raw/pitsD.csv')
Average
Precision | Recall | F-Score
(0.8431372549019608, 0.8823529411764706, 0.8529411764705882, None)

By Severity
Precision | Recall | F-Score
(array([0.        , 0.33333333, 1.        , 0.        ]),
 array([0., 1., 1., 0.]),
 array([0. , 0.5, 1. , 0. ]),
 array([ 0,  1, 14,  2]))
-----EXPERIMENT  146  END-------

-----EXPERIMENT  147  START-----
Percent of test data included in training:  0.95
Training Data:  ('../dataset/raw/pitsB.csv', '../dataset/raw/pitsF.csv', '../dataset/raw/pitsE.csv')
Average
Precision | Recall | F-Score
(1.0, 1.0, 1.0, None)

By Severity
Precision | Recall | F-Score
(array([0., 1., 1., 1.]),
 array([0., 1., 1., 1.]),
 array([0., 1., 1., 1.]),
 array([ 0,  1, 14,  2]))
-----EXPERIMENT  147  END-------

-----EXPERIMENT  148  START-----
Percent of test data included in training:  0.95
Training Data:  ('../dataset/raw/pitsB.csv', '../dataset/raw/pitsD.csv', '../dataset/raw/pitsE.csv')
Average
Precision | Recall | F-Score
(0.6782006920415224, 0.8235294117647058, 0.7438330170777988, None)

By Severity
Precision | Recall | F-Score
(array([0.        , 0.        , 0.82352941, 0.        ]),
 array([0., 0., 1., 0.]),
 array([0.        , 0.        , 0.90322581, 0.        ]),
 array([ 0,  1, 14,  2]))
-----EXPERIMENT  148  END-------

-----EXPERIMENT  149  START-----
Percent of test data included in training:  0.95
Training Data:  ('../dataset/raw/pitsF.csv', '../dataset/raw/pitsD.csv', '../dataset/raw/pitsE.csv')
Average
Precision | Recall | F-Score
(0.8382352941176471, 0.8235294117647058, 0.8165577342047932, None)

By Severity
Precision | Recall | F-Score
(array([0.  , 0.25, 1.  , 0.  ]),
 array([0.        , 1.        , 0.92857143, 0.        ]),
 array([0.        , 0.4       , 0.96296296, 0.        ]),
 array([ 0,  1, 14,  2]))
-----EXPERIMENT  149  END-------

-----EXPERIMENT  150  START-----
Percent of test data included in training:  0.95
Training Data:  ('../dataset/raw/pitsA.csv', '../dataset/raw/pitsB.csv', '../dataset/raw/pitsF.csv', '../dataset/raw/pitsD.csv')
Average
Precision | Recall | F-Score
(0.8431372549019608, 0.8823529411764706, 0.8529411764705882, None)

By Severity
Precision | Recall | F-Score
(array([0.        , 0.33333333, 1.        , 0.        ]),
 array([0., 1., 1., 0.]),
 array([0. , 0.5, 1. , 0. ]),
 array([ 0,  1, 14,  2]))
-----EXPERIMENT  150  END-------

-----EXPERIMENT  151  START-----
Percent of test data included in training:  0.95
Training Data:  ('../dataset/raw/pitsA.csv', '../dataset/raw/pitsB.csv', '../dataset/raw/pitsF.csv', '../dataset/raw/pitsE.csv')
Average
Precision | Recall | F-Score
(0.6691176470588235, 0.7647058823529411, 0.7137254901960784, None)

By Severity
Precision | Recall | F-Score
(array([0.    , 0.    , 0.8125, 0.    ]),
 array([0.        , 0.        , 0.92857143, 0.        ]),
 array([0.        , 0.        , 0.86666667, 0.        ]),
 array([ 0,  1, 14,  2]))
-----EXPERIMENT  151  END-------

-----EXPERIMENT  152  START-----
Percent of test data included in training:  0.95
Training Data:  ('../dataset/raw/pitsA.csv', '../dataset/raw/pitsB.csv', '../dataset/raw/pitsD.csv', '../dataset/raw/pitsE.csv')
Average
Precision | Recall | F-Score
(0.7794117647058824, 0.8823529411764706, 0.8274509803921568, None)

By Severity
Precision | Recall | F-Score
(array([0.   , 1.   , 0.875, 0.   ]),
 array([0., 1., 1., 0.]),
 array([0.        , 1.        , 0.93333333, 0.        ]),
 array([ 0,  1, 14,  2]))
-----EXPERIMENT  152  END-------

-----EXPERIMENT  153  START-----
Percent of test data included in training:  0.95
Training Data:  ('../dataset/raw/pitsA.csv', '../dataset/raw/pitsF.csv', '../dataset/raw/pitsD.csv', '../dataset/raw/pitsE.csv')
Average
Precision | Recall | F-Score
(0.7431372549019608, 0.8235294117647058, 0.777552400270453, None)

By Severity
Precision | Recall | F-Score
(array([0.        , 0.5       , 0.86666667, 0.        ]),
 array([0.        , 1.        , 0.92857143, 0.        ]),
 array([0.        , 0.66666667, 0.89655172, 0.        ]),
 array([ 0,  1, 14,  2]))
-----EXPERIMENT  153  END-------

-----EXPERIMENT  154  START-----
Percent of test data included in training:  0.95
Training Data:  ('../dataset/raw/pitsB.csv', '../dataset/raw/pitsF.csv', '../dataset/raw/pitsD.csv', '../dataset/raw/pitsE.csv')
Average
Precision | Recall | F-Score
(1.0, 1.0, 1.0, None)

By Severity
Precision | Recall | F-Score
(array([0., 1., 1., 1.]),
 array([0., 1., 1., 1.]),
 array([0., 1., 1., 1.]),
 array([ 0,  1, 14,  2]))
-----EXPERIMENT  154  END-------

-----EXPERIMENT  155  START-----
Percent of test data included in training:  0.95
Training Data:  ('../dataset/raw/pitsA.csv', '../dataset/raw/pitsB.csv', '../dataset/raw/pitsF.csv', '../dataset/raw/pitsD.csv', '../dataset/raw/pitsE.csv')
Average
Precision | Recall | F-Score
(0.7794117647058824, 0.8823529411764706, 0.8274509803921568, None)

By Severity
Precision | Recall | F-Score
(array([0.   , 1.   , 0.875, 0.   ]),
 array([0., 1., 1., 0.]),
 array([0.        , 1.        , 0.93333333, 0.        ]),
 array([ 0,  1, 14,  2]))
-----EXPERIMENT  155  END-------

Tue Mar 12 00:29:21 2019
TOTAL RUNTIME:  4623.144143819809 s

