Tue Mar 12 01:43:48 2019
-----EXPERIMENT  1  START-----
Percent of test data included in training:  0
Training Data:  ['../dataset/raw/pitsA.csv']
Average
Precision | Recall | F-Score
(0.5045289160234693, 0.33575757575757575, 0.3820408055135648, None)

By Severity
Precision | Recall | F-Score
(array([0.02777778, 0.66539924, 0.29447853, 0.        ]),
 array([0.25      , 0.3384913 , 0.39506173, 0.        ]),
 array([0.05      , 0.44871795, 0.33743409, 0.        ]),
 array([ 24, 517, 243,  41]))
-----EXPERIMENT  1  END-------

-----EXPERIMENT  2  START-----
Percent of test data included in training:  0
Training Data:  ['../dataset/raw/pitsB.csv']
Average
Precision | Recall | F-Score
(0.5305169616824884, 0.5296969696969697, 0.529983908931676, None)

By Severity
Precision | Recall | F-Score
(array([0.06666667, 0.66472868, 0.37037037, 0.05882353]),
 array([0.04166667, 0.66344294, 0.37037037, 0.07317073]),
 array([0.05128205, 0.66408519, 0.37037037, 0.06521739]),
 array([ 24, 517, 243,  41]))
-----EXPERIMENT  2  END-------

-----EXPERIMENT  3  START-----
Percent of test data included in training:  0
Training Data:  ['../dataset/raw/pitsC.csv']
Average
Precision | Recall | F-Score
(0.5092163179309042, 0.49696969696969695, 0.48952913568953826, None)

By Severity
Precision | Recall | F-Score
(array([0.        , 0.65133172, 0.34306569, 0.        ]),
 array([0.        , 0.52030948, 0.58024691, 0.        ]),
 array([0.        , 0.57849462, 0.43119266, 0.        ]),
 array([ 24, 517, 243,  41]))
-----EXPERIMENT  3  END-------

-----EXPERIMENT  4  START-----
Percent of test data included in training:  0
Training Data:  ['../dataset/raw/pitsD.csv']
Average
Precision | Recall | F-Score
(0.5053731195749545, 0.6084848484848485, 0.5059255276056505, None)

By Severity
Precision | Recall | F-Score
(array([0.        , 0.64089122, 0.34285714, 0.05555556]),
 array([0.        , 0.94584139, 0.04938272, 0.02439024]),
 array([0.        , 0.7640625 , 0.08633094, 0.03389831]),
 array([ 24, 517, 243,  41]))
-----EXPERIMENT  4  END-------

-----EXPERIMENT  5  START-----
Percent of test data included in training:  0
Training Data:  ['../dataset/raw/pitsE.csv']
Average
Precision | Recall | F-Score
(0.8782009664088076, 0.8654545454545455, 0.856845965185322, None)

By Severity
Precision | Recall | F-Score
(array([1.        , 0.91585127, 0.76551724, 1.        ]),
 array([0.16666667, 0.90522244, 0.91358025, 0.48780488]),
 array([0.28571429, 0.91050584, 0.83302064, 0.6557377 ]),
 array([ 24, 517, 243,  41]))
-----EXPERIMENT  5  END-------

-----EXPERIMENT  6  START-----
Percent of test data included in training:  0
Training Data:  ('../dataset/raw/pitsA.csv', '../dataset/raw/pitsB.csv')
Average
Precision | Recall | F-Score
(0.5522221160592595, 0.5733333333333334, 0.5624052612179932, None)

By Severity
Precision | Recall | F-Score
(array([0.        , 0.69187146, 0.39700375, 0.03448276]),
 array([0.        , 0.70793037, 0.43621399, 0.02439024]),
 array([0.        , 0.6998088 , 0.41568627, 0.02857143]),
 array([ 24, 517, 243,  41]))
-----EXPERIMENT  6  END-------

-----EXPERIMENT  7  START-----
Percent of test data included in training:  0
Training Data:  ('../dataset/raw/pitsA.csv', '../dataset/raw/pitsC.csv')
Average
Precision | Recall | F-Score
(0.4852839071840991, 0.5078787878787879, 0.49561509764497536, None)

By Severity
Precision | Recall | F-Score
(array([0.        , 0.63147793, 0.30405405, 0.        ]),
 array([0.        , 0.63636364, 0.37037037, 0.        ]),
 array([0.        , 0.63391137, 0.33395176, 0.        ]),
 array([ 24, 517, 243,  41]))
-----EXPERIMENT  7  END-------

-----EXPERIMENT  8  START-----
Percent of test data included in training:  0
Training Data:  ('../dataset/raw/pitsA.csv', '../dataset/raw/pitsD.csv')
Average
Precision | Recall | F-Score
(0.48647648942469657, 0.5915151515151515, 0.4956372175966042, None)

By Severity
Precision | Recall | F-Score
(array([0.        , 0.63081009, 0.30952381, 0.        ]),
 array([0.        , 0.91876209, 0.05349794, 0.        ]),
 array([0.        , 0.7480315 , 0.09122807, 0.        ]),
 array([ 24, 517, 243,  41]))
-----EXPERIMENT  8  END-------

-----EXPERIMENT  9  START-----
Percent of test data included in training:  0
Training Data:  ('../dataset/raw/pitsA.csv', '../dataset/raw/pitsF.csv')
Average
Precision | Recall | F-Score
(0.5157937901458705, 0.5127272727272727, 0.5024856229991183, None)

By Severity
Precision | Recall | F-Score
(array([0.        , 0.6567718 , 0.32608696, 0.16438356]),
 array([0.        , 0.68471954, 0.18518519, 0.58536585]),
 array([0.        , 0.67045455, 0.23622047, 0.25668449]),
 array([ 24, 517, 243,  41]))
-----EXPERIMENT  9  END-------

-----EXPERIMENT  10  START-----
Percent of test data included in training:  0
Training Data:  ('../dataset/raw/pitsB.csv', '../dataset/raw/pitsC.csv')
Average
Precision | Recall | F-Score
(0.48151259318071543, 0.5624242424242424, 0.5037308436781393, None)

By Severity
Precision | Recall | F-Score
(array([0.        , 0.62736536, 0.3       , 0.        ]),
 array([0.        , 0.83365571, 0.13580247, 0.        ]),
 array([0.        , 0.71594684, 0.18696884, 0.        ]),
 array([ 24, 517, 243,  41]))
-----EXPERIMENT  10  END-------

-----EXPERIMENT  11  START-----
Percent of test data included in training:  0
Training Data:  ('../dataset/raw/pitsB.csv', '../dataset/raw/pitsD.csv')
Average
Precision | Recall | F-Score
(0.5710082780836799, 0.6242424242424243, 0.495076618852485, None)

By Severity
Precision | Recall | F-Score
(array([0.        , 0.62917182, 0.6       , 0.        ]),
 array([0.        , 0.98452611, 0.02469136, 0.        ]),
 array([0.        , 0.76772247, 0.04743083, 0.        ]),
 array([ 24, 517, 243,  41]))
-----EXPERIMENT  11  END-------

-----EXPERIMENT  12  START-----
Percent of test data included in training:  0
Training Data:  ('../dataset/raw/pitsB.csv', '../dataset/raw/pitsF.csv')
Average
Precision | Recall | F-Score
(0.5404990223717653, 0.44242424242424244, 0.47425816959756145, None)

By Severity
Precision | Recall | F-Score
(array([0.        , 0.72195122, 0.28301887, 0.09486166]),
 array([0.        , 0.57253385, 0.18518519, 0.58536585]),
 array([0.        , 0.6386192 , 0.2238806 , 0.16326531]),
 array([ 24, 517, 243,  41]))
-----EXPERIMENT  12  END-------

-----EXPERIMENT  13  START-----
Percent of test data included in training:  0
Training Data:  ('../dataset/raw/pitsC.csv', '../dataset/raw/pitsD.csv')
Average
Precision | Recall | F-Score
(0.4399981634527089, 0.5927272727272728, 0.4812266149957257, None)

By Severity
Precision | Recall | F-Score
(array([0.        , 0.61666667, 0.18181818, 0.        ]),
 array([0.        , 0.9303675 , 0.03292181, 0.        ]),
 array([0.        , 0.74171164, 0.05574913, 0.        ]),
 array([ 24, 517, 243,  41]))
-----EXPERIMENT  13  END-------

-----EXPERIMENT  14  START-----
Percent of test data included in training:  0
Training Data:  ('../dataset/raw/pitsC.csv', '../dataset/raw/pitsF.csv')
Average
Precision | Recall | F-Score
(0.47900097454195817, 0.48727272727272725, 0.4782913899712044, None)

By Severity
Precision | Recall | F-Score
(array([0.        , 0.65391969, 0.20212766, 0.19469027]),
 array([0.        , 0.6615087 , 0.1563786 , 0.53658537]),
 array([0.        , 0.65769231, 0.17633411, 0.28571429]),
 array([ 24, 517, 243,  41]))
-----EXPERIMENT  14  END-------

-----EXPERIMENT  15  START-----
Percent of test data included in training:  0
Training Data:  ('../dataset/raw/pitsD.csv', '../dataset/raw/pitsF.csv')
Average
Precision | Recall | F-Score
(0.4754318300984968, 0.3903030303030303, 0.4148270857491585, None)

By Severity
Precision | Recall | F-Score
(array([0.        , 0.62962963, 0.25525526, 0.11428571]),
 array([0.        , 0.42746615, 0.34979424, 0.3902439 ]),
 array([0.        , 0.50921659, 0.29513889, 0.17679558]),
 array([ 24, 517, 243,  41]))
-----EXPERIMENT  15  END-------

-----EXPERIMENT  16  START-----
Percent of test data included in training:  0
Training Data:  ('../dataset/raw/pitsA.csv', '../dataset/raw/pitsB.csv', '../dataset/raw/pitsC.csv')
Average
Precision | Recall | F-Score
(0.5499903855303664, 0.5696969696969697, 0.5576954285100695, None)

By Severity
Precision | Recall | F-Score
(array([0.        , 0.6888454 , 0.38870432, 0.07692308]),
 array([0.        , 0.68085106, 0.48148148, 0.02439024]),
 array([0.        , 0.6848249 , 0.43014706, 0.03703704]),
 array([ 24, 517, 243,  41]))
-----EXPERIMENT  16  END-------

-----EXPERIMENT  17  START-----
Percent of test data included in training:  0
Training Data:  ('../dataset/raw/pitsA.csv', '../dataset/raw/pitsB.csv', '../dataset/raw/pitsD.csv')
Average
Precision | Recall | F-Score
(0.5333483910310536, 0.616969696969697, 0.5221998229109691, None)

By Severity
Precision | Recall | F-Score
(array([0.        , 0.64078947, 0.4375    , 0.05882353]),
 array([0.        , 0.94197292, 0.08641975, 0.02439024]),
 array([0.        , 0.76272514, 0.1443299 , 0.03448276]),
 array([ 24, 517, 243,  41]))
-----EXPERIMENT  17  END-------

-----EXPERIMENT  18  START-----
Percent of test data included in training:  0
Training Data:  ('../dataset/raw/pitsA.csv', '../dataset/raw/pitsB.csv', '../dataset/raw/pitsF.csv')
Average
Precision | Recall | F-Score
(0.5167035738264457, 0.5454545454545454, 0.517595116002003, None)

By Severity
Precision | Recall | F-Score
(array([0.        , 0.67010309, 0.29508197, 0.19834711]),
 array([0.        , 0.75435203, 0.14814815, 0.58536585]),
 array([0.        , 0.70973612, 0.19726027, 0.2962963 ]),
 array([ 24, 517, 243,  41]))
-----EXPERIMENT  18  END-------

-----EXPERIMENT  19  START-----
Percent of test data included in training:  0
Training Data:  ('../dataset/raw/pitsA.csv', '../dataset/raw/pitsC.csv', '../dataset/raw/pitsD.csv')
Average
Precision | Recall | F-Score
(0.46907289107289113, 0.5733333333333334, 0.4872712480870486, None)

By Severity
Precision | Recall | F-Score
(array([0.        , 0.61486486, 0.2       , 0.5       ]),
 array([0.        , 0.88007737, 0.06584362, 0.04878049]),
 array([0.        , 0.7239459 , 0.09907121, 0.08888889]),
 array([ 24, 517, 243,  41]))
-----EXPERIMENT  19  END-------

-----EXPERIMENT  20  START-----
Percent of test data included in training:  0
Training Data:  ('../dataset/raw/pitsA.csv', '../dataset/raw/pitsC.csv', '../dataset/raw/pitsF.csv')
Average
Precision | Recall | F-Score
(0.4891866656289259, 0.49575757575757573, 0.4881323235473126, None)

By Severity
Precision | Recall | F-Score
(array([0.        , 0.64015152, 0.26701571, 0.18867925]),
 array([0.        , 0.65377176, 0.20987654, 0.48780488]),
 array([0.        , 0.64688995, 0.23502304, 0.27210884]),
 array([ 24, 517, 243,  41]))
-----EXPERIMENT  20  END-------

-----EXPERIMENT  21  START-----
Percent of test data included in training:  0
Training Data:  ('../dataset/raw/pitsA.csv', '../dataset/raw/pitsD.csv', '../dataset/raw/pitsF.csv')
Average
Precision | Recall | F-Score
(0.4921675628670259, 0.4824242424242424, 0.4801256606527217, None)

By Severity
Precision | Recall | F-Score
(array([0.        , 0.64143426, 0.27567568, 0.18115942]),
 array([0.        , 0.62282398, 0.20987654, 0.6097561 ]),
 array([0.        , 0.63199215, 0.23831776, 0.27932961]),
 array([ 24, 517, 243,  41]))
-----EXPERIMENT  21  END-------

-----EXPERIMENT  22  START-----
Percent of test data included in training:  0
Training Data:  ('../dataset/raw/pitsB.csv', '../dataset/raw/pitsC.csv', '../dataset/raw/pitsD.csv')
Average
Precision | Recall | F-Score
(0.5306272857577204, 0.6218181818181818, 0.4944724762756154, None)

By Severity
Precision | Recall | F-Score
(array([0.        , 0.62981366, 0.46153846, 0.        ]),
 array([0.        , 0.98065764, 0.02469136, 0.        ]),
 array([0.        , 0.76701967, 0.046875  , 0.        ]),
 array([ 24, 517, 243,  41]))
-----EXPERIMENT  22  END-------

-----EXPERIMENT  23  START-----
Percent of test data included in training:  0
Training Data:  ('../dataset/raw/pitsB.csv', '../dataset/raw/pitsC.csv', '../dataset/raw/pitsF.csv')
Average
Precision | Recall | F-Score
(0.508940589247444, 0.4896969696969697, 0.490735967739439, None)

By Severity
Precision | Recall | F-Score
(array([0.        , 0.67387033, 0.2745098 , 0.11656442]),
 array([0.        , 0.66344294, 0.17283951, 0.46341463]),
 array([0.        , 0.66861598, 0.21212121, 0.18627451]),
 array([ 24, 517, 243,  41]))
-----EXPERIMENT  23  END-------

-----EXPERIMENT  24  START-----
Percent of test data included in training:  0
Training Data:  ('../dataset/raw/pitsB.csv', '../dataset/raw/pitsD.csv', '../dataset/raw/pitsF.csv')
Average
Precision | Recall | F-Score
(0.4977916971756319, 0.4484848484848485, 0.466363628671731, None)

By Severity
Precision | Recall | F-Score
(array([0.        , 0.65462754, 0.27876106, 0.10967742]),
 array([0.        , 0.56092843, 0.25925926, 0.41463415]),
 array([0.        , 0.60416667, 0.26865672, 0.17346939]),
 array([ 24, 517, 243,  41]))
-----EXPERIMENT  24  END-------

-----EXPERIMENT  25  START-----
Percent of test data included in training:  0
Training Data:  ('../dataset/raw/pitsC.csv', '../dataset/raw/pitsD.csv', '../dataset/raw/pitsF.csv')
Average
Precision | Recall | F-Score
(0.47445806406650104, 0.4921212121212121, 0.47615640833127393, None)

By Severity
Precision | Recall | F-Score
(array([0.        , 0.64102564, 0.21656051, 0.18032787]),
 array([0.        , 0.67698259, 0.1399177 , 0.53658537]),
 array([0.        , 0.65851364, 0.17      , 0.26993865]),
 array([ 24, 517, 243,  41]))
-----EXPERIMENT  25  END-------

-----EXPERIMENT  26  START-----
Percent of test data included in training:  0
Training Data:  ('../dataset/raw/pitsA.csv', '../dataset/raw/pitsB.csv', '../dataset/raw/pitsC.csv', '../dataset/raw/pitsD.csv')
Average
Precision | Recall | F-Score
(0.48270767514035634, 0.6133333333333333, 0.49697764041398657, None)

By Severity
Precision | Recall | F-Score
(array([0.       , 0.6278481, 0.3030303, 0.       ]),
 array([0.        , 0.95938104, 0.04115226, 0.        ]),
 array([0.        , 0.75899005, 0.07246377, 0.        ]),
 array([ 24, 517, 243,  41]))
-----EXPERIMENT  26  END-------

-----EXPERIMENT  27  START-----
Percent of test data included in training:  0
Training Data:  ('../dataset/raw/pitsA.csv', '../dataset/raw/pitsB.csv', '../dataset/raw/pitsC.csv', '../dataset/raw/pitsF.csv')
Average
Precision | Recall | F-Score
(0.4908390721651861, 0.56, 0.5058131128813577, None)

By Severity
Precision | Recall | F-Score
(array([0.        , 0.64885496, 0.25581395, 0.17857143]),
 array([0.        , 0.82205029, 0.09053498, 0.36585366]),
 array([0.        , 0.72525597, 0.1337386 , 0.24      ]),
 array([ 24, 517, 243,  41]))
-----EXPERIMENT  27  END-------

-----EXPERIMENT  28  START-----
Percent of test data included in training:  0
Training Data:  ('../dataset/raw/pitsA.csv', '../dataset/raw/pitsB.csv', '../dataset/raw/pitsD.csv', '../dataset/raw/pitsF.csv')
Average
Precision | Recall | F-Score
(0.5237427099740326, 0.5151515151515151, 0.5121784838678042, None)

By Severity
Precision | Recall | F-Score
(array([0.        , 0.68471954, 0.29585799, 0.15107914]),
 array([0.        , 0.68471954, 0.20576132, 0.51219512]),
 array([0.        , 0.68471954, 0.24271845, 0.23333333]),
 array([ 24, 517, 243,  41]))
-----EXPERIMENT  28  END-------

-----EXPERIMENT  29  START-----
Percent of test data included in training:  0
Training Data:  ('../dataset/raw/pitsA.csv', '../dataset/raw/pitsC.csv', '../dataset/raw/pitsD.csv', '../dataset/raw/pitsF.csv')
Average
Precision | Recall | F-Score
(0.48422309537190317, 0.5272727272727272, 0.49801561471690536, None)

By Severity
Precision | Recall | F-Score
(array([0.        , 0.63787375, 0.25694444, 0.17721519]),
 array([0.        , 0.74274662, 0.15226337, 0.34146341]),
 array([0.        , 0.68632708, 0.19121447, 0.23333333]),
 array([ 24, 517, 243,  41]))
-----EXPERIMENT  29  END-------

-----EXPERIMENT  30  START-----
Percent of test data included in training:  0
Training Data:  ('../dataset/raw/pitsB.csv', '../dataset/raw/pitsC.csv', '../dataset/raw/pitsD.csv', '../dataset/raw/pitsF.csv')
Average
Precision | Recall | F-Score
(0.49856285094285063, 0.5248484848484849, 0.495932887350598, None)

By Severity
Precision | Recall | F-Score
(array([0.        , 0.68292683, 0.2173913 , 0.13207547]),
 array([0.        , 0.7582205 , 0.08230453, 0.51219512]),
 array([0.        , 0.71860678, 0.11940299, 0.21      ]),
 array([ 24, 517, 243,  41]))
-----EXPERIMENT  30  END-------

-----EXPERIMENT  31  START-----
Percent of test data included in training:  0
Training Data:  ('../dataset/raw/pitsA.csv', '../dataset/raw/pitsB.csv', '../dataset/raw/pitsC.csv', '../dataset/raw/pitsD.csv', '../dataset/raw/pitsF.csv')
Average
Precision | Recall | F-Score
(0.5185990996103356, 0.6254545454545455, 0.503236825123238, None)

By Severity
Precision | Recall | F-Score
(array([0.        , 0.63171036, 0.41666667, 0.        ]),
 array([0.        , 0.9787234 , 0.04115226, 0.        ]),
 array([0.        , 0.76783005, 0.07490637, 0.        ]),
 array([ 24, 517, 243,  41]))
-----EXPERIMENT  31  END-------

-----EXPERIMENT  32  START-----
Percent of test data included in training:  0.2
Training Data:  ['../dataset/raw/pitsA.csv']
Average
Precision | Recall | F-Score
(0.5483700773299053, 0.35454545454545455, 0.4186014577976887, None)

By Severity
Precision | Recall | F-Score
(array([0.04020101, 0.72619048, 0.24855491, 0.        ]),
 array([0.5       , 0.41590909, 0.25595238, 0.        ]),
 array([0.0744186 , 0.52890173, 0.25219941, 0.        ]),
 array([ 16, 440, 168,  36]))
-----EXPERIMENT  32  END-------

-----EXPERIMENT  33  START-----
Percent of test data included in training:  0.2
Training Data:  ['../dataset/raw/pitsB.csv']
Average
Precision | Recall | F-Score
(0.5911307874281851, 0.5484848484848485, 0.5585315254669264, None)

By Severity
Precision | Recall | F-Score
(array([0.        , 0.75      , 0.34944238, 0.04      ]),
 array([0.        , 0.60681818, 0.55952381, 0.02777778]),
 array([0.        , 0.67085427, 0.43020595, 0.03278689]),
 array([ 16, 440, 168,  36]))
-----EXPERIMENT  33  END-------

-----EXPERIMENT  34  START-----
Percent of test data included in training:  0.2
Training Data:  ['../dataset/raw/pitsC.csv']
Average
Precision | Recall | F-Score
(0.5383984582668793, 0.5454545454545454, 0.5343619118009362, None)

By Severity
Precision | Recall | F-Score
(array([0.        , 0.6754386 , 0.26041667, 0.4       ]),
 array([0.        , 0.7       , 0.29761905, 0.05555556]),
 array([0.        , 0.6875    , 0.27777778, 0.09756098]),
 array([ 16, 440, 168,  36]))
-----EXPERIMENT  34  END-------

-----EXPERIMENT  35  START-----
Percent of test data included in training:  0.2
Training Data:  ['../dataset/raw/pitsD.csv']
Average
Precision | Recall | F-Score
(0.4915937517248993, 0.5818181818181818, 0.5281718075675489, None)

By Severity
Precision | Recall | F-Score
(array([0.        , 0.66484517, 0.19      , 0.        ]),
 array([0.        , 0.82954545, 0.11309524, 0.        ]),
 array([0.        , 0.73811931, 0.14179104, 0.        ]),
 array([ 16, 440, 168,  36]))
-----EXPERIMENT  35  END-------

-----EXPERIMENT  36  START-----
Percent of test data included in training:  0.2
Training Data:  ['../dataset/raw/pitsE.csv']
Average
Precision | Recall | F-Score
(0.9203624644232379, 0.9166666666666666, 0.9117226808917352, None)

By Severity
Precision | Recall | F-Score
(array([1.        , 0.9375    , 0.85082873, 1.        ]),
 array([0.25      , 0.95454545, 0.91666667, 0.75      ]),
 array([0.4       , 0.94594595, 0.88252149, 0.85714286]),
 array([ 16, 440, 168,  36]))
-----EXPERIMENT  36  END-------

-----EXPERIMENT  37  START-----
Percent of test data included in training:  0.2
Training Data:  ('../dataset/raw/pitsA.csv', '../dataset/raw/pitsB.csv')
Average
Precision | Recall | F-Score
(0.5568504264614105, 0.5681818181818182, 0.5616523529021671, None)

By Severity
Precision | Recall | F-Score
(array([0.        , 0.70709382, 0.325     , 0.05      ]),
 array([0.        , 0.70227273, 0.38690476, 0.02777778]),
 array([0.        , 0.70467503, 0.35326087, 0.03571429]),
 array([ 16, 440, 168,  36]))
-----EXPERIMENT  37  END-------

-----EXPERIMENT  38  START-----
Percent of test data included in training:  0.2
Training Data:  ('../dataset/raw/pitsA.csv', '../dataset/raw/pitsC.csv')
Average
Precision | Recall | F-Score
(0.4958473284618729, 0.3984848484848485, 0.43398878510819044, None)

By Severity
Precision | Recall | F-Score
(array([0.02083333, 0.63897764, 0.26315789, 0.04347826]),
 array([0.125     , 0.45454545, 0.35714286, 0.02777778]),
 array([0.03571429, 0.5312085 , 0.3030303 , 0.03389831]),
 array([ 16, 440, 168,  36]))
-----EXPERIMENT  38  END-------

-----EXPERIMENT  39  START-----
Percent of test data included in training:  0.2
Training Data:  ('../dataset/raw/pitsA.csv', '../dataset/raw/pitsD.csv')
Average
Precision | Recall | F-Score
(0.5233360610549261, 0.5272727272727272, 0.5226825536599051, None)

By Severity
Precision | Recall | F-Score
(array([0.        , 0.68025751, 0.27433628, 0.        ]),
 array([0.        , 0.72045455, 0.18452381, 0.        ]),
 array([0.        , 0.69977925, 0.22064057, 0.        ]),
 array([ 16, 440, 168,  36]))
-----EXPERIMENT  39  END-------

-----EXPERIMENT  40  START-----
Percent of test data included in training:  0.2
Training Data:  ('../dataset/raw/pitsA.csv', '../dataset/raw/pitsF.csv')
Average
Precision | Recall | F-Score
(0.5637386211467449, 0.5363636363636364, 0.546624360610201, None)

By Severity
Precision | Recall | F-Score
(array([0.        , 0.71538462, 0.29090909, 0.23404255]),
 array([0.        , 0.63409091, 0.38095238, 0.30555556]),
 array([0.        , 0.67228916, 0.32989691, 0.26506024]),
 array([ 16, 440, 168,  36]))
-----EXPERIMENT  40  END-------

-----EXPERIMENT  41  START-----
Percent of test data included in training:  0.2
Training Data:  ('../dataset/raw/pitsB.csv', '../dataset/raw/pitsC.csv')
Average
Precision | Recall | F-Score
(0.5716180397690768, 0.5969696969696969, 0.5836618832388331, None)

By Severity
Precision | Recall | F-Score
(array([0.        , 0.71459227, 0.34730539, 0.125     ]),
 array([0.        , 0.75681818, 0.3452381 , 0.08333333]),
 array([0.        , 0.73509934, 0.34626866, 0.1       ]),
 array([ 16, 440, 168,  36]))
-----EXPERIMENT  41  END-------

-----EXPERIMENT  42  START-----
Percent of test data included in training:  0.2
Training Data:  ('../dataset/raw/pitsB.csv', '../dataset/raw/pitsD.csv')
Average
Precision | Recall | F-Score
(0.5697505708986765, 0.5969696969696969, 0.5818096302211824, None)

By Severity
Precision | Recall | F-Score
(array([0.        , 0.71641791, 0.33136095, 0.14285714]),
 array([0.        , 0.76363636, 0.33333333, 0.05555556]),
 array([0.        , 0.73927393, 0.33234421, 0.08      ]),
 array([ 16, 440, 168,  36]))
-----EXPERIMENT  42  END-------

-----EXPERIMENT  43  START-----
Percent of test data included in training:  0.2
Training Data:  ('../dataset/raw/pitsB.csv', '../dataset/raw/pitsF.csv')
Average
Precision | Recall | F-Score
(0.5952097031940881, 0.5454545454545454, 0.5607658219851512, None)

By Severity
Precision | Recall | F-Score
(array([0.        , 0.7535014 , 0.31782946, 0.2195122 ]),
 array([0.        , 0.61136364, 0.48809524, 0.25      ]),
 array([0.        , 0.67503137, 0.38497653, 0.23376623]),
 array([ 16, 440, 168,  36]))
-----EXPERIMENT  43  END-------

-----EXPERIMENT  44  START-----
Percent of test data included in training:  0.2
Training Data:  ('../dataset/raw/pitsC.csv', '../dataset/raw/pitsD.csv')
Average
Precision | Recall | F-Score
(0.539741913261381, 0.5757575757575758, 0.5555981785446091, None)

By Severity
Precision | Recall | F-Score
(array([0.        , 0.68134172, 0.31213873, 0.11111111]),
 array([0.        , 0.73863636, 0.32142857, 0.02777778]),
 array([0.        , 0.70883315, 0.31671554, 0.04444444]),
 array([ 16, 440, 168,  36]))
-----EXPERIMENT  44  END-------

-----EXPERIMENT  45  START-----
Percent of test data included in training:  0.2
Training Data:  ('../dataset/raw/pitsC.csv', '../dataset/raw/pitsF.csv')
Average
Precision | Recall | F-Score
(0.5548195425157358, 0.5212121212121212, 0.5328530535582606, None)

By Severity
Precision | Recall | F-Score
(array([0.        , 0.69487179, 0.25726141, 0.47826087]),
 array([0.        , 0.61590909, 0.36904762, 0.30555556]),
 array([0.        , 0.65301205, 0.30317848, 0.37288136]),
 array([ 16, 440, 168,  36]))
-----EXPERIMENT  45  END-------

-----EXPERIMENT  46  START-----
Percent of test data included in training:  0.2
Training Data:  ('../dataset/raw/pitsD.csv', '../dataset/raw/pitsF.csv')
Average
Precision | Recall | F-Score
(0.5830484910182019, 0.4484848484848485, 0.46684693605514715, None)

By Severity
Precision | Recall | F-Score
(array([0.16666667, 0.73553719, 0.28032345, 0.31707317]),
 array([0.0625    , 0.40454545, 0.61904762, 0.36111111]),
 array([0.09090909, 0.52199413, 0.38589981, 0.33766234]),
 array([ 16, 440, 168,  36]))
-----EXPERIMENT  46  END-------

-----EXPERIMENT  47  START-----
Percent of test data included in training:  0.2
Training Data:  ('../dataset/raw/pitsA.csv', '../dataset/raw/pitsB.csv', '../dataset/raw/pitsC.csv')
Average
Precision | Recall | F-Score
(0.5755936403055957, 0.6287878787878788, 0.5995525119426346, None)

By Severity
Precision | Recall | F-Score
(array([0.        , 0.71856287, 0.37931034, 0.        ]),
 array([0.        , 0.81818182, 0.32738095, 0.        ]),
 array([0.        , 0.76514346, 0.3514377 , 0.        ]),
 array([ 16, 440, 168,  36]))
-----EXPERIMENT  47  END-------

-----EXPERIMENT  48  START-----
Percent of test data included in training:  0.2
Training Data:  ('../dataset/raw/pitsA.csv', '../dataset/raw/pitsB.csv', '../dataset/raw/pitsD.csv')
Average
Precision | Recall | F-Score
(0.5595917920827669, 0.6378787878787879, 0.5864764343637583, None)

By Severity
Precision | Recall | F-Score
(array([0.        , 0.69133574, 0.3877551 , 0.        ]),
 array([0.        , 0.87045455, 0.22619048, 0.        ]),
 array([0.        , 0.77062374, 0.28571429, 0.        ]),
 array([ 16, 440, 168,  36]))
-----EXPERIMENT  48  END-------

-----EXPERIMENT  49  START-----
Percent of test data included in training:  0.2
Training Data:  ('../dataset/raw/pitsA.csv', '../dataset/raw/pitsB.csv', '../dataset/raw/pitsF.csv')
Average
Precision | Recall | F-Score
(0.5293218913253939, 0.5606060606060606, 0.5438125175652119, None)

By Severity
Precision | Recall | F-Score
(array([0.        , 0.68058455, 0.24657534, 0.23529412]),
 array([0.        , 0.74090909, 0.21428571, 0.22222222]),
 array([0.        , 0.70946681, 0.22929936, 0.22857143]),
 array([ 16, 440, 168,  36]))
-----EXPERIMENT  49  END-------

-----EXPERIMENT  50  START-----
Percent of test data included in training:  0.2
Training Data:  ('../dataset/raw/pitsA.csv', '../dataset/raw/pitsC.csv', '../dataset/raw/pitsD.csv')
Average
Precision | Recall | F-Score
(0.48543239193540066, 0.4893939393939394, 0.4859539408946523, None)

By Severity
Precision | Recall | F-Score
(array([0.01388889, 0.64113786, 0.2265625 , 0.        ]),
 array([0.0625    , 0.66590909, 0.17261905, 0.        ]),
 array([0.02272727, 0.65328874, 0.19594595, 0.        ]),
 array([ 16, 440, 168,  36]))
-----EXPERIMENT  50  END-------

-----EXPERIMENT  51  START-----
Percent of test data included in training:  0.2
Training Data:  ('../dataset/raw/pitsA.csv', '../dataset/raw/pitsC.csv', '../dataset/raw/pitsF.csv')
Average
Precision | Recall | F-Score
(0.5462858453038147, 0.5075757575757576, 0.522354188887841, None)

By Severity
Precision | Recall | F-Score
(array([0.16666667, 0.69895288, 0.25114155, 0.22641509]),
 array([0.0625    , 0.60681818, 0.32738095, 0.33333333]),
 array([0.09090909, 0.64963504, 0.28423773, 0.26966292]),
 array([ 16, 440, 168,  36]))
-----EXPERIMENT  51  END-------

-----EXPERIMENT  52  START-----
Percent of test data included in training:  0.2
Training Data:  ('../dataset/raw/pitsA.csv', '../dataset/raw/pitsD.csv', '../dataset/raw/pitsF.csv')
Average
Precision | Recall | F-Score
(0.5527405285636878, 0.48787878787878786, 0.5100457507337546, None)

By Severity
Precision | Recall | F-Score
(array([0.        , 0.69942197, 0.30841121, 0.14583333]),
 array([0.        , 0.55      , 0.39285714, 0.38888889]),
 array([0.        , 0.61577608, 0.34554974, 0.21212121]),
 array([ 16, 440, 168,  36]))
-----EXPERIMENT  52  END-------

-----EXPERIMENT  53  START-----
Percent of test data included in training:  0.2
Training Data:  ('../dataset/raw/pitsB.csv', '../dataset/raw/pitsC.csv', '../dataset/raw/pitsD.csv')
Average
Precision | Recall | F-Score
(0.5662129164444694, 0.6121212121212121, 0.5861678902296086, None)

By Severity
Precision | Recall | F-Score
(array([0.        , 0.70731707, 0.34810127, 0.11111111]),
 array([0.        , 0.79090909, 0.32738095, 0.02777778]),
 array([0.        , 0.74678112, 0.33742331, 0.04444444]),
 array([ 16, 440, 168,  36]))
-----EXPERIMENT  53  END-------

-----EXPERIMENT  54  START-----
Percent of test data included in training:  0.2
Training Data:  ('../dataset/raw/pitsB.csv', '../dataset/raw/pitsC.csv', '../dataset/raw/pitsF.csv')
Average
Precision | Recall | F-Score
(0.548913566772006, 0.5893939393939394, 0.5662945258292427, None)

By Severity
Precision | Recall | F-Score
(array([0.        , 0.6902834 , 0.30344828, 0.21052632]),
 array([0.        , 0.775     , 0.26190476, 0.11111111]),
 array([0.        , 0.73019272, 0.28115016, 0.14545455]),
 array([ 16, 440, 168,  36]))
-----EXPERIMENT  54  END-------

-----EXPERIMENT  55  START-----
Percent of test data included in training:  0.2
Training Data:  ('../dataset/raw/pitsB.csv', '../dataset/raw/pitsD.csv', '../dataset/raw/pitsF.csv')
Average
Precision | Recall | F-Score
(0.6300847339990957, 0.5257575757575758, 0.5487331456381181, None)

By Severity
Precision | Recall | F-Score
(array([0.        , 0.80136986, 0.31847134, 0.27083333]),
 array([0.        , 0.53181818, 0.5952381 , 0.36111111]),
 array([0.        , 0.63934426, 0.41493776, 0.30952381]),
 array([ 16, 440, 168,  36]))
-----EXPERIMENT  55  END-------

-----EXPERIMENT  56  START-----
Percent of test data included in training:  0.2
Training Data:  ('../dataset/raw/pitsC.csv', '../dataset/raw/pitsD.csv', '../dataset/raw/pitsF.csv')
Average
Precision | Recall | F-Score
(0.543518871949994, 0.553030303030303, 0.5477083429839334, None)

By Severity
Precision | Recall | F-Score
(array([0.        , 0.68596882, 0.25136612, 0.40740741]),
 array([0.        , 0.7       , 0.27380952, 0.30555556]),
 array([0.        , 0.69291339, 0.26210826, 0.34920635]),
 array([ 16, 440, 168,  36]))
-----EXPERIMENT  56  END-------

-----EXPERIMENT  57  START-----
Percent of test data included in training:  0.2
Training Data:  ('../dataset/raw/pitsA.csv', '../dataset/raw/pitsB.csv', '../dataset/raw/pitsC.csv', '../dataset/raw/pitsD.csv')
Average
Precision | Recall | F-Score
(0.5294243553203443, 0.6333333333333333, 0.5639945634378337, None)

By Severity
Precision | Recall | F-Score
(array([0.        , 0.67814114, 0.30379747, 0.        ]),
 array([0.        , 0.89545455, 0.14285714, 0.        ]),
 array([0.        , 0.77179236, 0.19433198, 0.        ]),
 array([ 16, 440, 168,  36]))
-----EXPERIMENT  57  END-------

-----EXPERIMENT  58  START-----
Percent of test data included in training:  0.2
Training Data:  ('../dataset/raw/pitsA.csv', '../dataset/raw/pitsB.csv', '../dataset/raw/pitsC.csv', '../dataset/raw/pitsF.csv')
Average
Precision | Recall | F-Score
(0.5474793193605074, 0.593939393939394, 0.5665550721316209, None)

By Severity
Precision | Recall | F-Score
(array([0.        , 0.69108911, 0.28571429, 0.25714286]),
 array([0.        , 0.79318182, 0.20238095, 0.25      ]),
 array([0.        , 0.73862434, 0.2369338 , 0.25352113]),
 array([ 16, 440, 168,  36]))
-----EXPERIMENT  58  END-------

-----EXPERIMENT  59  START-----
Percent of test data included in training:  0.2
Training Data:  ('../dataset/raw/pitsA.csv', '../dataset/raw/pitsB.csv', '../dataset/raw/pitsD.csv', '../dataset/raw/pitsF.csv')
Average
Precision | Recall | F-Score
(0.5374207994279808, 0.6227272727272727, 0.5658808472743333, None)

By Severity
Precision | Recall | F-Score
(array([0.        , 0.69479354, 0.25333333, 0.17857143]),
 array([0.        , 0.87954545, 0.11309524, 0.13888889]),
 array([0.        , 0.77632899, 0.1563786 , 0.15625   ]),
 array([ 16, 440, 168,  36]))
-----EXPERIMENT  59  END-------

-----EXPERIMENT  60  START-----
Percent of test data included in training:  0.2
Training Data:  ('../dataset/raw/pitsA.csv', '../dataset/raw/pitsC.csv', '../dataset/raw/pitsD.csv', '../dataset/raw/pitsF.csv')
Average
Precision | Recall | F-Score
(0.5475945980177955, 0.546969696969697, 0.546408583286632, None)

By Severity
Precision | Recall | F-Score
(array([0.        , 0.69885057, 0.2625    , 0.27272727]),
 array([0.        , 0.69090909, 0.25      , 0.41666667]),
 array([0.        , 0.69485714, 0.25609756, 0.32967033]),
 array([ 16, 440, 168,  36]))
-----EXPERIMENT  60  END-------

-----EXPERIMENT  61  START-----
Percent of test data included in training:  0.2
Training Data:  ('../dataset/raw/pitsB.csv', '../dataset/raw/pitsC.csv', '../dataset/raw/pitsD.csv', '../dataset/raw/pitsF.csv')
Average
Precision | Recall | F-Score
(0.49957424399743655, 0.65, 0.5421159511335684, None)

By Severity
Precision | Recall | F-Score
(array([0.        , 0.6703645 , 0.20689655, 0.        ]),
 array([0.        , 0.96136364, 0.03571429, 0.        ]),
 array([0.        , 0.78991597, 0.06091371, 0.        ]),
 array([ 16, 440, 168,  36]))
-----EXPERIMENT  61  END-------

-----EXPERIMENT  62  START-----
Percent of test data included in training:  0.2
Training Data:  ('../dataset/raw/pitsA.csv', '../dataset/raw/pitsB.csv', '../dataset/raw/pitsC.csv', '../dataset/raw/pitsD.csv', '../dataset/raw/pitsF.csv')
Average
Precision | Recall | F-Score
(0.5826338321586306, 0.6257575757575757, 0.5817155871874321, None)

By Severity
Precision | Recall | F-Score
(array([1.        , 0.68508287, 0.30487805, 0.44117647]),
 array([0.0625    , 0.84545455, 0.14880952, 0.41666667]),
 array([0.11764706, 0.75686673, 0.2       , 0.42857143]),
 array([ 16, 440, 168,  36]))
-----EXPERIMENT  62  END-------

-----EXPERIMENT  63  START-----
Percent of test data included in training:  0.5
Training Data:  ['../dataset/raw/pitsA.csv']
Average
Precision | Recall | F-Score
(0.5169178964213825, 0.4891041162227603, 0.502220439028512, None)

By Severity
Precision | Recall | F-Score
(array([0.        , 0.6626506 , 0.26984127, 0.16666667]),
 array([0.        , 0.61111111, 0.29059829, 0.16666667]),
 array([0.        , 0.63583815, 0.27983539, 0.16666667]),
 array([  8, 270, 117,  18]))
-----EXPERIMENT  63  END-------

-----EXPERIMENT  64  START-----
Percent of test data included in training:  0.5
Training Data:  ['../dataset/raw/pitsB.csv']
Average
Precision | Recall | F-Score
(0.522002650909575, 0.5351089588377724, 0.520038913852347, None)

By Severity
Precision | Recall | F-Score
(array([0.        , 0.66112957, 0.30645161, 0.06818182]),
 array([0.        , 0.73703704, 0.16239316, 0.16666667]),
 array([0.        , 0.69702277, 0.2122905 , 0.09677419]),
 array([  8, 270, 117,  18]))
-----EXPERIMENT  64  END-------

-----EXPERIMENT  65  START-----
Percent of test data included in training:  0.5
Training Data:  ['../dataset/raw/pitsC.csv']
Average
Precision | Recall | F-Score
(0.5132054588735566, 0.5423728813559322, 0.5263099052463007, None)

By Severity
Precision | Recall | F-Score
(array([0.        , 0.65878378, 0.25510204, 0.23529412]),
 array([0.        , 0.72222222, 0.21367521, 0.22222222]),
 array([0.        , 0.68904594, 0.23255814, 0.22857143]),
 array([  8, 270, 117,  18]))
-----EXPERIMENT  65  END-------

-----EXPERIMENT  66  START-----
Percent of test data included in training:  0.5
Training Data:  ['../dataset/raw/pitsD.csv']
Average
Precision | Recall | F-Score
(0.5170132530907349, 0.5980629539951574, 0.539262589598459, None)

By Severity
Precision | Recall | F-Score
(array([0.        , 0.66096866, 0.28571429, 0.09090909]),
 array([0.        , 0.85925926, 0.11965812, 0.05555556]),
 array([0.        , 0.74718196, 0.1686747 , 0.06896552]),
 array([  8, 270, 117,  18]))
-----EXPERIMENT  66  END-------

-----EXPERIMENT  67  START-----
Percent of test data included in training:  0.5
Training Data:  ['../dataset/raw/pitsE.csv']
Average
Precision | Recall | F-Score
(0.8466417109218516, 0.8619854721549637, 0.8526878381249693, None)

By Severity
Precision | Recall | F-Score
(array([0.        , 0.90510949, 0.77165354, 0.83333333]),
 array([0.        , 0.91851852, 0.83760684, 0.55555556]),
 array([0.        , 0.91176471, 0.80327869, 0.66666667]),
 array([  8, 270, 117,  18]))
-----EXPERIMENT  67  END-------

-----EXPERIMENT  68  START-----
Percent of test data included in training:  0.5
Training Data:  ('../dataset/raw/pitsA.csv', '../dataset/raw/pitsB.csv')
Average
Precision | Recall | F-Score
(0.5026071647986289, 0.4963680387409201, 0.49876869497561327, None)

By Severity
Precision | Recall | F-Score
(array([0.1       , 0.64552239, 0.25714286, 0.13333333]),
 array([0.125     , 0.64074074, 0.23076923, 0.22222222]),
 array([0.11111111, 0.64312268, 0.24324324, 0.16666667]),
 array([  8, 270, 117,  18]))
-----EXPERIMENT  68  END-------

-----EXPERIMENT  69  START-----
Percent of test data included in training:  0.5
Training Data:  ('../dataset/raw/pitsA.csv', '../dataset/raw/pitsC.csv')
Average
Precision | Recall | F-Score
(0.47372414157336235, 0.5060532687651331, 0.4883378034909356, None)

By Severity
Precision | Recall | F-Score
(array([0.        , 0.63087248, 0.1875    , 0.1875    ]),
 array([0.        , 0.6962963 , 0.15384615, 0.16666667]),
 array([0.        , 0.66197183, 0.16901408, 0.17647059]),
 array([  8, 270, 117,  18]))
-----EXPERIMENT  69  END-------

-----EXPERIMENT  70  START-----
Percent of test data included in training:  0.5
Training Data:  ('../dataset/raw/pitsA.csv', '../dataset/raw/pitsD.csv')
Average
Precision | Recall | F-Score
(0.5146299782182986, 0.5399515738498789, 0.5251465988977478, None)

By Severity
Precision | Recall | F-Score
(array([0.        , 0.65423729, 0.24528302, 0.4       ]),
 array([0.        , 0.71481481, 0.22222222, 0.22222222]),
 array([0.        , 0.68318584, 0.23318386, 0.28571429]),
 array([  8, 270, 117,  18]))
-----EXPERIMENT  70  END-------

-----EXPERIMENT  71  START-----
Percent of test data included in training:  0.5
Training Data:  ('../dataset/raw/pitsA.csv', '../dataset/raw/pitsF.csv')
Average
Precision | Recall | F-Score
(0.4845737586267674, 0.5157384987893463, 0.4975811328020911, None)

By Severity
Precision | Recall | F-Score
(array([0.        , 0.6442953 , 0.2       , 0.15384615]),
 array([0.        , 0.71111111, 0.14529915, 0.22222222]),
 array([0.        , 0.67605634, 0.16831683, 0.18181818]),
 array([  8, 270, 117,  18]))
-----EXPERIMENT  71  END-------

-----EXPERIMENT  72  START-----
Percent of test data included in training:  0.5
Training Data:  ('../dataset/raw/pitsB.csv', '../dataset/raw/pitsC.csv')
Average
Precision | Recall | F-Score
(0.5447420554467833, 0.559322033898305, 0.5513351836382744, None)

By Severity
Precision | Recall | F-Score
(array([0.        , 0.67719298, 0.34615385, 0.09090909]),
 array([0.        , 0.71481481, 0.30769231, 0.11111111]),
 array([0.        , 0.6954955 , 0.32579186, 0.1       ]),
 array([  8, 270, 117,  18]))
-----EXPERIMENT  72  END-------

-----EXPERIMENT  73  START-----
Percent of test data included in training:  0.5
Training Data:  ('../dataset/raw/pitsB.csv', '../dataset/raw/pitsD.csv')
Average
Precision | Recall | F-Score
(0.5117118174815078, 0.5375302663438256, 0.5222198141256537, None)

By Severity
Precision | Recall | F-Score
(array([0.        , 0.65100671, 0.28089888, 0.15      ]),
 array([0.        , 0.71851852, 0.21367521, 0.16666667]),
 array([0.        , 0.68309859, 0.24271845, 0.15789474]),
 array([  8, 270, 117,  18]))
-----EXPERIMENT  73  END-------

-----EXPERIMENT  74  START-----
Percent of test data included in training:  0.5
Training Data:  ('../dataset/raw/pitsB.csv', '../dataset/raw/pitsF.csv')
Average
Precision | Recall | F-Score
(0.5217185052776769, 0.4891041162227603, 0.5024992278890528, None)

By Severity
Precision | Recall | F-Score
(array([0.        , 0.66122449, 0.29565217, 0.13043478]),
 array([0.        , 0.6       , 0.29059829, 0.33333333]),
 array([0.        , 0.62912621, 0.29310345, 0.1875    ]),
 array([  8, 270, 117,  18]))
-----EXPERIMENT  74  END-------

-----EXPERIMENT  75  START-----
Percent of test data included in training:  0.5
Training Data:  ('../dataset/raw/pitsC.csv', '../dataset/raw/pitsD.csv')
Average
Precision | Recall | F-Score
(0.5262218322632899, 0.6029055690072639, 0.5432150951110609, None)

By Severity
Precision | Recall | F-Score
(array([0.        , 0.66857143, 0.29268293, 0.14285714]),
 array([0.        , 0.86666667, 0.1025641 , 0.16666667]),
 array([0.        , 0.75483871, 0.15189873, 0.15384615]),
 array([  8, 270, 117,  18]))
-----EXPERIMENT  75  END-------

-----EXPERIMENT  76  START-----
Percent of test data included in training:  0.5
Training Data:  ('../dataset/raw/pitsC.csv', '../dataset/raw/pitsF.csv')
Average
Precision | Recall | F-Score
(0.5345744410973912, 0.5956416464891041, 0.5521982441947223, None)

By Severity
Precision | Recall | F-Score
(array([0.        , 0.67164179, 0.29310345, 0.28571429]),
 array([0.        , 0.83333333, 0.14529915, 0.22222222]),
 array([0.        , 0.74380165, 0.19428571, 0.25      ]),
 array([  8, 270, 117,  18]))
-----EXPERIMENT  76  END-------

-----EXPERIMENT  77  START-----
Percent of test data included in training:  0.5
Training Data:  ('../dataset/raw/pitsD.csv', '../dataset/raw/pitsF.csv')
Average
Precision | Recall | F-Score
(0.5103825699938487, 0.4721549636803874, 0.4874753541787533, None)

By Severity
Precision | Recall | F-Score
(array([0.        , 0.65948276, 0.2585034 , 0.13793103]),
 array([0.        , 0.56666667, 0.32478632, 0.22222222]),
 array([0.        , 0.60956175, 0.28787879, 0.17021277]),
 array([  8, 270, 117,  18]))
-----EXPERIMENT  77  END-------

-----EXPERIMENT  78  START-----
Percent of test data included in training:  0.5
Training Data:  ('../dataset/raw/pitsA.csv', '../dataset/raw/pitsB.csv', '../dataset/raw/pitsC.csv')
Average
Precision | Recall | F-Score
(0.5149792953245609, 0.5714285714285714, 0.5349441491626905, None)

By Severity
Precision | Recall | F-Score
(array([0.        , 0.65137615, 0.28169014, 0.21428571]),
 array([0.        , 0.78888889, 0.17094017, 0.16666667]),
 array([0.        , 0.71356784, 0.21276596, 0.1875    ]),
 array([  8, 270, 117,  18]))
-----EXPERIMENT  78  END-------

-----EXPERIMENT  79  START-----
Percent of test data included in training:  0.5
Training Data:  ('../dataset/raw/pitsA.csv', '../dataset/raw/pitsB.csv', '../dataset/raw/pitsD.csv')
Average
Precision | Recall | F-Score
(0.5353152490586516, 0.576271186440678, 0.5488588257238456, None)

By Severity
Precision | Recall | F-Score
(array([0.        , 0.66876972, 0.32432432, 0.14285714]),
 array([0.        , 0.78518519, 0.20512821, 0.11111111]),
 array([0.        , 0.72231687, 0.2513089 , 0.125     ]),
 array([  8, 270, 117,  18]))
-----EXPERIMENT  79  END-------

-----EXPERIMENT  80  START-----
Percent of test data included in training:  0.5
Training Data:  ('../dataset/raw/pitsA.csv', '../dataset/raw/pitsB.csv', '../dataset/raw/pitsF.csv')
Average
Precision | Recall | F-Score
(0.5063987990967275, 0.549636803874092, 0.5236370735656012, None)

By Severity
Precision | Recall | F-Score
(array([0.        , 0.65273312, 0.25925926, 0.14285714]),
 array([0.        , 0.75185185, 0.17948718, 0.16666667]),
 array([0.        , 0.69879518, 0.21212121, 0.15384615]),
 array([  8, 270, 117,  18]))
-----EXPERIMENT  80  END-------

-----EXPERIMENT  81  START-----
Percent of test data included in training:  0.5
Training Data:  ('../dataset/raw/pitsA.csv', '../dataset/raw/pitsC.csv', '../dataset/raw/pitsD.csv')
Average
Precision | Recall | F-Score
(0.4868416982336548, 0.5447941888619855, 0.5088200412142155, None)

By Severity
Precision | Recall | F-Score
(array([0.        , 0.63580247, 0.20731707, 0.28571429]),
 array([0.        , 0.76296296, 0.14529915, 0.11111111]),
 array([0.        , 0.69360269, 0.17085427, 0.16      ]),
 array([  8, 270, 117,  18]))
-----EXPERIMENT  81  END-------

-----EXPERIMENT  82  START-----
Percent of test data included in training:  0.5
Training Data:  ('../dataset/raw/pitsA.csv', '../dataset/raw/pitsC.csv', '../dataset/raw/pitsF.csv')
Average
Precision | Recall | F-Score
(0.5362095531587058, 0.5932203389830508, 0.5494807248024406, None)

By Severity
Precision | Recall | F-Score
(array([0.        , 0.66666667, 0.33333333, 0.13636364]),
 array([0.        , 0.82962963, 0.15384615, 0.16666667]),
 array([0.        , 0.73927393, 0.21052632, 0.15      ]),
 array([  8, 270, 117,  18]))
-----EXPERIMENT  82  END-------

-----EXPERIMENT  83  START-----
Percent of test data included in training:  0.5
Training Data:  ('../dataset/raw/pitsA.csv', '../dataset/raw/pitsD.csv', '../dataset/raw/pitsF.csv')
Average
Precision | Recall | F-Score
(0.4847022780056333, 0.5012106537530266, 0.48867459172634076, None)

By Severity
Precision | Recall | F-Score
(array([0.        , 0.63265306, 0.24      , 0.07142857]),
 array([0.        , 0.68888889, 0.15384615, 0.16666667]),
 array([0.        , 0.65957447, 0.1875    , 0.1       ]),
 array([  8, 270, 117,  18]))
-----EXPERIMENT  83  END-------

-----EXPERIMENT  84  START-----
Percent of test data included in training:  0.5
Training Data:  ('../dataset/raw/pitsB.csv', '../dataset/raw/pitsC.csv', '../dataset/raw/pitsD.csv')
Average
Precision | Recall | F-Score
(0.4900436281675053, 0.6053268765133172, 0.5226808507090631, None)

By Severity
Precision | Recall | F-Score
(array([0.        , 0.65053763, 0.22857143, 0.        ]),
 array([0.        , 0.8962963 , 0.06837607, 0.        ]),
 array([0.        , 0.75389408, 0.10526316, 0.        ]),
 array([  8, 270, 117,  18]))
-----EXPERIMENT  84  END-------

-----EXPERIMENT  85  START-----
Percent of test data included in training:  0.5
Training Data:  ('../dataset/raw/pitsB.csv', '../dataset/raw/pitsC.csv', '../dataset/raw/pitsF.csv')
Average
Precision | Recall | F-Score
(0.4885589510555035, 0.5302663438256658, 0.5033432389415372, None)

By Severity
Precision | Recall | F-Score
(array([0.        , 0.63754045, 0.22535211, 0.18181818]),
 array([0.        , 0.72962963, 0.13675214, 0.33333333]),
 array([0.        , 0.68048359, 0.17021277, 0.23529412]),
 array([  8, 270, 117,  18]))
-----EXPERIMENT  85  END-------

-----EXPERIMENT  86  START-----
Percent of test data included in training:  0.5
Training Data:  ('../dataset/raw/pitsB.csv', '../dataset/raw/pitsD.csv', '../dataset/raw/pitsF.csv')
Average
Precision | Recall | F-Score
(0.4920383811465093, 0.4479418886198548, 0.46413113568949144, None)

By Severity
Precision | Recall | F-Score
(array([0.        , 0.64159292, 0.22695035, 0.19047619]),
 array([0.        , 0.53703704, 0.27350427, 0.44444444]),
 array([0.        , 0.58467742, 0.24806202, 0.26666667]),
 array([  8, 270, 117,  18]))
-----EXPERIMENT  86  END-------

-----EXPERIMENT  87  START-----
Percent of test data included in training:  0.5
Training Data:  ('../dataset/raw/pitsC.csv', '../dataset/raw/pitsD.csv', '../dataset/raw/pitsF.csv')
Average
Precision | Recall | F-Score
(0.5140041556506447, 0.5278450363196125, 0.5189131987388298, None)

By Severity
Precision | Recall | F-Score
(array([0.        , 0.66083916, 0.26373626, 0.16666667]),
 array([0.        , 0.7       , 0.20512821, 0.27777778]),
 array([0.        , 0.67985612, 0.23076923, 0.20833333]),
 array([  8, 270, 117,  18]))
-----EXPERIMENT  87  END-------

-----EXPERIMENT  88  START-----
Percent of test data included in training:  0.5
Training Data:  ('../dataset/raw/pitsA.csv', '../dataset/raw/pitsB.csv', '../dataset/raw/pitsC.csv', '../dataset/raw/pitsD.csv')
Average
Precision | Recall | F-Score
(0.5317708732105251, 0.6150121065375302, 0.5472890278935251, None)

By Severity
Precision | Recall | F-Score
(array([0.        , 0.66022099, 0.27659574, 0.5       ]),
 array([0.        , 0.88518519, 0.11111111, 0.11111111]),
 array([0.        , 0.75632911, 0.15853659, 0.18181818]),
 array([  8, 270, 117,  18]))
-----EXPERIMENT  88  END-------

-----EXPERIMENT  89  START-----
Percent of test data included in training:  0.5
Training Data:  ('../dataset/raw/pitsA.csv', '../dataset/raw/pitsB.csv', '../dataset/raw/pitsC.csv', '../dataset/raw/pitsF.csv')
Average
Precision | Recall | F-Score
(0.5246158502514434, 0.576271186440678, 0.5444008867485263, None)

By Severity
Precision | Recall | F-Score
(array([0.        , 0.6625    , 0.2875    , 0.23076923]),
 array([0.        , 0.78518519, 0.1965812 , 0.16666667]),
 array([0.        , 0.71864407, 0.23350254, 0.19354839]),
 array([  8, 270, 117,  18]))
-----EXPERIMENT  89  END-------

-----EXPERIMENT  90  START-----
Percent of test data included in training:  0.5
Training Data:  ('../dataset/raw/pitsA.csv', '../dataset/raw/pitsB.csv', '../dataset/raw/pitsD.csv', '../dataset/raw/pitsF.csv')
Average
Precision | Recall | F-Score
(0.5169010410495725, 0.5084745762711864, 0.5098007350183598, None)

By Severity
Precision | Recall | F-Score
(array([0.        , 0.65682657, 0.29347826, 0.1       ]),
 array([0.        , 0.65925926, 0.23076923, 0.27777778]),
 array([0.        , 0.65804067, 0.25837321, 0.14705882]),
 array([  8, 270, 117,  18]))
-----EXPERIMENT  90  END-------

-----EXPERIMENT  91  START-----
Percent of test data included in training:  0.5
Training Data:  ('../dataset/raw/pitsA.csv', '../dataset/raw/pitsC.csv', '../dataset/raw/pitsD.csv', '../dataset/raw/pitsF.csv')
Average
Precision | Recall | F-Score
(0.49689880761270777, 0.5447941888619855, 0.5158389278268449, None)

By Severity
Precision | Recall | F-Score
(array([0.        , 0.64968153, 0.23376623, 0.13636364]),
 array([0.        , 0.75555556, 0.15384615, 0.16666667]),
 array([0.        , 0.69863014, 0.18556701, 0.15      ]),
 array([  8, 270, 117,  18]))
-----EXPERIMENT  91  END-------

-----EXPERIMENT  92  START-----
Percent of test data included in training:  0.5
Training Data:  ('../dataset/raw/pitsB.csv', '../dataset/raw/pitsC.csv', '../dataset/raw/pitsD.csv', '../dataset/raw/pitsF.csv')
Average
Precision | Recall | F-Score
(0.5153288790984726, 0.513317191283293, 0.5138294211645217, None)

By Severity
Precision | Recall | F-Score
(array([0.        , 0.65413534, 0.28205128, 0.17857143]),
 array([0.        , 0.64444444, 0.28205128, 0.27777778]),
 array([0.        , 0.64925373, 0.28205128, 0.2173913 ]),
 array([  8, 270, 117,  18]))
-----EXPERIMENT  92  END-------

-----EXPERIMENT  93  START-----
Percent of test data included in training:  0.5
Training Data:  ('../dataset/raw/pitsA.csv', '../dataset/raw/pitsB.csv', '../dataset/raw/pitsC.csv', '../dataset/raw/pitsD.csv', '../dataset/raw/pitsF.csv')
Average
Precision | Recall | F-Score
(0.513724494912798, 0.5811138014527845, 0.535580476615267, None)

By Severity
Precision | Recall | F-Score
(array([0.        , 0.65088757, 0.28571429, 0.16666667]),
 array([0.        , 0.81481481, 0.15384615, 0.11111111]),
 array([0.        , 0.72368421, 0.2       , 0.13333333]),
 array([  8, 270, 117,  18]))
-----EXPERIMENT  93  END-------

-----EXPERIMENT  94  START-----
Percent of test data included in training:  0.8
Training Data:  ['../dataset/raw/pitsA.csv']
Average
Precision | Recall | F-Score
(0.5898057063169003, 0.47878787878787876, 0.48921347770268636, None)

By Severity
Precision | Recall | F-Score
(array([0.        , 0.74626866, 0.30208333, 0.        ]),
 array([0.        , 0.44247788, 0.6744186 , 0.        ]),
 array([0.        , 0.55555556, 0.41726619, 0.        ]),
 array([  1, 113,  43,   8]))
-----EXPERIMENT  94  END-------

-----EXPERIMENT  95  START-----
Percent of test data included in training:  0.8
Training Data:  ['../dataset/raw/pitsB.csv']
Average
Precision | Recall | F-Score
(0.5634464301130968, 0.5575757575757576, 0.5595213867659689, None)

By Severity
Precision | Recall | F-Score
(array([0.        , 0.71296296, 0.28846154, 0.        ]),
 array([0.        , 0.68141593, 0.34883721, 0.        ]),
 array([0.        , 0.69683258, 0.31578947, 0.        ]),
 array([  1, 113,  43,   8]))
-----EXPERIMENT  95  END-------

-----EXPERIMENT  96  START-----
Percent of test data included in training:  0.8
Training Data:  ['../dataset/raw/pitsC.csv']
Average
Precision | Recall | F-Score
(0.5470847259801581, 0.5333333333333333, 0.5367521367521367, None)

By Severity
Precision | Recall | F-Score
(array([0.        , 0.69902913, 0.26229508, 0.        ]),
 array([0.        , 0.63716814, 0.37209302, 0.        ]),
 array([0.        , 0.66666667, 0.30769231, 0.        ]),
 array([  1, 113,  43,   8]))
-----EXPERIMENT  96  END-------

-----EXPERIMENT  97  START-----
Percent of test data included in training:  0.8
Training Data:  ['../dataset/raw/pitsD.csv']
Average
Precision | Recall | F-Score
(0.5548900772430184, 0.5393939393939394, 0.5434041475947098, None)

By Severity
Precision | Recall | F-Score
(array([0.        , 0.69607843, 0.3       , 0.        ]),
 array([0.        , 0.62831858, 0.41860465, 0.        ]),
 array([0.        , 0.66046512, 0.34951456, 0.        ]),
 array([  1, 113,  43,   8]))
-----EXPERIMENT  97  END-------

-----EXPERIMENT  98  START-----
Percent of test data included in training:  0.8
Training Data:  ['../dataset/raw/pitsE.csv']
Average
Precision | Recall | F-Score
(0.8950011745360582, 0.8909090909090909, 0.8825246529763681, None)

By Severity
Precision | Recall | F-Score
(array([0.        , 0.86821705, 0.96666667, 1.        ]),
 array([0.        , 0.99115044, 0.6744186 , 0.75      ]),
 array([0.        , 0.92561983, 0.79452055, 0.85714286]),
 array([  1, 113,  43,   8]))
-----EXPERIMENT  98  END-------

-----EXPERIMENT  99  START-----
Percent of test data included in training:  0.8
Training Data:  ('../dataset/raw/pitsA.csv', '../dataset/raw/pitsB.csv')
Average
Precision | Recall | F-Score
(0.5641961863273339, 0.5575757575757576, 0.5572953927792638, None)

By Severity
Precision | Recall | F-Score
(array([0.        , 0.71153846, 0.29508197, 0.        ]),
 array([0.        , 0.65486726, 0.41860465, 0.        ]),
 array([0.        , 0.68202765, 0.34615385, 0.        ]),
 array([  1, 113,  43,   8]))
-----EXPERIMENT  99  END-------

-----EXPERIMENT  100  START-----
Percent of test data included in training:  0.8
Training Data:  ('../dataset/raw/pitsA.csv', '../dataset/raw/pitsC.csv')
Average
Precision | Recall | F-Score
(0.6270435446906035, 0.6545454545454545, 0.6404388714733543, None)

By Severity
Precision | Recall | F-Score
(array([0.        , 0.75630252, 0.41860465, 0.        ]),
 array([0.        , 0.79646018, 0.41860465, 0.        ]),
 array([0.        , 0.77586207, 0.41860465, 0.        ]),
 array([  1, 113,  43,   8]))
-----EXPERIMENT  100  END-------

-----EXPERIMENT  101  START-----
Percent of test data included in training:  0.8
Training Data:  ('../dataset/raw/pitsA.csv', '../dataset/raw/pitsD.csv')
Average
Precision | Recall | F-Score
(0.6011847801321485, 0.5757575757575758, 0.5782407120902696, None)

By Severity
Precision | Recall | F-Score
(array([0.        , 0.74736842, 0.34285714, 0.        ]),
 array([0.        , 0.62831858, 0.55813953, 0.        ]),
 array([0.        , 0.68269231, 0.42477876, 0.        ]),
 array([  1, 113,  43,   8]))
-----EXPERIMENT  101  END-------

-----EXPERIMENT  102  START-----
Percent of test data included in training:  0.8
Training Data:  ('../dataset/raw/pitsA.csv', '../dataset/raw/pitsF.csv')
Average
Precision | Recall | F-Score
(0.5973273475495697, 0.48484848484848486, 0.5138141885568104, None)

By Severity
Precision | Recall | F-Score
(array([0.        , 0.76      , 0.27160494, 0.125     ]),
 array([0.        , 0.50442478, 0.51162791, 0.125     ]),
 array([0.        , 0.60638298, 0.35483871, 0.125     ]),
 array([  1, 113,  43,   8]))
-----EXPERIMENT  102  END-------

-----EXPERIMENT  103  START-----
Percent of test data included in training:  0.8
Training Data:  ('../dataset/raw/pitsB.csv', '../dataset/raw/pitsC.csv')
Average
Precision | Recall | F-Score
(0.5854884246188595, 0.5575757575757576, 0.5707833931522212, None)

By Severity
Precision | Recall | F-Score
(array([0.        , 0.71428571, 0.36956522, 0.        ]),
 array([0.        , 0.66371681, 0.39534884, 0.        ]),
 array([0.        , 0.68807339, 0.38202247, 0.        ]),
 array([  1, 113,  43,   8]))
-----EXPERIMENT  103  END-------

-----EXPERIMENT  104  START-----
Percent of test data included in training:  0.8
Training Data:  ('../dataset/raw/pitsB.csv', '../dataset/raw/pitsD.csv')
Average
Precision | Recall | F-Score
(0.5928508800068434, 0.593939393939394, 0.5923404744457376, None)

By Severity
Precision | Recall | F-Score
(array([0.        , 0.73394495, 0.34615385, 0.        ]),
 array([0.        , 0.7079646 , 0.41860465, 0.        ]),
 array([0.        , 0.72072072, 0.37894737, 0.        ]),
 array([  1, 113,  43,   8]))
-----EXPERIMENT  104  END-------

-----EXPERIMENT  105  START-----
Percent of test data included in training:  0.8
Training Data:  ('../dataset/raw/pitsB.csv', '../dataset/raw/pitsF.csv')
Average
Precision | Recall | F-Score
(0.5755143540669857, 0.4909090909090909, 0.5130016585060779, None)

By Severity
Precision | Recall | F-Score
(array([0.        , 0.7125    , 0.28947368, 0.25      ]),
 array([0.        , 0.50442478, 0.51162791, 0.25      ]),
 array([0.        , 0.59067358, 0.3697479 , 0.25      ]),
 array([  1, 113,  43,   8]))
-----EXPERIMENT  105  END-------

-----EXPERIMENT  106  START-----
Percent of test data included in training:  0.8
Training Data:  ('../dataset/raw/pitsC.csv', '../dataset/raw/pitsD.csv')
Average
Precision | Recall | F-Score
(0.5705903295247559, 0.593939393939394, 0.5791425381497857, None)

By Severity
Precision | Recall | F-Score
(array([0.        , 0.70491803, 0.275     , 0.33333333]),
 array([0.        , 0.76106195, 0.25581395, 0.125     ]),
 array([0.        , 0.73191489, 0.26506024, 0.18181818]),
 array([  1, 113,  43,   8]))
-----EXPERIMENT  106  END-------

-----EXPERIMENT  107  START-----
Percent of test data included in training:  0.8
Training Data:  ('../dataset/raw/pitsC.csv', '../dataset/raw/pitsF.csv')
Average
Precision | Recall | F-Score
(0.5767374681393372, 0.5636363636363636, 0.5693557273615926, None)

By Severity
Precision | Recall | F-Score
(array([0.        , 0.71028037, 0.3       , 0.25      ]),
 array([0.        , 0.67256637, 0.34883721, 0.25      ]),
 array([0.        , 0.69090909, 0.32258065, 0.25      ]),
 array([  1, 113,  43,   8]))
-----EXPERIMENT  107  END-------

-----EXPERIMENT  108  START-----
Percent of test data included in training:  0.8
Training Data:  ('../dataset/raw/pitsD.csv', '../dataset/raw/pitsF.csv')
Average
Precision | Recall | F-Score
(0.5547018199192111, 0.5272727272727272, 0.53940920195492, None)

By Severity
Precision | Recall | F-Score
(array([0.        , 0.69230769, 0.2826087 , 0.14285714]),
 array([0.        , 0.63716814, 0.30232558, 0.25      ]),
 array([0.        , 0.66359447, 0.29213483, 0.18181818]),
 array([  1, 113,  43,   8]))
-----EXPERIMENT  108  END-------

-----EXPERIMENT  109  START-----
Percent of test data included in training:  0.8
Training Data:  ('../dataset/raw/pitsA.csv', '../dataset/raw/pitsB.csv', '../dataset/raw/pitsC.csv')
Average
Precision | Recall | F-Score
(0.6415507688828584, 0.5272727272727272, 0.5346500981033355, None)

By Severity
Precision | Recall | F-Score
(array([0.        , 0.80597015, 0.34375   , 0.        ]),
 array([0.        , 0.47787611, 0.76744186, 0.        ]),
 array([0.        , 0.6       , 0.47482014, 0.        ]),
 array([  1, 113,  43,   8]))
-----EXPERIMENT  109  END-------

-----EXPERIMENT  110  START-----
Percent of test data included in training:  0.8
Training Data:  ('../dataset/raw/pitsA.csv', '../dataset/raw/pitsB.csv', '../dataset/raw/pitsD.csv')
Average
Precision | Recall | F-Score
(0.6027233877233877, 0.5151515151515151, 0.5332750309892438, None)

By Severity
Precision | Recall | F-Score
(array([0.        , 0.75641026, 0.325     , 0.        ]),
 array([0.        , 0.52212389, 0.60465116, 0.        ]),
 array([0.        , 0.61780105, 0.42276423, 0.        ]),
 array([  1, 113,  43,   8]))
-----EXPERIMENT  110  END-------

-----EXPERIMENT  111  START-----
Percent of test data included in training:  0.8
Training Data:  ('../dataset/raw/pitsA.csv', '../dataset/raw/pitsB.csv', '../dataset/raw/pitsF.csv')
Average
Precision | Recall | F-Score
(0.5519089686746452, 0.5212121212121212, 0.5340326215555042, None)

By Severity
Precision | Recall | F-Score
(array([0.        , 0.69306931, 0.25925926, 0.2       ]),
 array([0.        , 0.61946903, 0.3255814 , 0.25      ]),
 array([0.        , 0.65420561, 0.28865979, 0.22222222]),
 array([  1, 113,  43,   8]))
-----EXPERIMENT  111  END-------

-----EXPERIMENT  112  START-----
Percent of test data included in training:  0.8
Training Data:  ('../dataset/raw/pitsA.csv', '../dataset/raw/pitsC.csv', '../dataset/raw/pitsD.csv')
Average
Precision | Recall | F-Score
(0.5888059388059388, 0.6, 0.5934199134199134, None)

By Severity
Precision | Recall | F-Score
(array([0.        , 0.72072072, 0.36538462, 0.        ]),
 array([0.        , 0.7079646 , 0.44186047, 0.        ]),
 array([0.        , 0.71428571, 0.4       , 0.        ]),
 array([  1, 113,  43,   8]))
-----EXPERIMENT  112  END-------

-----EXPERIMENT  113  START-----
Percent of test data included in training:  0.8
Training Data:  ('../dataset/raw/pitsA.csv', '../dataset/raw/pitsC.csv', '../dataset/raw/pitsF.csv')
Average
Precision | Recall | F-Score
(0.5583874458874458, 0.5636363636363636, 0.5607423687423686, None)

By Severity
Precision | Recall | F-Score
(array([0.        , 0.69642857, 0.3125    , 0.        ]),
 array([0.        , 0.69026549, 0.34883721, 0.        ]),
 array([0.        , 0.69333333, 0.32967033, 0.        ]),
 array([  1, 113,  43,   8]))
-----EXPERIMENT  113  END-------

-----EXPERIMENT  114  START-----
Percent of test data included in training:  0.8
Training Data:  ('../dataset/raw/pitsA.csv', '../dataset/raw/pitsD.csv', '../dataset/raw/pitsF.csv')
Average
Precision | Recall | F-Score
(0.5376403907823104, 0.47878787878787876, 0.5006495266251364, None)

By Severity
Precision | Recall | F-Score
(array([0.        , 0.67391304, 0.26415094, 0.15      ]),
 array([0.        , 0.54867257, 0.3255814 , 0.375     ]),
 array([0.        , 0.60487805, 0.29166667, 0.21428571]),
 array([  1, 113,  43,   8]))
-----EXPERIMENT  114  END-------

-----EXPERIMENT  115  START-----
Percent of test data included in training:  0.8
Training Data:  ('../dataset/raw/pitsB.csv', '../dataset/raw/pitsC.csv', '../dataset/raw/pitsD.csv')
Average
Precision | Recall | F-Score
(0.5582882526278752, 0.5454545454545454, 0.5506030747270834, None)

By Severity
Precision | Recall | F-Score
(array([0.        , 0.69811321, 0.30769231, 0.        ]),
 array([0.        , 0.65486726, 0.37209302, 0.        ]),
 array([0.        , 0.67579909, 0.33684211, 0.        ]),
 array([  1, 113,  43,   8]))
-----EXPERIMENT  115  END-------

-----EXPERIMENT  116  START-----
Percent of test data included in training:  0.8
Training Data:  ('../dataset/raw/pitsB.csv', '../dataset/raw/pitsC.csv', '../dataset/raw/pitsF.csv')
Average
Precision | Recall | F-Score
(0.5570895288286591, 0.47878787878787876, 0.5036770167227019, None)

By Severity
Precision | Recall | F-Score
(array([0.        , 0.70238095, 0.26086957, 0.16666667]),
 array([0.        , 0.52212389, 0.41860465, 0.25      ]),
 array([0.        , 0.59898477, 0.32142857, 0.2       ]),
 array([  1, 113,  43,   8]))
-----EXPERIMENT  116  END-------

-----EXPERIMENT  117  START-----
Percent of test data included in training:  0.8
Training Data:  ('../dataset/raw/pitsB.csv', '../dataset/raw/pitsD.csv', '../dataset/raw/pitsF.csv')
Average
Precision | Recall | F-Score
(0.5775677992041628, 0.5454545454545454, 0.558388203766355, None)

By Severity
Precision | Recall | F-Score
(array([0.        , 0.71      , 0.30909091, 0.22222222]),
 array([0.        , 0.62831858, 0.39534884, 0.25      ]),
 array([0.        , 0.66666667, 0.34693878, 0.23529412]),
 array([  1, 113,  43,   8]))
-----EXPERIMENT  117  END-------

-----EXPERIMENT  118  START-----
Percent of test data included in training:  0.8
Training Data:  ('../dataset/raw/pitsC.csv', '../dataset/raw/pitsD.csv', '../dataset/raw/pitsF.csv')
Average
Precision | Recall | F-Score
(0.5982190722820409, 0.5393939393939394, 0.5546450216450217, None)

By Severity
Precision | Recall | F-Score
(array([0.        , 0.73563218, 0.36231884, 0.        ]),
 array([0.        , 0.56637168, 0.58139535, 0.        ]),
 array([0.        , 0.64      , 0.44642857, 0.        ]),
 array([  1, 113,  43,   8]))
-----EXPERIMENT  118  END-------

-----EXPERIMENT  119  START-----
Percent of test data included in training:  0.8
Training Data:  ('../dataset/raw/pitsA.csv', '../dataset/raw/pitsB.csv', '../dataset/raw/pitsC.csv', '../dataset/raw/pitsD.csv')
Average
Precision | Recall | F-Score
(0.5658536585365853, 0.49696969696969695, 0.5103241647241648, None)

By Severity
Precision | Recall | F-Score
(array([0.       , 0.7195122, 0.2804878, 0.       ]),
 array([0.        , 0.52212389, 0.53488372, 0.        ]),
 array([0.        , 0.60512821, 0.368     , 0.        ]),
 array([  1, 113,  43,   8]))
-----EXPERIMENT  119  END-------

-----EXPERIMENT  120  START-----
Percent of test data included in training:  0.8
Training Data:  ('../dataset/raw/pitsA.csv', '../dataset/raw/pitsB.csv', '../dataset/raw/pitsC.csv', '../dataset/raw/pitsF.csv')
Average
Precision | Recall | F-Score
(0.5943319495043632, 0.5151515151515151, 0.5357878081514444, None)

By Severity
Precision | Recall | F-Score
(array([0.        , 0.71264368, 0.28378378, 0.66666667]),
 array([0.        , 0.54867257, 0.48837209, 0.25      ]),
 array([0.        , 0.62      , 0.35897436, 0.36363636]),
 array([  1, 113,  43,   8]))
-----EXPERIMENT  120  END-------

-----EXPERIMENT  121  START-----
Percent of test data included in training:  0.8
Training Data:  ('../dataset/raw/pitsA.csv', '../dataset/raw/pitsB.csv', '../dataset/raw/pitsD.csv', '../dataset/raw/pitsF.csv')
Average
Precision | Recall | F-Score
(0.5618180063620396, 0.5212121212121212, 0.5386123578845188, None)

By Severity
Precision | Recall | F-Score
(array([0.        , 0.7029703 , 0.28888889, 0.10526316]),
 array([0.        , 0.62831858, 0.30232558, 0.25      ]),
 array([0.        , 0.6635514 , 0.29545455, 0.14814815]),
 array([  1, 113,  43,   8]))
-----EXPERIMENT  121  END-------

-----EXPERIMENT  122  START-----
Percent of test data included in training:  0.8
Training Data:  ('../dataset/raw/pitsA.csv', '../dataset/raw/pitsC.csv', '../dataset/raw/pitsD.csv', '../dataset/raw/pitsF.csv')
Average
Precision | Recall | F-Score
(0.5912198386843417, 0.5212121212121212, 0.543623323858618, None)

By Severity
Precision | Recall | F-Score
(array([0.        , 0.73563218, 0.29411765, 0.22222222]),
 array([0.        , 0.56637168, 0.46511628, 0.25      ]),
 array([0.        , 0.64      , 0.36036036, 0.23529412]),
 array([  1, 113,  43,   8]))
-----EXPERIMENT  122  END-------

-----EXPERIMENT  123  START-----
Percent of test data included in training:  0.8
Training Data:  ('../dataset/raw/pitsB.csv', '../dataset/raw/pitsC.csv', '../dataset/raw/pitsD.csv', '../dataset/raw/pitsF.csv')
Average
Precision | Recall | F-Score
(0.5885453979571627, 0.5151515151515151, 0.5382342579598155, None)

By Severity
Precision | Recall | F-Score
(array([0.        , 0.71764706, 0.34920635, 0.125     ]),
 array([0.        , 0.53982301, 0.51162791, 0.25      ]),
 array([0.        , 0.61616162, 0.41509434, 0.16666667]),
 array([  1, 113,  43,   8]))
-----EXPERIMENT  123  END-------

-----EXPERIMENT  124  START-----
Percent of test data included in training:  0.8
Training Data:  ('../dataset/raw/pitsA.csv', '../dataset/raw/pitsB.csv', '../dataset/raw/pitsC.csv', '../dataset/raw/pitsD.csv', '../dataset/raw/pitsF.csv')
Average
Precision | Recall | F-Score
(0.5359070561494407, 0.4666666666666667, 0.48838771208514664, None)

By Severity
Precision | Recall | F-Score
(array([0.        , 0.68604651, 0.25352113, 0.        ]),
 array([0.        , 0.52212389, 0.41860465, 0.        ]),
 array([0.        , 0.59296482, 0.31578947, 0.        ]),
 array([  1, 113,  43,   8]))
-----EXPERIMENT  124  END-------

-----EXPERIMENT  125  START-----
Percent of test data included in training:  0.95
Training Data:  ['../dataset/raw/pitsA.csv']
Average
Precision | Recall | F-Score
(0.6529391660970608, 0.5714285714285714, 0.5847155883630047, None)

By Severity
Precision | Recall | F-Score
(array([0.        , 0.78947368, 0.40909091, 0.        ]),
 array([0.        , 0.53571429, 0.69230769, 0.        ]),
 array([0.        , 0.63829787, 0.51428571, 0.        ]),
 array([ 0, 28, 13,  1]))
-----EXPERIMENT  125  END-------

-----EXPERIMENT  126  START-----
Percent of test data included in training:  0.95
Training Data:  ['../dataset/raw/pitsB.csv']
Average
Precision | Recall | F-Score
(0.485978835978836, 0.40476190476190477, 0.43317972350230416, None)

By Severity
Precision | Recall | F-Score
(array([0.        , 0.6       , 0.27777778, 0.        ]),
 array([0.        , 0.42857143, 0.38461538, 0.        ]),
 array([0.        , 0.5       , 0.32258065, 0.        ]),
 array([ 0, 28, 13,  1]))
-----EXPERIMENT  126  END-------

-----EXPERIMENT  127  START-----
Percent of test data included in training:  0.95
Training Data:  ['../dataset/raw/pitsC.csv']
Average
Precision | Recall | F-Score
(0.6125541125541125, 0.5476190476190477, 0.5581632653061226, None)

By Severity
Precision | Recall | F-Score
(array([0.        , 0.75      , 0.36363636, 0.        ]),
 array([0.        , 0.53571429, 0.61538462, 0.        ]),
 array([0.        , 0.625     , 0.45714286, 0.        ]),
 array([ 0, 28, 13,  1]))
-----EXPERIMENT  127  END-------

-----EXPERIMENT  128  START-----
Percent of test data included in training:  0.95
Training Data:  ['../dataset/raw/pitsD.csv']
Average
Precision | Recall | F-Score
(0.5320197044334976, 0.5476190476190477, 0.5396825396825397, None)

By Severity
Precision | Recall | F-Score
(array([0.        , 0.65517241, 0.30769231, 0.        ]),
 array([0.        , 0.67857143, 0.30769231, 0.        ]),
 array([0.        , 0.66666667, 0.30769231, 0.        ]),
 array([ 0, 28, 13,  1]))
-----EXPERIMENT  128  END-------

-----EXPERIMENT  129  START-----
Percent of test data included in training:  0.95
Training Data:  ['../dataset/raw/pitsE.csv']
Average
Precision | Recall | F-Score
(0.757936507936508, 0.7619047619047619, 0.725407268170426, None)

By Severity
Precision | Recall | F-Score
(array([0.        , 0.75      , 0.83333333, 0.        ]),
 array([0.        , 0.96428571, 0.38461538, 0.        ]),
 array([0.        , 0.84375   , 0.52631579, 0.        ]),
 array([ 0, 28, 13,  1]))
-----EXPERIMENT  129  END-------

-----EXPERIMENT  130  START-----
Percent of test data included in training:  0.95
Training Data:  ('../dataset/raw/pitsA.csv', '../dataset/raw/pitsB.csv')
Average
Precision | Recall | F-Score
(0.598883572567783, 0.5476190476190477, 0.5620833333333334, None)

By Severity
Precision | Recall | F-Score
(array([0.        , 0.72727273, 0.36842105, 0.        ]),
 array([0.        , 0.57142857, 0.53846154, 0.        ]),
 array([0.    , 0.64  , 0.4375, 0.    ]),
 array([ 0, 28, 13,  1]))
-----EXPERIMENT  130  END-------

-----EXPERIMENT  131  START-----
Percent of test data included in training:  0.95
Training Data:  ('../dataset/raw/pitsA.csv', '../dataset/raw/pitsC.csv')
Average
Precision | Recall | F-Score
(0.5258190232614786, 0.47619047619047616, 0.49533146591970123, None)

By Severity
Precision | Recall | F-Score
(array([0.        , 0.65217391, 0.29411765, 0.        ]),
 array([0.        , 0.53571429, 0.38461538, 0.        ]),
 array([0.        , 0.58823529, 0.33333333, 0.        ]),
 array([ 0, 28, 13,  1]))
-----EXPERIMENT  131  END-------

-----EXPERIMENT  132  START-----
Percent of test data included in training:  0.95
Training Data:  ('../dataset/raw/pitsA.csv', '../dataset/raw/pitsD.csv')
Average
Precision | Recall | F-Score
(0.594035594035594, 0.5, 0.5183081928423544, None)

By Severity
Precision | Recall | F-Score
(array([0.        , 0.72222222, 0.36363636, 0.        ]),
 array([0.        , 0.46428571, 0.61538462, 0.        ]),
 array([0.        , 0.56521739, 0.45714286, 0.        ]),
 array([ 0, 28, 13,  1]))
-----EXPERIMENT  132  END-------

-----EXPERIMENT  133  START-----
Percent of test data included in training:  0.95
Training Data:  ('../dataset/raw/pitsA.csv', '../dataset/raw/pitsF.csv')
Average
Precision | Recall | F-Score
(0.4773809523809524, 0.42857142857142855, 0.451644204851752, None)

By Severity
Precision | Recall | F-Score
(array([0.  , 0.6 , 0.25, 0.  ]),
 array([0.        , 0.53571429, 0.23076923, 0.        ]),
 array([0.        , 0.56603774, 0.24      , 0.        ]),
 array([ 0, 28, 13,  1]))
-----EXPERIMENT  133  END-------

-----EXPERIMENT  134  START-----
Percent of test data included in training:  0.95
Training Data:  ('../dataset/raw/pitsB.csv', '../dataset/raw/pitsC.csv')
Average
Precision | Recall | F-Score
(0.6386243386243385, 0.6190476190476191, 0.6234512613822959, None)

By Severity
Precision | Recall | F-Score
(array([0.        , 0.7       , 0.55555556, 0.        ]),
 array([0.        , 0.75      , 0.38461538, 0.        ]),
 array([0.        , 0.72413793, 0.45454545, 0.        ]),
 array([ 0, 28, 13,  1]))
-----EXPERIMENT  134  END-------

-----EXPERIMENT  135  START-----
Percent of test data included in training:  0.95
Training Data:  ('../dataset/raw/pitsB.csv', '../dataset/raw/pitsD.csv')
Average
Precision | Recall | F-Score
(0.5372108843537415, 0.5, 0.5171541712422216, None)

By Severity
Precision | Recall | F-Score
(array([0.        , 0.64      , 0.35714286, 0.        ]),
 array([0.        , 0.57142857, 0.38461538, 0.        ]),
 array([0.        , 0.60377358, 0.37037037, 0.        ]),
 array([ 0, 28, 13,  1]))
-----EXPERIMENT  135  END-------

-----EXPERIMENT  136  START-----
Percent of test data included in training:  0.95
Training Data:  ('../dataset/raw/pitsB.csv', '../dataset/raw/pitsF.csv')
Average
Precision | Recall | F-Score
(0.6086580086580087, 0.5238095238095238, 0.5593197278911565, None)

By Severity
Precision | Recall | F-Score
(array([0.        , 0.72727273, 0.4       , 0.        ]),
 array([0.        , 0.57142857, 0.46153846, 0.        ]),
 array([0.        , 0.64      , 0.42857143, 0.        ]),
 array([ 0, 28, 13,  1]))
-----EXPERIMENT  136  END-------

-----EXPERIMENT  137  START-----
Percent of test data included in training:  0.95
Training Data:  ('../dataset/raw/pitsC.csv', '../dataset/raw/pitsD.csv')
Average
Precision | Recall | F-Score
(0.6493855606758833, 0.6666666666666666, 0.6543495806576132, None)

By Severity
Precision | Recall | F-Score
(array([0.        , 0.74193548, 0.5       , 0.        ]),
 array([0.        , 0.82142857, 0.38461538, 0.        ]),
 array([0.        , 0.77966102, 0.43478261, 0.        ]),
 array([ 0, 28, 13,  1]))
-----EXPERIMENT  137  END-------

-----EXPERIMENT  138  START-----
Percent of test data included in training:  0.95
Training Data:  ('../dataset/raw/pitsC.csv', '../dataset/raw/pitsF.csv')
Average
Precision | Recall | F-Score
(0.5973362525086663, 0.5714285714285714, 0.580390369864054, None)

By Severity
Precision | Recall | F-Score
(array([0.        , 0.68965517, 0.44444444, 0.        ]),
 array([0.        , 0.71428571, 0.30769231, 0.        ]),
 array([0.        , 0.70175439, 0.36363636, 0.        ]),
 array([ 0, 28, 13,  1]))
-----EXPERIMENT  138  END-------

-----EXPERIMENT  139  START-----
Percent of test data included in training:  0.95
Training Data:  ('../dataset/raw/pitsD.csv', '../dataset/raw/pitsF.csv')
Average
Precision | Recall | F-Score
(0.6645962732919255, 0.5714285714285714, 0.6134453781512605, None)

By Severity
Precision | Recall | F-Score
(array([0.        , 0.7826087 , 0.46153846, 0.        ]),
 array([0.        , 0.64285714, 0.46153846, 0.        ]),
 array([0.        , 0.70588235, 0.46153846, 0.        ]),
 array([ 0, 28, 13,  1]))
-----EXPERIMENT  139  END-------

-----EXPERIMENT  140  START-----
Percent of test data included in training:  0.95
Training Data:  ('../dataset/raw/pitsA.csv', '../dataset/raw/pitsB.csv', '../dataset/raw/pitsC.csv')
Average
Precision | Recall | F-Score
(0.6485890652557319, 0.6428571428571429, 0.6453423120089787, None)

By Severity
Precision | Recall | F-Score
(array([0.        , 0.74074074, 0.5       , 0.        ]),
 array([0.        , 0.71428571, 0.53846154, 0.        ]),
 array([0.        , 0.72727273, 0.51851852, 0.        ]),
 array([ 0, 28, 13,  1]))
-----EXPERIMENT  140  END-------

-----EXPERIMENT  141  START-----
Percent of test data included in training:  0.95
Training Data:  ('../dataset/raw/pitsA.csv', '../dataset/raw/pitsB.csv', '../dataset/raw/pitsD.csv')
Average
Precision | Recall | F-Score
(0.5953127332437677, 0.5952380952380952, 0.5944026733500419, None)

By Severity
Precision | Recall | F-Score
(array([0.        , 0.72413793, 0.36363636, 0.        ]),
 array([0.        , 0.75      , 0.30769231, 0.        ]),
 array([0.        , 0.73684211, 0.33333333, 0.        ]),
 array([ 0, 28, 13,  1]))
-----EXPERIMENT  141  END-------

-----EXPERIMENT  142  START-----
Percent of test data included in training:  0.95
Training Data:  ('../dataset/raw/pitsA.csv', '../dataset/raw/pitsB.csv', '../dataset/raw/pitsF.csv')
Average
Precision | Recall | F-Score
(0.5796800201562106, 0.5714285714285714, 0.5752445085778419, None)

By Severity
Precision | Recall | F-Score
(array([0.        , 0.7037037 , 0.35714286, 0.        ]),
 array([0.        , 0.67857143, 0.38461538, 0.        ]),
 array([0.        , 0.69090909, 0.37037037, 0.        ]),
 array([ 0, 28, 13,  1]))
-----EXPERIMENT  142  END-------

-----EXPERIMENT  143  START-----
Percent of test data included in training:  0.95
Training Data:  ('../dataset/raw/pitsA.csv', '../dataset/raw/pitsC.csv', '../dataset/raw/pitsD.csv')
Average
Precision | Recall | F-Score
(0.4, 0.5, 0.44444444444444436, None)

By Severity
Precision | Recall | F-Score
(array([0. , 0.6, 0. , 0. ]),
 array([0.  , 0.75, 0.  , 0.  ]),
 array([0.        , 0.66666667, 0.        , 0.        ]),
 array([ 0, 28, 13,  1]))
-----EXPERIMENT  143  END-------

-----EXPERIMENT  144  START-----
Percent of test data included in training:  0.95
Training Data:  ('../dataset/raw/pitsA.csv', '../dataset/raw/pitsC.csv', '../dataset/raw/pitsF.csv')
Average
Precision | Recall | F-Score
(0.5141625615763546, 0.5238095238095238, 0.5187301587301587, None)

By Severity
Precision | Recall | F-Score
(array([0.        , 0.65517241, 0.25      , 0.        ]),
 array([0.        , 0.67857143, 0.23076923, 0.        ]),
 array([0.        , 0.66666667, 0.24      , 0.        ]),
 array([ 0, 28, 13,  1]))
-----EXPERIMENT  144  END-------

-----EXPERIMENT  145  START-----
Percent of test data included in training:  0.95
Training Data:  ('../dataset/raw/pitsA.csv', '../dataset/raw/pitsD.csv', '../dataset/raw/pitsF.csv')
Average
Precision | Recall | F-Score
(0.41250854408749144, 0.35714285714285715, 0.37803571428571425, None)

By Severity
Precision | Recall | F-Score
(array([0.        , 0.54545455, 0.15789474, 0.        ]),
 array([0.        , 0.42857143, 0.23076923, 0.        ]),
 array([0.    , 0.48  , 0.1875, 0.    ]),
 array([ 0, 28, 13,  1]))
-----EXPERIMENT  145  END-------

-----EXPERIMENT  146  START-----
Percent of test data included in training:  0.95
Training Data:  ('../dataset/raw/pitsB.csv', '../dataset/raw/pitsC.csv', '../dataset/raw/pitsD.csv')
Average
Precision | Recall | F-Score
(0.6168831168831169, 0.5952380952380952, 0.6051587301587301, None)

By Severity
Precision | Recall | F-Score
(array([0.        , 0.71428571, 0.45454545, 0.        ]),
 array([0.        , 0.71428571, 0.38461538, 0.        ]),
 array([0.        , 0.71428571, 0.41666667, 0.        ]),
 array([ 0, 28, 13,  1]))
-----EXPERIMENT  146  END-------

-----EXPERIMENT  147  START-----
Percent of test data included in training:  0.95
Training Data:  ('../dataset/raw/pitsB.csv', '../dataset/raw/pitsC.csv', '../dataset/raw/pitsF.csv')
Average
Precision | Recall | F-Score
(0.5074884792626728, 0.5238095238095238, 0.5109343172297167, None)

By Severity
Precision | Recall | F-Score
(array([0.        , 0.64516129, 0.25      , 0.        ]),
 array([0.        , 0.71428571, 0.15384615, 0.        ]),
 array([0.        , 0.6779661 , 0.19047619, 0.        ]),
 array([ 0, 28, 13,  1]))
-----EXPERIMENT  147  END-------

-----EXPERIMENT  148  START-----
Percent of test data included in training:  0.95
Training Data:  ('../dataset/raw/pitsB.csv', '../dataset/raw/pitsD.csv', '../dataset/raw/pitsF.csv')
Average
Precision | Recall | F-Score
(0.5202380952380953, 0.5476190476190477, 0.5232804232804232, None)

By Severity
Precision | Recall | F-Score
(array([0.    , 0.6875, 0.2   , 0.    ]),
 array([0.        , 0.78571429, 0.07692308, 0.        ]),
 array([0.        , 0.73333333, 0.11111111, 0.        ]),
 array([ 0, 28, 13,  1]))
-----EXPERIMENT  148  END-------

-----EXPERIMENT  149  START-----
Percent of test data included in training:  0.95
Training Data:  ('../dataset/raw/pitsC.csv', '../dataset/raw/pitsD.csv', '../dataset/raw/pitsF.csv')
Average
Precision | Recall | F-Score
(0.5992063492063492, 0.5714285714285714, 0.5776839471420752, None)

By Severity
Precision | Recall | F-Score
(array([0.        , 0.66666667, 0.5       , 0.        ]),
 array([0.        , 0.71428571, 0.30769231, 0.        ]),
 array([0.        , 0.68965517, 0.38095238, 0.        ]),
 array([ 0, 28, 13,  1]))
-----EXPERIMENT  149  END-------

-----EXPERIMENT  150  START-----
Percent of test data included in training:  0.95
Training Data:  ('../dataset/raw/pitsA.csv', '../dataset/raw/pitsB.csv', '../dataset/raw/pitsC.csv', '../dataset/raw/pitsD.csv')
Average
Precision | Recall | F-Score
(0.6420833333333333, 0.6190476190476191, 0.6274127087399697, None)

By Severity
Precision | Recall | F-Score
(array([0.    , 0.76  , 0.4375, 0.    ]),
 array([0.        , 0.67857143, 0.53846154, 0.        ]),
 array([0.        , 0.71698113, 0.48275862, 0.        ]),
 array([ 0, 28, 13,  1]))
-----EXPERIMENT  150  END-------

-----EXPERIMENT  151  START-----
Percent of test data included in training:  0.95
Training Data:  ('../dataset/raw/pitsA.csv', '../dataset/raw/pitsB.csv', '../dataset/raw/pitsC.csv', '../dataset/raw/pitsF.csv')
Average
Precision | Recall | F-Score
(0.6109022556390977, 0.6666666666666666, 0.5980816569051862, None)

By Severity
Precision | Recall | F-Score
(array([0.        , 0.68421053, 0.5       , 0.        ]),
 array([0.        , 0.92857143, 0.15384615, 0.        ]),
 array([0.        , 0.78787879, 0.23529412, 0.        ]),
 array([ 0, 28, 13,  1]))
-----EXPERIMENT  151  END-------

-----EXPERIMENT  152  START-----
Percent of test data included in training:  0.95
Training Data:  ('../dataset/raw/pitsA.csv', '../dataset/raw/pitsB.csv', '../dataset/raw/pitsD.csv', '../dataset/raw/pitsF.csv')
Average
Precision | Recall | F-Score
(0.5590062111801243, 0.47619047619047616, 0.5135387488328665, None)

By Severity
Precision | Recall | F-Score
(array([0.        , 0.69565217, 0.30769231, 0.        ]),
 array([0.        , 0.57142857, 0.30769231, 0.        ]),
 array([0.        , 0.62745098, 0.30769231, 0.        ]),
 array([ 0, 28, 13,  1]))
-----EXPERIMENT  152  END-------

-----EXPERIMENT  153  START-----
Percent of test data included in training:  0.95
Training Data:  ('../dataset/raw/pitsA.csv', '../dataset/raw/pitsC.csv', '../dataset/raw/pitsD.csv', '../dataset/raw/pitsF.csv')
Average
Precision | Recall | F-Score
(0.4942324755989353, 0.42857142857142855, 0.4577238302728499, None)

By Severity
Precision | Recall | F-Score
(array([0.        , 0.60869565, 0.28571429, 0.        ]),
 array([0.        , 0.5       , 0.30769231, 0.        ]),
 array([0.        , 0.54901961, 0.2962963 , 0.        ]),
 array([ 0, 28, 13,  1]))
-----EXPERIMENT  153  END-------

-----EXPERIMENT  154  START-----
Percent of test data included in training:  0.95
Training Data:  ('../dataset/raw/pitsB.csv', '../dataset/raw/pitsC.csv', '../dataset/raw/pitsD.csv', '../dataset/raw/pitsF.csv')
Average
Precision | Recall | F-Score
(0.469030969030969, 0.42857142857142855, 0.4477513227513227, None)

By Severity
Precision | Recall | F-Score
(array([0.        , 0.57692308, 0.27272727, 0.        ]),
 array([0.        , 0.53571429, 0.23076923, 0.        ]),
 array([0.        , 0.55555556, 0.25      , 0.        ]),
 array([ 0, 28, 13,  1]))
-----EXPERIMENT  154  END-------

-----EXPERIMENT  155  START-----
Percent of test data included in training:  0.95
Training Data:  ('../dataset/raw/pitsA.csv', '../dataset/raw/pitsB.csv', '../dataset/raw/pitsC.csv', '../dataset/raw/pitsD.csv', '../dataset/raw/pitsF.csv')
Average
Precision | Recall | F-Score
(0.5634920634920635, 0.5476190476190477, 0.5554112554112555, None)

By Severity
Precision | Recall | F-Score
(array([0.        , 0.66666667, 0.38461538, 0.        ]),
 array([0.        , 0.64285714, 0.38461538, 0.        ]),
 array([0.        , 0.65454545, 0.38461538, 0.        ]),
 array([ 0, 28, 13,  1]))
-----EXPERIMENT  155  END-------

Tue Mar 12 03:05:51 2019
TOTAL RUNTIME:  4923.372169494629 s

